<?xml version="1.0" encoding="UTF-8"?>
  <testsuites tests="96" disabled="47" errors="0" failures="0" time="4355.467655847">
      <testsuite name="Sequential Suite" package="/testsuites/gitops-operator/test/openshift/e2e/ginkgo/sequential" tests="96" disabled="0" skipped="47" errors="0" failures="0" time="4355.467655847" timestamp="2026-05-11T05:48:03">
          <properties>
[...]
</properties>
          <testcase name="[BeforeSuite]" classname="Sequential Suite" status="passed" time="0.000156633">
              <system-err>&gt; Enter [BeforeSuite] TOP-LEVEL - /testsuites/gitops-operator/test/openshift/e2e/ginkgo/sequential/suite_test.go:42 @ 05/11/26 05:48:03.702&#xA;&lt; Exit [BeforeSuite] TOP-LEVEL - /testsuites/gitops-operator/test/openshift/e2e/ginkgo/sequential/suite_test.go:42 @ 05/11/26 05:48:03.702 (0s)&#xA;</system-err>
          </testcase>
          <testcase name="[It] GitOps Operator Sequential E2E Tests 1-026-validate_backend_service_permissions validates backend service permissions" classname="Sequential Suite" status="passed" time="10.282178557">
              <system-err>&gt; Enter [BeforeEach] 1-026-validate_backend_service_permissions - /testsuites/gitops-operator/test/openshift/e2e/ginkgo/sequential/1-026-validate_backend_service_permissions_test.go:18 @ 05/11/26 05:48:03.703&#xA;Object exists in ExistByName: openshift-gitops&#xA;ArgoCD status is now Available&#xA;&lt; Exit [BeforeEach] 1-026-validate_backend_service_permissions - /testsuites/gitops-operator/test/openshift/e2e/ginkgo/sequential/1-026-validate_backend_service_permissions_test.go:18 @ 05/11/26 05:48:13.936 (10.233s)&#xA;&gt; Enter [It] validates backend service permissions - /testsuites/gitops-operator/test/openshift/e2e/ginkgo/sequential/1-026-validate_backend_service_permissions_test.go:22 @ 05/11/26 05:48:13.936&#xA;STEP: verifying that various backend-related resources exist and have the expected values - /testsuites/gitops-operator/test/openshift/e2e/ginkgo/sequential/1-026-validate_backend_service_permissions_test.go:24 @ 05/11/26 05:48:13.936&#xA;Object exists in ExistByName: cluster&#xA;Object exists in ExistByName: gitops-service-cluster&#xA;Object exists in ExistByName: gitops-service-cluster&#xA;Object exists in ExistByName: gitops-service-cluster&#xA;&lt; Exit [It] validates backend service permissions - /testsuites/gitops-operator/test/openshift/e2e/ginkgo/sequential/1-026-validate_backend_service_permissions_test.go:22 @ 05/11/26 05:48:13.985 (49ms)&#xA;</system-err>
          </testcase>
          <testcase name="[It] GitOps Operator Sequential E2E Tests 1-018_validate_disable_default_instance verifies that the default ArgoCD instance from openshift-gitops namespace is recreated when deleted manually" classname="Sequential Suite" status="passed" time="55.614390857">
              <system-err>&gt; Enter [BeforeEach] 1-018_validate_disable_default_instance - /testsuites/gitops-operator/test/openshift/e2e/ginkgo/sequential/1-018_validate_disable_default_instance_test.go:39 @ 05/11/26 05:48:13.986&#xA;Object exists in ExistByName: openshift-gitops&#xA;ArgoCD status is now Available&#xA;&lt; Exit [BeforeEach] 1-018_validate_disable_default_instance - /testsuites/gitops-operator/test/openshift/e2e/ginkgo/sequential/1-018_validate_disable_default_instance_test.go:39 @ 05/11/26 05:48:24.181 (10.195s)&#xA;&gt; Enter [It] verifies that the default ArgoCD instance from openshift-gitops namespace is recreated when deleted manually - /testsuites/gitops-operator/test/openshift/e2e/ginkgo/sequential/1-018_validate_disable_default_instance_test.go:43 @ 05/11/26 05:48:24.181&#xA;STEP: verifying that the openshift-gitops ArgoCD instance exists initially - /testsuites/gitops-operator/test/openshift/e2e/ginkgo/sequential/1-018_validate_disable_default_instance_test.go:48 @ 05/11/26 05:48:24.195&#xA;Object exists in ExistByName: openshift-gitops&#xA;ArgoCD status is now Available&#xA;STEP: verifying associated deployments exist - /testsuites/gitops-operator/test/openshift/e2e/ginkgo/sequential/1-018_validate_disable_default_instance_test.go:52 @ 05/11/26 05:48:34.227&#xA;Object exists in ExistByName: openshift-gitops-server&#xA;Object exists in ExistByName: openshift-gitops-redis&#xA;Object exists in ExistByName: openshift-gitops-repo-server&#xA;Object exists in ExistByName: openshift-gitops-applicationset-controller&#xA;Object exists in ExistByName: openshift-gitops-application-controller&#xA;STEP: manually deleting the openshift-gitops ArgoCD instance - /testsuites/gitops-operator/test/openshift/e2e/ginkgo/sequential/1-018_validate_disable_default_instance_test.go:75 @ 05/11/26 05:48:34.291&#xA;STEP: verifying ArgoCD CR gets recreated automatically by the operator - /testsuites/gitops-operator/test/openshift/e2e/ginkgo/sequential/1-018_validate_disable_default_instance_test.go:80 @ 05/11/26 05:48:34.311&#xA;Object exists in ExistByName: openshift-gitops&#xA;ArgoCD status is not yet Available&#xA;ArgoCD status is not yet Available&#xA;ArgoCD status is not yet Available&#xA;ArgoCD status is not yet Available&#xA;ArgoCD status is not yet Available&#xA;ArgoCD status is now Available&#xA;STEP: verifying deployments and statefulset are recreated and become ready - /testsuites/gitops-operator/test/openshift/e2e/ginkgo/sequential/1-018_validate_disable_default_instance_test.go:90 @ 05/11/26 05:49:09.453&#xA;Object exists in ExistByName: openshift-gitops-server&#xA;Deployment  openshift-gitops-server - HaveReadyReplicas: expected:  1 actual:  1&#xA;Object exists in ExistByName: openshift-gitops-redis&#xA;Deployment  openshift-gitops-redis - HaveReadyReplicas: expected:  1 actual:  1&#xA;Object exists in ExistByName: openshift-gitops-repo-server&#xA;Deployment  openshift-gitops-repo-server - HaveReadyReplicas: expected:  1 actual:  1&#xA;Object exists in ExistByName: openshift-gitops-applicationset-controller&#xA;Deployment  openshift-gitops-applicationset-controller - HaveReadyReplicas: expected:  1 actual:  1&#xA;Object exists in ExistByName: openshift-gitops-application-controller&#xA;StatefulSet HaveReadyReplicas: expected:  1 actual:  1&#xA;&lt; Exit [It] verifies that the default ArgoCD instance from openshift-gitops namespace is recreated when deleted manually - /testsuites/gitops-operator/test/openshift/e2e/ginkgo/sequential/1-018_validate_disable_default_instance_test.go:43 @ 05/11/26 05:49:09.6 (45.419s)&#xA;</system-err>
          </testcase>
          <testcase name="[It] GitOps Operator Sequential E2E Tests 1-018_validate_disable_default_instance verifies that DISABLE_DEFAULT_ARGOCD_INSTANCE env var will delete the argo cd instance from openshift-gitops, and that default Argo CD instance will be restored when the env var is removed" classname="Sequential Suite" status="passed" time="114.097058762">
              <system-err>&gt; Enter [BeforeEach] 1-018_validate_disable_default_instance - /testsuites/gitops-operator/test/openshift/e2e/ginkgo/sequential/1-018_validate_disable_default_instance_test.go:39 @ 05/11/26 05:49:09.6&#xA;Object exists in ExistByName: openshift-gitops&#xA;ArgoCD status is now Available&#xA;&lt; Exit [BeforeEach] 1-018_validate_disable_default_instance - /testsuites/gitops-operator/test/openshift/e2e/ginkgo/sequential/1-018_validate_disable_default_instance_test.go:39 @ 05/11/26 05:49:19.795 (10.195s)&#xA;&gt; Enter [It] verifies that DISABLE_DEFAULT_ARGOCD_INSTANCE env var will delete the argo cd instance from openshift-gitops, and that default Argo CD instance will be restored when the env var is removed - /testsuites/gitops-operator/test/openshift/e2e/ginkgo/sequential/1-018_validate_disable_default_instance_test.go:103 @ 05/11/26 05:49:19.795&#xA;Object exists in ExistByName: openshift-gitops&#xA;STEP: disabling default Argo CD instance via env var - /testsuites/gitops-operator/test/openshift/e2e/ginkgo/sequential/1-018_validate_disable_default_instance_test.go:113 @ 05/11/26 05:49:19.823&#xA;STEP: verifying operator restarts with DISABLE_DEFAULT_ARGOCD_INSTANCE set - /testsuites/gitops-operator/test/openshift/e2e/ginkgo/sequential/1-018_validate_disable_default_instance_test.go:117 @ 05/11/26 05:49:19.863&#xA;Object exists in ExistByName: openshift-gitops-operator-controller-manager&#xA;HaveContainerWithEnvVar - Key  DISABLE_DEFAULT_ARGOCD_INSTANCE  Expected: true Actual: true&#xA;Deployment openshift-gitops-operator-controller-manager - HaveReplicas: expected:  1 actual:  2&#xA;Deployment openshift-gitops-operator-controller-manager - HaveReplicas: expected:  1 actual:  2&#xA;Deployment openshift-gitops-operator-controller-manager - HaveReplicas: expected:  1 actual:  2&#xA;Deployment openshift-gitops-operator-controller-manager - HaveReplicas: expected:  1 actual:  2&#xA;Deployment openshift-gitops-operator-controller-manager - HaveReplicas: expected:  1 actual:  1&#xA;Deployment HaveAvailableReplicas: expected:  1 actual:  1&#xA;Deployment  openshift-gitops-operator-controller-manager - HaveReadyReplicas: expected:  1 actual:  1&#xA;STEP: verifying ArgoCD CR no longer exists - /testsuites/gitops-operator/test/openshift/e2e/ginkgo/sequential/1-018_validate_disable_default_instance_test.go:130 @ 05/11/26 05:49:35.037&#xA;STEP: verifying Argo CD gitops service Deployment no longer exists - /testsuites/gitops-operator/test/openshift/e2e/ginkgo/sequential/1-018_validate_disable_default_instance_test.go:139 @ 05/11/26 05:49:53.175&#xA;STEP: remove the DISABLE_DEFAULT_ARGOCD_INSTANCE env var we set above - /testsuites/gitops-operator/test/openshift/e2e/ginkgo/sequential/1-018_validate_disable_default_instance_test.go:148 @ 05/11/26 05:49:53.192&#xA;Object does not exists in ExistByName: openshift-gitops argocds.argoproj.io &#34;openshift-gitops&#34; not found&#xA;Object does not exists in ExistByName: openshift-gitops argocds.argoproj.io &#34;openshift-gitops&#34; not found&#xA;Object does not exists in ExistByName: openshift-gitops argocds.argoproj.io &#34;openshift-gitops&#34; not found&#xA;Object does not exists in ExistByName: openshift-gitops argocds.argoproj.io &#34;openshift-gitops&#34; not found&#xA;Object does not exists in ExistByName: openshift-gitops argocds.argoproj.io &#34;openshift-gitops&#34; not found&#xA;Object does not exists in ExistByName: openshift-gitops argocds.argoproj.io &#34;openshift-gitops&#34; not found&#xA;Object does not exists in ExistByName: openshift-gitops argocds.argoproj.io &#34;openshift-gitops&#34; not found&#xA;Object exists in ExistByName: openshift-gitops&#xA;ArgoCD status is not yet Available&#xA;ArgoCD status is not yet Available&#xA;ArgoCD status is not yet Available&#xA;ArgoCD status is not yet Available&#xA;ArgoCD status is not yet Available&#xA;ArgoCD status is now Available&#xA;STEP: verifying deployment and statefulset have expected number of replicas, including the repo server which should have 2 - /testsuites/gitops-operator/test/openshift/e2e/ginkgo/sequential/1-018_validate_disable_default_instance_test.go:154 @ 05/11/26 05:51:03.514&#xA;Object exists in ExistByName: openshift-gitops-server&#xA;Deployment openshift-gitops-server - HaveReplicas: expected:  1 actual:  1&#xA;Deployment  openshift-gitops-server - HaveReadyReplicas: expected:  1 actual:  1&#xA;Object exists in ExistByName: openshift-gitops-redis&#xA;Deployment openshift-gitops-redis - HaveReplicas: expected:  1 actual:  1&#xA;Deployment  openshift-gitops-redis - HaveReadyReplicas: expected:  1 actual:  1&#xA;Object exists in ExistByName: openshift-gitops-repo-server&#xA;Deployment openshift-gitops-repo-server - HaveReplicas: expected:  1 actual:  1&#xA;Deployment  openshift-gitops-repo-server - HaveReadyReplicas: expected:  1 actual:  1&#xA;Object exists in ExistByName: openshift-gitops-applicationset-controller&#xA;Deployment openshift-gitops-applicationset-controller - HaveReplicas: expected:  1 actual:  1&#xA;Deployment  openshift-gitops-applicationset-controller - HaveReadyReplicas: expected:  1 actual:  1&#xA;Object exists in ExistByName: openshift-gitops-application-controller&#xA;StatefulSet HaveReplicas: expected:  1 actual:  1&#xA;StatefulSet HaveReadyReplicas: expected:  1 actual:  1&#xA;&lt; Exit [It] verifies that DISABLE_DEFAULT_ARGOCD_INSTANCE env var will delete the argo cd instance from openshift-gitops, and that default Argo CD instance will be restored when the env var is removed - /testsuites/gitops-operator/test/openshift/e2e/ginkgo/sequential/1-018_validate_disable_default_instance_test.go:103 @ 05/11/26 05:51:03.697 (1m43.902s)&#xA;</system-err>
          </testcase>
          <testcase name="[It] GitOps Operator Sequential E2E Tests 1-008_validate-4.9CI-Failures verifies 4.9 CI failures" classname="Sequential Suite" status="passed" time="55.551862856">
              <system-err>&gt; Enter [BeforeEach] 1-008_validate-4.9CI-Failures - /testsuites/gitops-operator/test/openshift/e2e/ginkgo/sequential/1-008_validate-4.9CI-Failures_test.go:47 @ 05/11/26 05:51:03.697&#xA;Object exists in ExistByName: openshift-gitops&#xA;ArgoCD status is now Available&#xA;&lt; Exit [BeforeEach] 1-008_validate-4.9CI-Failures - /testsuites/gitops-operator/test/openshift/e2e/ginkgo/sequential/1-008_validate-4.9CI-Failures_test.go:47 @ 05/11/26 05:51:13.898 (10.201s)&#xA;&gt; Enter [It] verifies 4.9 CI failures - /testsuites/gitops-operator/test/openshift/e2e/ginkgo/sequential/1-008_validate-4.9CI-Failures_test.go:53 @ 05/11/26 05:51:13.898&#xA;STEP: creating namespace &#39;source-ns&#39; - /testsuites/gitops-operator/test/openshift/e2e/ginkgo/fixture/fixture.go:283 @ 05/11/26 05:51:13.909&#xA;STEP: creating simple namespace-scoped ArgoCD instance with route enabled - /testsuites/gitops-operator/test/openshift/e2e/ginkgo/sequential/1-008_validate-4.9CI-Failures_test.go:57 @ 05/11/26 05:51:13.915&#xA;STEP: creating target-ns namespace which we will deploy into - /testsuites/gitops-operator/test/openshift/e2e/ginkgo/sequential/1-008_validate-4.9CI-Failures_test.go:70 @ 05/11/26 05:51:13.933&#xA;HavePhase: expected: Available / actual: &#xA;HavePhase: expected: Available / actual: Pending&#xA;HavePhase: expected: Available / actual: Pending&#xA;HavePhase: expected: Available / actual: Pending&#xA;HavePhase: expected: Available / actual: Pending&#xA;HavePhase: expected: Available / actual: Pending&#xA;HavePhase: expected: Available / actual: Pending&#xA;HavePhase: expected: Available / actual: Available&#xA;STEP: ensuring default AppProject exists in source-ns - /testsuites/gitops-operator/test/openshift/e2e/ginkgo/sequential/1-008_validate-4.9CI-Failures_test.go:75 @ 05/11/26 05:51:49.11&#xA;Object exists in ExistByName: default&#xA;STEP: ensuring Roles are created in target-ns, which indicates that it is successfully managed - /testsuites/gitops-operator/test/openshift/e2e/ginkgo/sequential/1-008_validate-4.9CI-Failures_test.go:81 @ 05/11/26 05:51:49.124&#xA;Object exists in ExistByName: argocd-argocd-application-controller&#xA;Object exists in ExistByName: argocd-argocd-server&#xA;Object exists in ExistByName: argocd-argocd-application-controller&#xA;Object exists in ExistByName: argocd-argocd-server&#xA;STEP: creating unrestricted role/rolebinding in source-ns NS for source-ns application-controller ServiceAccount - /testsuites/gitops-operator/test/openshift/e2e/ginkgo/sequential/1-008_validate-4.9CI-Failures_test.go:101 @ 05/11/26 05:51:49.172&#xA;STEP: verifying the role and rolebinding that we created exist - /testsuites/gitops-operator/test/openshift/e2e/ginkgo/sequential/1-008_validate-4.9CI-Failures_test.go:123 @ 05/11/26 05:51:49.185&#xA;STEP: creating Argo CD Application which tries to deploy from source-ns instance to target-ns NS - /testsuites/gitops-operator/test/openshift/e2e/ginkgo/sequential/1-008_validate-4.9CI-Failures_test.go:148 @ 05/11/26 05:51:49.19&#xA;STEP: verifying Argo CD in source-ns is able to deploy to managed namespace target-ns - /testsuites/gitops-operator/test/openshift/e2e/ginkgo/sequential/1-008_validate-4.9CI-Failures_test.go:169 @ 05/11/26 05:51:49.197&#xA;HaveHealthStatusCode - current health:  / expected health: Healthy&#xA;HaveHealthStatusCode - current health: Healthy / expected health: Healthy&#xA;HaveSyncStatusCode - current syncStatusCode: Synced  / expected syncStatusCode: Synced&#xA;&lt; Exit [It] verifies 4.9 CI failures - /testsuites/gitops-operator/test/openshift/e2e/ginkgo/sequential/1-008_validate-4.9CI-Failures_test.go:53 @ 05/11/26 05:51:59.249 (45.351s)&#xA;</system-err>
          </testcase>
          <testcase name="[It] GitOps Operator Sequential E2E Tests 1-113_validate_namespacemanagement should create Roles/RoleBindings when namespaceManagement is enabled from ArgoCD NamespaceManagement field" classname="Sequential Suite" status="skipped" time="0">
              <skipped message="skipped"></skipped>
          </testcase>
          <testcase name="[It] GitOps Operator Sequential E2E Tests 1-113_validate_namespacemanagement should not create Roles/RoleBindings when namespaceManagement env var is not set" classname="Sequential Suite" status="skipped" time="0">
              <skipped message="skipped"></skipped>
          </testcase>
          <testcase name="[It] GitOps Operator Sequential E2E Tests 1-113_validate_namespacemanagement Should not create Roles/RoleBindings when namespaceManagement is disabled via the ArgoCD NamespaceManagement.AllowManagedBy field." classname="Sequential Suite" status="skipped" time="0">
              <skipped message="skipped"></skipped>
          </testcase>
          <testcase name="[It] GitOps Operator Sequential E2E Tests 1-113_validate_namespacemanagement should support glob pattern(test-*) matching for managed namespaces" classname="Sequential Suite" status="skipped" time="0">
              <skipped message="skipped"></skipped>
          </testcase>
          <testcase name="[It] GitOps Operator Sequential E2E Tests 1-113_validate_namespacemanagement should clean up Roles/Rolebindings when NamespaceManagement is removed from ArgoCD" classname="Sequential Suite" status="skipped" time="0">
              <skipped message="skipped"></skipped>
          </testcase>
          <testcase name="[It] GitOps Operator Sequential E2E Tests 1-113_validate_namespacemanagement should not create Roles/RoleBindings when ArgoCD CR has no namespaceManagement field" classname="Sequential Suite" status="skipped" time="0">
              <skipped message="skipped"></skipped>
          </testcase>
          <testcase name="[It] GitOps Operator Sequential E2E Tests 1-113_validate_namespacemanagement should enable namespace management when env var is true and disable it when set to false" classname="Sequential Suite" status="skipped" time="0">
              <skipped message="skipped"></skipped>
          </testcase>
          <testcase name="[It] GitOps Operator Sequential E2E Tests 1-113_validate_namespacemanagement should create Roles/RoleBindings when AllowManagedBy is true and remove them when false" classname="Sequential Suite" status="skipped" time="0">
              <skipped message="skipped"></skipped>
          </testcase>
          <testcase name="[It] GitOps Operator Sequential E2E Tests 1-052_validate_rolebinding_number verifies RoleBindings are added to namespace-scoped Namespace when that Namespace is managed by openshift-gitops" classname="Sequential Suite" status="passed" time="96.344901067">
              <system-err>&gt; Enter [BeforeEach] 1-052_validate_rolebinding_number - /testsuites/gitops-operator/test/openshift/e2e/ginkgo/sequential/1-052_validate_rolebinding_number_test.go:34 @ 05/11/26 05:51:59.249&#xA;Deleting Namespace source-ns&#xA;Deleting Namespace target-ns&#xA;Object exists in ExistByName: openshift-gitops&#xA;ArgoCD status is now Available&#xA;&lt; Exit [BeforeEach] 1-052_validate_rolebinding_number - /testsuites/gitops-operator/test/openshift/e2e/ginkgo/sequential/1-052_validate_rolebinding_number_test.go:34 @ 05/11/26 05:52:44.467 (45.218s)&#xA;&gt; Enter [It] verifies RoleBindings are added to namespace-scoped Namespace when that Namespace is managed by openshift-gitops - /testsuites/gitops-operator/test/openshift/e2e/ginkgo/sequential/1-052_validate_rolebinding_number_test.go:38 @ 05/11/26 05:52:44.467&#xA;STEP: creating simple namespace-scoped Argo CD instance - /testsuites/gitops-operator/test/openshift/e2e/ginkgo/sequential/1-052_validate_rolebinding_number_test.go:40 @ 05/11/26 05:52:44.468&#xA;STEP: creating namespace &#39;gitops-e2e-test-e1ec3cc6-f062&#39; - /testsuites/gitops-operator/test/openshift/e2e/ginkgo/fixture/fixture.go:283 @ 05/11/26 05:52:44.479&#xA;Object does not exists in ExistByName: openshift-gitops-argocd-application-controller rolebindings.rbac.authorization.k8s.io &#34;openshift-gitops-argocd-application-controller&#34; not found&#xA;Object exists in ExistByName: openshift-gitops-argocd-application-controller&#xA;Object exists in ExistByName: openshift-gitops-argocd-server&#xA;Object exists in ExistByName: openshift-gitops-argocd-application-controller&#xA;Object exists in ExistByName: openshift-gitops-argocd-application-controller&#xA;Object exists in ExistByName: openshift-gitops-argocd-application-controller&#xA;Object exists in ExistByName: openshift-gitops-argocd-application-controller&#xA;Object exists in ExistByName: openshift-gitops-argocd-application-controller&#xA;Object exists in ExistByName: openshift-gitops-argocd-server&#xA;Object exists in ExistByName: openshift-gitops-argocd-server&#xA;Object exists in ExistByName: openshift-gitops-argocd-server&#xA;Object exists in ExistByName: openshift-gitops-argocd-server&#xA;Object exists in ExistByName: openshift-gitops-argocd-server&#xA;Deleting Namespace gitops-e2e-test-e1ec3cc6-f062&#xA;&lt; Exit [It] verifies RoleBindings are added to namespace-scoped Namespace when that Namespace is managed by openshift-gitops - /testsuites/gitops-operator/test/openshift/e2e/ginkgo/sequential/1-052_validate_rolebinding_number_test.go:38 @ 05/11/26 05:53:35.594 (51.127s)&#xA;</system-err>
          </testcase>
          <testcase name="[It] GitOps Operator Sequential E2E Tests 1-105_validate_default_argocd_route ensure that openshift-gitops Argo CD has correct default settings, and those settings can be changed which will affect the server Route" classname="Sequential Suite" status="skipped" time="0">
              <skipped message="skipped"></skipped>
          </testcase>
          <testcase name="[It] GitOps Operator Sequential E2E Tests 1-085_validate_dynamic_plugin_installation enables Dynamic plugin via modifying CSV, then verifies the gitops plugin resources are installed as expected" classname="Sequential Suite" status="skipped" time="0">
              <skipped message="skipped"></skipped>
          </testcase>
          <testcase name="[It] GitOps Operator Sequential E2E Tests 1-020_validate_redis_ha_nonha validates Redis HA and Non-HA" classname="Sequential Suite" status="skipped" time="0">
              <skipped message="skipped"></skipped>
          </testcase>
          <testcase name="[It] GitOps Operator Sequential E2E Tests 1-004_validate_argocd_installation verifies that default openshift-gitops Argo CD instance becomes available after modifying .spec.controller.processors.operation value" classname="Sequential Suite" status="passed" time="44.35454929">
              <system-err>&gt; Enter [BeforeEach] 1-004_validate_argocd_installation - /testsuites/gitops-operator/test/openshift/e2e/ginkgo/sequential/1-004_validate_argocd_installation_test.go:32 @ 05/11/26 05:53:35.594&#xA;Object exists in ExistByName: openshift-gitops&#xA;ArgoCD status is now Available&#xA;&lt; Exit [BeforeEach] 1-004_validate_argocd_installation - /testsuites/gitops-operator/test/openshift/e2e/ginkgo/sequential/1-004_validate_argocd_installation_test.go:32 @ 05/11/26 05:53:45.814 (10.219s)&#xA;&gt; Enter [It] verifies that default openshift-gitops Argo CD instance becomes available after modifying .spec.controller.processors.operation value - /testsuites/gitops-operator/test/openshift/e2e/ginkgo/sequential/1-004_validate_argocd_installation_test.go:36 @ 05/11/26 05:53:45.814&#xA;STEP: verifying default openshift-gitops Argo CD instance is available - /testsuites/gitops-operator/test/openshift/e2e/ginkgo/sequential/1-004_validate_argocd_installation_test.go:38 @ 05/11/26 05:53:45.814&#xA;ArgoCD status is now Available&#xA;STEP: modifying Argo CD instance app controller operation processors to 20 - /testsuites/gitops-operator/test/openshift/e2e/ginkgo/sequential/1-004_validate_argocd_installation_test.go:45 @ 05/11/26 05:53:55.855&#xA;STEP: verifying app controller instance becomes available - /testsuites/gitops-operator/test/openshift/e2e/ginkgo/sequential/1-004_validate_argocd_installation_test.go:56 @ 05/11/26 05:54:02.886&#xA;ArgoCD status is now Available&#xA;&lt; Exit [It] verifies that default openshift-gitops Argo CD instance becomes available after modifying .spec.controller.processors.operation value - /testsuites/gitops-operator/test/openshift/e2e/ginkgo/sequential/1-004_validate_argocd_installation_test.go:36 @ 05/11/26 05:54:19.949 (34.135s)&#xA;</system-err>
          </testcase>
          <testcase name="[It] GitOps Operator Sequential E2E Tests 1-106_validate_argocd_metrics_controller verifies Argo CD metrics can be disabled and re-enabled" classname="Sequential Suite" status="skipped" time="0">
              <skipped message="skipped"></skipped>
          </testcase>
          <testcase name="[It] GitOps Operator Sequential E2E Tests 1-003_validate_cluster_config verifies that adding namespaces to ARGOCD_CLUSTER_CONFIG_NAMESPACES will cause clusterrole and clusterrolebinding to be created for server, app controller, and application set" classname="Sequential Suite" status="skipped" time="0">
              <skipped message="skipped"></skipped>
          </testcase>
          <testcase name="[It] GitOps Operator Sequential E2E Tests 1-122_validate_namespace Should validate namespace for new resources" classname="Sequential Suite" status="skipped" time="0">
              <skipped message="skipped"></skipped>
          </testcase>
          <testcase name="[It] GitOps Operator Sequential E2E Tests 1-122_validate_namespace Should validate namespace for existing resources" classname="Sequential Suite" status="skipped" time="0">
              <skipped message="skipped"></skipped>
          </testcase>
          <testcase name="[It] GitOps Operator Sequential E2E Tests 1-036_validate_role_rolebinding_for_source_namespace verifies that ArgoCD CR &#39;.spec.sourceNamespaces&#39; field wildcard-matching matches and manages only namespaces which match the wildcard" classname="Sequential Suite" status="skipped" time="0">
              <skipped message="skipped"></skipped>
          </testcase>
          <testcase name="[It] GitOps Operator Sequential E2E Tests 1-123_validate_list_order_comparison Should not trigger updates when only list order differs" classname="Sequential Suite" status="passed" time="30.304018861">
              <system-err>&gt; Enter [BeforeEach] 1-123_validate_list_order_comparison - /testsuites/gitops-operator/test/openshift/e2e/ginkgo/sequential/1-123_validate_list_order_comparison_test.go:84 @ 05/11/26 05:54:19.949&#xA;Object exists in ExistByName: openshift-gitops&#xA;ArgoCD status is now Available&#xA;&lt; Exit [BeforeEach] 1-123_validate_list_order_comparison - /testsuites/gitops-operator/test/openshift/e2e/ginkgo/sequential/1-123_validate_list_order_comparison_test.go:84 @ 05/11/26 05:54:30.156 (10.207s)&#xA;&gt; Enter [It] Should not trigger updates when only list order differs - /testsuites/gitops-operator/test/openshift/e2e/ginkgo/sequential/1-123_validate_list_order_comparison_test.go:120 @ 05/11/26 05:54:30.156&#xA;Object exists in ExistByName: gitops-plugin&#xA;Deployment  gitops-plugin - HaveReadyReplicas: expected:  1 actual:  1&#xA;STEP: capturing initial state before simulating etcd order change - /testsuites/gitops-operator/test/openshift/e2e/ginkgo/sequential/1-123_validate_list_order_comparison_test.go:137 @ 05/11/26 05:54:30.182&#xA;STEP: simulating etcd returning lists in different order - /testsuites/gitops-operator/test/openshift/e2e/ginkgo/sequential/1-123_validate_list_order_comparison_test.go:150 @ 05/11/26 05:54:30.185&#xA;STEP: triggering reconciliation by updating GitopsService CR - /testsuites/gitops-operator/test/openshift/e2e/ginkgo/sequential/1-123_validate_list_order_comparison_test.go:191 @ 05/11/26 05:54:30.199&#xA;STEP: verifying no unnecessary update was triggered - /testsuites/gitops-operator/test/openshift/e2e/ginkgo/sequential/1-123_validate_list_order_comparison_test.go:207 @ 05/11/26 05:54:50.248&#xA;&lt; Exit [It] Should not trigger updates when only list order differs - /testsuites/gitops-operator/test/openshift/e2e/ginkgo/sequential/1-123_validate_list_order_comparison_test.go:120 @ 05/11/26 05:54:50.253 (20.097s)&#xA;&gt; Enter [AfterEach] 1-123_validate_list_order_comparison - /testsuites/gitops-operator/test/openshift/e2e/ginkgo/sequential/1-123_validate_list_order_comparison_test.go:98 @ 05/11/26 05:54:50.253&#xA;&lt; Exit [AfterEach] 1-123_validate_list_order_comparison - /testsuites/gitops-operator/test/openshift/e2e/ginkgo/sequential/1-123_validate_list_order_comparison_test.go:98 @ 05/11/26 05:54:50.253 (0s)&#xA;</system-err>
          </testcase>
          <testcase name="[It] GitOps Operator Sequential E2E Tests 1-123_validate_list_order_comparison Should trigger updates when actual changes are made" classname="Sequential Suite" status="passed" time="40.362581587">
              <system-err>&gt; Enter [BeforeEach] 1-123_validate_list_order_comparison - /testsuites/gitops-operator/test/openshift/e2e/ginkgo/sequential/1-123_validate_list_order_comparison_test.go:84 @ 05/11/26 05:54:50.253&#xA;Object exists in ExistByName: openshift-gitops&#xA;ArgoCD status is now Available&#xA;&lt; Exit [BeforeEach] 1-123_validate_list_order_comparison - /testsuites/gitops-operator/test/openshift/e2e/ginkgo/sequential/1-123_validate_list_order_comparison_test.go:84 @ 05/11/26 05:55:00.483 (10.23s)&#xA;&gt; Enter [It] Should trigger updates when actual changes are made - /testsuites/gitops-operator/test/openshift/e2e/ginkgo/sequential/1-123_validate_list_order_comparison_test.go:217 @ 05/11/26 05:55:00.483&#xA;Object exists in ExistByName: gitops-plugin&#xA;Deployment  gitops-plugin - HaveReadyReplicas: expected:  1 actual:  1&#xA;STEP: capturing initial state before making actual change - /testsuites/gitops-operator/test/openshift/e2e/ginkgo/sequential/1-123_validate_list_order_comparison_test.go:234 @ 05/11/26 05:55:00.511&#xA;STEP: making an actual change to the deployment - /testsuites/gitops-operator/test/openshift/e2e/ginkgo/sequential/1-123_validate_list_order_comparison_test.go:242 @ 05/11/26 05:55:00.514&#xA;STEP: triggering reconciliation - /testsuites/gitops-operator/test/openshift/e2e/ginkgo/sequential/1-123_validate_list_order_comparison_test.go:258 @ 05/11/26 05:55:15.552&#xA;STEP: verifying operator corrected the image back to the expected image - /testsuites/gitops-operator/test/openshift/e2e/ginkgo/sequential/1-123_validate_list_order_comparison_test.go:273 @ 05/11/26 05:55:30.613&#xA;&lt; Exit [It] Should trigger updates when actual changes are made - /testsuites/gitops-operator/test/openshift/e2e/ginkgo/sequential/1-123_validate_list_order_comparison_test.go:217 @ 05/11/26 05:55:30.616 (30.132s)&#xA;&gt; Enter [AfterEach] 1-123_validate_list_order_comparison - /testsuites/gitops-operator/test/openshift/e2e/ginkgo/sequential/1-123_validate_list_order_comparison_test.go:98 @ 05/11/26 05:55:30.616&#xA;&lt; Exit [AfterEach] 1-123_validate_list_order_comparison - /testsuites/gitops-operator/test/openshift/e2e/ginkgo/sequential/1-123_validate_list_order_comparison_test.go:98 @ 05/11/26 05:55:30.616 (0s)&#xA;</system-err>
          </testcase>
          <testcase name="[It] GitOps Operator Sequential E2E Tests 1-035-validate_argocd_secret_repopulate verifies &#39;argocd-secret&#39; secret is regenerated and we are able to login using that Secret" classname="Sequential Suite" status="passed" time="35.093565219">
              <system-err>&gt; Enter [BeforeEach] 1-035-validate_argocd_secret_repopulate - /testsuites/gitops-operator/test/openshift/e2e/ginkgo/sequential/1-035_validate_argocd_secret_repopulate_test.go:29 @ 05/11/26 05:55:30.616&#xA;Object exists in ExistByName: openshift-gitops&#xA;ArgoCD status is now Available&#xA;&lt; Exit [BeforeEach] 1-035-validate_argocd_secret_repopulate - /testsuites/gitops-operator/test/openshift/e2e/ginkgo/sequential/1-035_validate_argocd_secret_repopulate_test.go:29 @ 05/11/26 05:55:40.944 (10.328s)&#xA;&gt; Enter [It] verifies &#39;argocd-secret&#39; secret is regenerated and we are able to login using that Secret - /testsuites/gitops-operator/test/openshift/e2e/ginkgo/sequential/1-035_validate_argocd_secret_repopulate_test.go:36 @ 05/11/26 05:55:40.944&#xA;STEP: checking OpenShift GitOps ArgoCD instance is available - /testsuites/gitops-operator/test/openshift/e2e/ginkgo/sequential/1-035_validate_argocd_secret_repopulate_test.go:38 @ 05/11/26 05:55:40.944&#xA;ArgoCD status is now Available&#xA;STEP: removing data from argocd-secret, to check that it is regenerated - /testsuites/gitops-operator/test/openshift/e2e/ginkgo/sequential/1-035_validate_argocd_secret_repopulate_test.go:43 @ 05/11/26 05:55:50.979&#xA;STEP: verifying that Secret repopulates - /testsuites/gitops-operator/test/openshift/e2e/ginkgo/sequential/1-035_validate_argocd_secret_repopulate_test.go:49 @ 05/11/26 05:55:50.998&#xA;ArgoCD status is now Available&#xA;STEP: verifying operator Deployment is ready - /testsuites/gitops-operator/test/openshift/e2e/ginkgo/sequential/1-035_validate_argocd_secret_repopulate_test.go:69 @ 05/11/26 05:56:04.036&#xA;Deployment  openshift-gitops-operator-controller-manager - HaveReadyReplicas: expected:  1 actual:  1&#xA;executing command: argocd login (...)&#xA;{&#34;level&#34;:&#34;warning&#34;,&#34;msg&#34;:&#34;Failed to invoke grpc call. Use flag --grpc-web in grpc calls. To avoid this warning message, use flag --grpc-web.&#34;,&#34;time&#34;:&#34;2026-05-11T05:56:05Z&#34;}&#xA;&#39;admin:login&#39; logged in successfully&#xA;Context &#39;openshift-gitops-server-openshift-gitops.apps.39099dae-d19f-48bb-808a-54d1f2eea114.prod.konfluxeaas.com&#39; updated&#xA;&#xA;&lt; Exit [It] verifies &#39;argocd-secret&#39; secret is regenerated and we are able to login using that Secret - /testsuites/gitops-operator/test/openshift/e2e/ginkgo/sequential/1-035_validate_argocd_secret_repopulate_test.go:36 @ 05/11/26 05:56:05.709 (24.766s)&#xA;</system-err>
          </testcase>
          <testcase name="[It] GitOps Operator Sequential E2E Tests 1-034-validate_custom_roles validates CONTROLLER_CLUSTER_ROLE and SERVER_CLUSTER_ROLE env var supports namespace-scoped instances, and that the default roles are removed" classname="Sequential Suite" status="skipped" time="0">
              <skipped message="skipped"></skipped>
          </testcase>
          <testcase name="[It] GitOps Operator Sequential E2E Tests 1-107_validate_redis_scc verifies that when Argo CD has HA enabled that the redis pods use restricted-v2 security policy" classname="Sequential Suite" status="passed" time="185.844150296">
              <system-err>&gt; Enter [BeforeEach] 1-107_validate_redis_scc - /testsuites/gitops-operator/test/openshift/e2e/ginkgo/sequential/1-107_validate_redis_scc_test.go:28 @ 05/11/26 05:56:05.709&#xA;Object exists in ExistByName: openshift-gitops&#xA;ArgoCD status is now Available&#xA;&lt; Exit [BeforeEach] 1-107_validate_redis_scc - /testsuites/gitops-operator/test/openshift/e2e/ginkgo/sequential/1-107_validate_redis_scc_test.go:28 @ 05/11/26 05:56:15.925 (10.216s)&#xA;&gt; Enter [It] verifies that when Argo CD has HA enabled that the redis pods use restricted-v2 security policy - /testsuites/gitops-operator/test/openshift/e2e/ginkgo/sequential/1-107_validate_redis_scc_test.go:35 @ 05/11/26 05:56:15.925&#xA;STEP: verifying we are running on a cluster with at least 3 nodes. This is required for Redis HA - /testsuites/gitops-operator/test/openshift/e2e/ginkgo/sequential/1-107_validate_redis_scc_test.go:37 @ 05/11/26 05:56:15.925&#xA;ExpectHasAtLeastXNodes, expected: 3 actual: 3&#xA;STEP: creating simple namespace-scoped Argo CD instance with HA enabled - /testsuites/gitops-operator/test/openshift/e2e/ginkgo/sequential/1-107_validate_redis_scc_test.go:41 @ 05/11/26 05:56:15.938&#xA;STEP: creating namespace &#39;gitops-e2e-test-9c42c506-8a0b&#39; - /testsuites/gitops-operator/test/openshift/e2e/ginkgo/fixture/fixture.go:283 @ 05/11/26 05:56:15.95&#xA;STEP: verifying HA Redis becomes available - /testsuites/gitops-operator/test/openshift/e2e/ginkgo/sequential/1-107_validate_redis_scc_test.go:54 @ 05/11/26 05:56:15.975&#xA;HaveRedisStatus: expected: Running / actual: &#xA;HaveRedisStatus: expected: Running / actual: Pending&#xA;HaveRedisStatus: expected: Running / actual: Pending&#xA;HaveRedisStatus: expected: Running / actual: Pending&#xA;HaveRedisStatus: expected: Running / actual: Pending&#xA;HaveRedisStatus: expected: Running / actual: Pending&#xA;HaveRedisStatus: expected: Running / actual: Pending&#xA;HaveRedisStatus: expected: Running / actual: Pending&#xA;HaveRedisStatus: expected: Running / actual: Pending&#xA;HaveRedisStatus: expected: Running / actual: Pending&#xA;HaveRedisStatus: expected: Running / actual: Pending&#xA;HaveRedisStatus: expected: Running / actual: Pending&#xA;HaveRedisStatus: expected: Running / actual: Pending&#xA;HaveRedisStatus: expected: Running / actual: Pending&#xA;HaveRedisStatus: expected: Running / actual: Pending&#xA;HaveRedisStatus: expected: Running / actual: Pending&#xA;HaveRedisStatus: expected: Running / actual: Pending&#xA;HaveRedisStatus: expected: Running / actual: Pending&#xA;HaveRedisStatus: expected: Running / actual: Pending&#xA;HaveRedisStatus: expected: Running / actual: Pending&#xA;HaveRedisStatus: expected: Running / actual: Pending&#xA;HaveRedisStatus: expected: Running / actual: Pending&#xA;HaveRedisStatus: expected: Running / actual: Pending&#xA;HaveRedisStatus: expected: Running / actual: Pending&#xA;HaveRedisStatus: expected: Running / actual: Pending&#xA;HaveRedisStatus: expected: Running / actual: Running&#xA;STEP: verifying that argocd-redis-ha pod has scc of restricted-v2 - /testsuites/gitops-operator/test/openshift/e2e/ginkgo/sequential/1-107_validate_redis_scc_test.go:57 @ 05/11/26 05:58:21.538&#xA;STEP: verifying that argocd-redis-ha-haproxy pod has scc of restricted-v2 - /testsuites/gitops-operator/test/openshift/e2e/ginkgo/sequential/1-107_validate_redis_scc_test.go:71 @ 05/11/26 05:58:21.543&#xA;Deleting Namespace gitops-e2e-test-9c42c506-8a0b&#xA;&lt; Exit [It] verifies that when Argo CD has HA enabled that the redis pods use restricted-v2 security policy - /testsuites/gitops-operator/test/openshift/e2e/ginkgo/sequential/1-107_validate_redis_scc_test.go:35 @ 05/11/26 05:59:11.554 (2m55.628s)&#xA;</system-err>
          </testcase>
          <testcase name="[It] GitOps Operator Sequential E2E Tests 1-074_validate_terminating_namespace_block ensures that if one managed namespace is stuck in deleting state -- due to a finalizer -- it does not block other managed namespaces from being reconciled" classname="Sequential Suite" status="skipped" time="0">
              <skipped message="skipped"></skipped>
          </testcase>
          <testcase name="[It] GitOps Operator Sequential E2E Tests 1-120_repo_server_system_ca_trust ensures that missing Secret aborts startup" classname="Sequential Suite" status="passed" time="95.813638518">
              <system-err>&gt; Enter [BeforeEach] 1-120_repo_server_system_ca_trust - /testsuites/gitops-operator/test/openshift/e2e/ginkgo/sequential/1-120_repo_server_system_ca_trust.go:86 @ 05/11/26 05:59:11.554&#xA;&lt; Exit [BeforeEach] 1-120_repo_server_system_ca_trust - /testsuites/gitops-operator/test/openshift/e2e/ginkgo/sequential/1-120_repo_server_system_ca_trust.go:86 @ 05/11/26 05:59:12.077 (524ms)&#xA;&gt; Enter [It] ensures that missing Secret aborts startup - /testsuites/gitops-operator/test/openshift/e2e/ginkgo/sequential/1-120_repo_server_system_ca_trust.go:109 @ 05/11/26 05:59:12.078&#xA;STEP: creating Argo CD instance with missing Secret - /testsuites/gitops-operator/test/openshift/e2e/ginkgo/sequential/1-120_repo_server_system_ca_trust.go:113 @ 05/11/26 05:59:12.096&#xA;HaveServerStatus: expected: Running / actual: &#xA;HaveServerStatus: expected: Running / actual: Pending&#xA;HaveServerStatus: expected: Running / actual: Pending&#xA;HaveServerStatus: expected: Running / actual: Pending&#xA;HaveServerStatus: expected: Running / actual: Pending&#xA;HaveServerStatus: expected: Running / actual: Pending&#xA;HaveServerStatus: expected: Running / actual: Pending&#xA;HaveServerStatus: expected: Running / actual: Pending&#xA;HaveServerStatus: expected: Running / actual: Pending&#xA;HaveServerStatus: expected: Running / actual: Running&#xA;HaveRepoStatus: expected: Pending / actual: Pending&#xA;HaveRepoStatus: expected: Pending / actual: Pending&#xA;HaveRepoStatus: expected: Pending / actual: Pending&#xA;HaveRepoStatus: expected: Pending / actual: Pending&#xA;ArgoCD status is not yet Available&#xA;Deleting Namespace gitops-e2e-test-24872034-7164&#xA;&lt; Exit [It] ensures that missing Secret aborts startup - /testsuites/gitops-operator/test/openshift/e2e/ginkgo/sequential/1-120_repo_server_system_ca_trust.go:109 @ 05/11/26 06:00:47.367 (1m35.29s)&#xA;&gt; Enter [AfterEach] 1-120_repo_server_system_ca_trust - /testsuites/gitops-operator/test/openshift/e2e/ginkgo/sequential/1-120_repo_server_system_ca_trust.go:105 @ 05/11/26 06:00:47.367&#xA;&lt; Exit [AfterEach] 1-120_repo_server_system_ca_trust - /testsuites/gitops-operator/test/openshift/e2e/ginkgo/sequential/1-120_repo_server_system_ca_trust.go:105 @ 05/11/26 06:00:47.367 (0s)&#xA;</system-err>
          </testcase>
          <testcase name="[It] GitOps Operator Sequential E2E Tests 1-120_repo_server_system_ca_trust ensures that ClusterTrustBundles are trusted in repo-server and plugins" classname="Sequential Suite" status="skipped" time="0.535887545">
              <skipped message="skipped - Cluster does not support ClusterTrustBundles"></skipped>
              <system-err>&gt; Enter [BeforeEach] 1-120_repo_server_system_ca_trust - /testsuites/gitops-operator/test/openshift/e2e/ginkgo/sequential/1-120_repo_server_system_ca_trust.go:86 @ 05/11/26 06:00:47.368&#xA;&lt; Exit [BeforeEach] 1-120_repo_server_system_ca_trust - /testsuites/gitops-operator/test/openshift/e2e/ginkgo/sequential/1-120_repo_server_system_ca_trust.go:86 @ 05/11/26 06:00:47.903 (536ms)&#xA;&gt; Enter [It] ensures that ClusterTrustBundles are trusted in repo-server and plugins - /testsuites/gitops-operator/test/openshift/e2e/ginkgo/sequential/1-120_repo_server_system_ca_trust.go:128 @ 05/11/26 06:00:47.903&#xA;[SKIPPED] Cluster does not support ClusterTrustBundles&#xA;In [It] at: /testsuites/gitops-operator/test/openshift/e2e/ginkgo/sequential/1-120_repo_server_system_ca_trust.go:130 @ 05/11/26 06:00:47.903&#xA;&lt; Exit [It] ensures that ClusterTrustBundles are trusted in repo-server and plugins - /testsuites/gitops-operator/test/openshift/e2e/ginkgo/sequential/1-120_repo_server_system_ca_trust.go:128 @ 05/11/26 06:00:47.904 (0s)&#xA;&gt; Enter [AfterEach] 1-120_repo_server_system_ca_trust - /testsuites/gitops-operator/test/openshift/e2e/ginkgo/sequential/1-120_repo_server_system_ca_trust.go:105 @ 05/11/26 06:00:47.904&#xA;&lt; Exit [AfterEach] 1-120_repo_server_system_ca_trust - /testsuites/gitops-operator/test/openshift/e2e/ginkgo/sequential/1-120_repo_server_system_ca_trust.go:105 @ 05/11/26 06:00:47.904 (0s)&#xA;</system-err>
          </testcase>
          <testcase name="[It] GitOps Operator Sequential E2E Tests 1-120_repo_server_system_ca_trust ensures that CMs and Secrets are trusted in repo-server and plugins" classname="Sequential Suite" status="passed" time="116.22041867">
              <system-err>&gt; Enter [BeforeEach] 1-120_repo_server_system_ca_trust - /testsuites/gitops-operator/test/openshift/e2e/ginkgo/sequential/1-120_repo_server_system_ca_trust.go:86 @ 05/11/26 06:00:47.904&#xA;&lt; Exit [BeforeEach] 1-120_repo_server_system_ca_trust - /testsuites/gitops-operator/test/openshift/e2e/ginkgo/sequential/1-120_repo_server_system_ca_trust.go:86 @ 05/11/26 06:00:48.351 (447ms)&#xA;&gt; Enter [It] ensures that CMs and Secrets are trusted in repo-server and plugins - /testsuites/gitops-operator/test/openshift/e2e/ginkgo/sequential/1-120_repo_server_system_ca_trust.go:173 @ 05/11/26 06:00:48.351&#xA;STEP: Creating ConfigManagementPlugin resources for git clone - /testsuites/gitops-operator/test/openshift/e2e/ginkgo/sequential/1-120_repo_server_system_ca_trust.go:527 @ 05/11/26 06:00:48.438&#xA;STEP: creating Argo CD instance trusting CTBs - /testsuites/gitops-operator/test/openshift/e2e/ginkgo/sequential/1-120_repo_server_system_ca_trust.go:187 @ 05/11/26 06:00:48.443&#xA;ArgoCD status is not yet Available&#xA;ArgoCD status is not yet Available&#xA;ArgoCD status is not yet Available&#xA;ArgoCD status is not yet Available&#xA;ArgoCD status is not yet Available&#xA;ArgoCD status is now Available&#xA;STEP: creating helm Application nginx - /testsuites/gitops-operator/test/openshift/e2e/ginkgo/sequential/1-120_repo_server_system_ca_trust.go:602 @ 05/11/26 06:01:38.756&#xA;STEP: creating plugin Application https-kernel-googlesource-com-pub-scm-docs-man-pages-website-git - /testsuites/gitops-operator/test/openshift/e2e/ginkgo/sequential/1-120_repo_server_system_ca_trust.go:627 @ 05/11/26 06:01:38.764&#xA;STEP: creating helm Application podinfo - /testsuites/gitops-operator/test/openshift/e2e/ginkgo/sequential/1-120_repo_server_system_ca_trust.go:602 @ 05/11/26 06:01:38.77&#xA;STEP: creating plugin Application https-github-com-argoproj-labs-argocd-operator-git - /testsuites/gitops-operator/test/openshift/e2e/ginkgo/sequential/1-120_repo_server_system_ca_trust.go:627 @ 05/11/26 06:01:38.777&#xA;HaveConditionMatching - expected: ComparisonError/.*failed to fetch chart.*; current(0):&#xA;HaveSyncStatusCode - current syncStatusCode: Unknown  / expected syncStatusCode: Unknown&#xA;HaveSyncStatusCode - current syncStatusCode: Unknown  / expected syncStatusCode: Unknown&#xA;HaveSyncStatusCode - current syncStatusCode: Synced  / expected syncStatusCode: Synced&#xA;HaveSyncStatusCode - current syncStatusCode:   / expected syncStatusCode: Synced&#xA;HaveSyncStatusCode - current syncStatusCode: Unknown  / expected syncStatusCode: Unknown&#xA;HaveSyncStatusCode - current syncStatusCode: Unknown  / expected syncStatusCode: Unknown&#xA;HaveSyncStatusCode - current syncStatusCode: Synced  / expected syncStatusCode: Synced&#xA;HaveSyncStatusCode - current syncStatusCode:   / expected syncStatusCode: Synced&#xA;HaveSyncStatusCode - current syncStatusCode: Unknown  / expected syncStatusCode: Unknown&#xA;HaveSyncStatusCode - current syncStatusCode: Unknown  / expected syncStatusCode: Unknown&#xA;HaveSyncStatusCode - current syncStatusCode: Synced  / expected syncStatusCode: Synced&#xA;HaveSyncStatusCode - current syncStatusCode: Synced  / expected syncStatusCode: Synced&#xA;Deleting Namespace gitops-e2e-test-39cf7149-d7b5&#xA;&lt; Exit [It] ensures that CMs and Secrets are trusted in repo-server and plugins - /testsuites/gitops-operator/test/openshift/e2e/ginkgo/sequential/1-120_repo_server_system_ca_trust.go:173 @ 05/11/26 06:02:44.124 (1m55.773s)&#xA;&gt; Enter [AfterEach] 1-120_repo_server_system_ca_trust - /testsuites/gitops-operator/test/openshift/e2e/ginkgo/sequential/1-120_repo_server_system_ca_trust.go:105 @ 05/11/26 06:02:44.124&#xA;&lt; Exit [AfterEach] 1-120_repo_server_system_ca_trust - /testsuites/gitops-operator/test/openshift/e2e/ginkgo/sequential/1-120_repo_server_system_ca_trust.go:105 @ 05/11/26 06:02:44.124 (0s)&#xA;</system-err>
          </testcase>
          <testcase name="[It] GitOps Operator Sequential E2E Tests 1-120_repo_server_system_ca_trust ensures that 0 trusted certs with DropImageCertificates trusts nothing" classname="Sequential Suite" status="passed" time="61.147027363">
              <system-err>&gt; Enter [BeforeEach] 1-120_repo_server_system_ca_trust - /testsuites/gitops-operator/test/openshift/e2e/ginkgo/sequential/1-120_repo_server_system_ca_trust.go:86 @ 05/11/26 06:02:44.124&#xA;&lt; Exit [BeforeEach] 1-120_repo_server_system_ca_trust - /testsuites/gitops-operator/test/openshift/e2e/ginkgo/sequential/1-120_repo_server_system_ca_trust.go:86 @ 05/11/26 06:02:44.618 (494ms)&#xA;&gt; Enter [It] ensures that 0 trusted certs with DropImageCertificates trusts nothing - /testsuites/gitops-operator/test/openshift/e2e/ginkgo/sequential/1-120_repo_server_system_ca_trust.go:222 @ 05/11/26 06:02:44.618&#xA;STEP: creating Argo CD instance with empty system trust - /testsuites/gitops-operator/test/openshift/e2e/ginkgo/sequential/1-120_repo_server_system_ca_trust.go:226 @ 05/11/26 06:02:44.634&#xA;ArgoCD status is not yet Available&#xA;ArgoCD status is not yet Available&#xA;ArgoCD status is not yet Available&#xA;ArgoCD status is not yet Available&#xA;ArgoCD status is not yet Available&#xA;ArgoCD status is now Available&#xA;STEP: creating helm Application podinfo - /testsuites/gitops-operator/test/openshift/e2e/ginkgo/sequential/1-120_repo_server_system_ca_trust.go:602 @ 05/11/26 06:03:20.197&#xA;HaveConditionMatching - expected: ComparisonError/.*tls: failed to verify certificate: x509: certificate signed by unknown authority.*; current(0):&#xA;HaveSyncStatusCode - current syncStatusCode: Unknown  / expected syncStatusCode: Unknown&#xA;Deleting Namespace gitops-e2e-test-d2431542-a2b5&#xA;&lt; Exit [It] ensures that 0 trusted certs with DropImageCertificates trusts nothing - /testsuites/gitops-operator/test/openshift/e2e/ginkgo/sequential/1-120_repo_server_system_ca_trust.go:222 @ 05/11/26 06:03:45.271 (1m0.653s)&#xA;&gt; Enter [AfterEach] 1-120_repo_server_system_ca_trust - /testsuites/gitops-operator/test/openshift/e2e/ginkgo/sequential/1-120_repo_server_system_ca_trust.go:105 @ 05/11/26 06:03:45.271&#xA;&lt; Exit [AfterEach] 1-120_repo_server_system_ca_trust - /testsuites/gitops-operator/test/openshift/e2e/ginkgo/sequential/1-120_repo_server_system_ca_trust.go:105 @ 05/11/26 06:03:45.271 (0s)&#xA;</system-err>
          </testcase>
          <testcase name="[It] GitOps Operator Sequential E2E Tests 1-120_repo_server_system_ca_trust ensures that empty trust keeps image certs in place" classname="Sequential Suite" status="passed" time="56.170485435">
              <system-err>&gt; Enter [BeforeEach] 1-120_repo_server_system_ca_trust - /testsuites/gitops-operator/test/openshift/e2e/ginkgo/sequential/1-120_repo_server_system_ca_trust.go:86 @ 05/11/26 06:03:45.271&#xA;&lt; Exit [BeforeEach] 1-120_repo_server_system_ca_trust - /testsuites/gitops-operator/test/openshift/e2e/ginkgo/sequential/1-120_repo_server_system_ca_trust.go:86 @ 05/11/26 06:03:45.804 (533ms)&#xA;&gt; Enter [It] ensures that empty trust keeps image certs in place - /testsuites/gitops-operator/test/openshift/e2e/ginkgo/sequential/1-120_repo_server_system_ca_trust.go:255 @ 05/11/26 06:03:45.804&#xA;STEP: creating Argo CD instance with empty system trust - /testsuites/gitops-operator/test/openshift/e2e/ginkgo/sequential/1-120_repo_server_system_ca_trust.go:259 @ 05/11/26 06:03:45.824&#xA;ArgoCD status is not yet Available&#xA;ArgoCD status is not yet Available&#xA;ArgoCD status is not yet Available&#xA;ArgoCD status is not yet Available&#xA;ArgoCD status is not yet Available&#xA;ArgoCD status is now Available&#xA;Deleting Namespace gitops-e2e-test-71f1f653-d88e&#xA;&lt; Exit [It] ensures that empty trust keeps image certs in place - /testsuites/gitops-operator/test/openshift/e2e/ginkgo/sequential/1-120_repo_server_system_ca_trust.go:255 @ 05/11/26 06:04:41.442 (55.638s)&#xA;&gt; Enter [AfterEach] 1-120_repo_server_system_ca_trust - /testsuites/gitops-operator/test/openshift/e2e/ginkgo/sequential/1-120_repo_server_system_ca_trust.go:105 @ 05/11/26 06:04:41.442&#xA;&lt; Exit [AfterEach] 1-120_repo_server_system_ca_trust - /testsuites/gitops-operator/test/openshift/e2e/ginkgo/sequential/1-120_repo_server_system_ca_trust.go:105 @ 05/11/26 06:04:41.442 (0s)&#xA;</system-err>
          </testcase>
          <testcase name="[It] GitOps Operator Sequential E2E Tests 1-120_repo_server_system_ca_trust ensures that Secrets and ConfigMaps get reconciled" classname="Sequential Suite" status="passed" time="159.426867606">
              <system-err>&gt; Enter [BeforeEach] 1-120_repo_server_system_ca_trust - /testsuites/gitops-operator/test/openshift/e2e/ginkgo/sequential/1-120_repo_server_system_ca_trust.go:86 @ 05/11/26 06:04:41.442&#xA;&lt; Exit [BeforeEach] 1-120_repo_server_system_ca_trust - /testsuites/gitops-operator/test/openshift/e2e/ginkgo/sequential/1-120_repo_server_system_ca_trust.go:86 @ 05/11/26 06:04:41.876 (434ms)&#xA;&gt; Enter [It] ensures that Secrets and ConfigMaps get reconciled - /testsuites/gitops-operator/test/openshift/e2e/ginkgo/sequential/1-120_repo_server_system_ca_trust.go:270 @ 05/11/26 06:04:41.876&#xA;STEP: creating Argo CD instance with empty system trust, but full of anticipation - /testsuites/gitops-operator/test/openshift/e2e/ginkgo/sequential/1-120_repo_server_system_ca_trust.go:274 @ 05/11/26 06:04:41.895&#xA;ArgoCD status is not yet Available&#xA;ArgoCD status is not yet Available&#xA;ArgoCD status is not yet Available&#xA;ArgoCD status is not yet Available&#xA;ArgoCD status is not yet Available&#xA;ArgoCD status is now Available&#xA;STEP: creating ConfigMap with 1 cert - /testsuites/gitops-operator/test/openshift/e2e/ginkgo/sequential/1-120_repo_server_system_ca_trust.go:297 @ 05/11/26 06:05:17.434&#xA;STEP: Expecting reconcile of old pod argocd-repo-server-64cf8859f4-5cjvj: true - /testsuites/gitops-operator/test/openshift/e2e/ginkgo/sequential/1-120_repo_server_system_ca_trust.go:760 @ 05/11/26 06:05:17.459&#xA;STEP: creating Secret with 1 cert - /testsuites/gitops-operator/test/openshift/e2e/ginkgo/sequential/1-120_repo_server_system_ca_trust.go:306 @ 05/11/26 06:05:38.021&#xA;STEP: Expecting reconcile of old pod argocd-repo-server-58845f7df6-fdjxn: true - /testsuites/gitops-operator/test/openshift/e2e/ginkgo/sequential/1-120_repo_server_system_ca_trust.go:760 @ 05/11/26 06:05:38.048&#xA;STEP: updating ConfigMap to 2 certs - /testsuites/gitops-operator/test/openshift/e2e/ginkgo/sequential/1-120_repo_server_system_ca_trust.go:315 @ 05/11/26 06:05:53.6&#xA;STEP: Expecting reconcile of old pod argocd-repo-server-7b94845d9-zrv92: true - /testsuites/gitops-operator/test/openshift/e2e/ginkgo/sequential/1-120_repo_server_system_ca_trust.go:760 @ 05/11/26 06:05:53.606&#xA;STEP: updating Secret to 0 certs - /testsuites/gitops-operator/test/openshift/e2e/ginkgo/sequential/1-120_repo_server_system_ca_trust.go:327 @ 05/11/26 06:06:09.116&#xA;STEP: Expecting reconcile of old pod argocd-repo-server-cc944ffcd-8cdx4: true - /testsuites/gitops-operator/test/openshift/e2e/ginkgo/sequential/1-120_repo_server_system_ca_trust.go:760 @ 05/11/26 06:06:09.12&#xA;STEP: updating ConfigMap to 1 certs - /testsuites/gitops-operator/test/openshift/e2e/ginkgo/sequential/1-120_repo_server_system_ca_trust.go:339 @ 05/11/26 06:06:24.75&#xA;STEP: Expecting reconcile of old pod argocd-repo-server-59747f7d9d-wmjsw: true - /testsuites/gitops-operator/test/openshift/e2e/ginkgo/sequential/1-120_repo_server_system_ca_trust.go:760 @ 05/11/26 06:06:24.755&#xA;STEP: deleting ConfigMap - /testsuites/gitops-operator/test/openshift/e2e/ginkgo/sequential/1-120_repo_server_system_ca_trust.go:350 @ 05/11/26 06:06:45.318&#xA;STEP: Expecting reconcile of old pod argocd-repo-server-558c9bf864-cb49z: true - /testsuites/gitops-operator/test/openshift/e2e/ginkgo/sequential/1-120_repo_server_system_ca_trust.go:760 @ 05/11/26 06:06:45.323&#xA;Deleting Namespace gitops-e2e-test-9b8ee30e-59e3&#xA;&lt; Exit [It] ensures that Secrets and ConfigMaps get reconciled - /testsuites/gitops-operator/test/openshift/e2e/ginkgo/sequential/1-120_repo_server_system_ca_trust.go:270 @ 05/11/26 06:07:20.869 (2m38.993s)&#xA;&gt; Enter [AfterEach] 1-120_repo_server_system_ca_trust - /testsuites/gitops-operator/test/openshift/e2e/ginkgo/sequential/1-120_repo_server_system_ca_trust.go:105 @ 05/11/26 06:07:20.869&#xA;&lt; Exit [AfterEach] 1-120_repo_server_system_ca_trust - /testsuites/gitops-operator/test/openshift/e2e/ginkgo/sequential/1-120_repo_server_system_ca_trust.go:105 @ 05/11/26 06:07:20.869 (0s)&#xA;</system-err>
          </testcase>
          <testcase name="[It] GitOps Operator Sequential E2E Tests 1-120_repo_server_system_ca_trust ensures that ClusterTrustBundles get reconciled" classname="Sequential Suite" status="skipped" time="0.490087621">
              <skipped message="skipped - Cluster does not support ClusterTrustBundles"></skipped>
              <system-err>&gt; Enter [BeforeEach] 1-120_repo_server_system_ca_trust - /testsuites/gitops-operator/test/openshift/e2e/ginkgo/sequential/1-120_repo_server_system_ca_trust.go:86 @ 05/11/26 06:07:20.869&#xA;&lt; Exit [BeforeEach] 1-120_repo_server_system_ca_trust - /testsuites/gitops-operator/test/openshift/e2e/ginkgo/sequential/1-120_repo_server_system_ca_trust.go:86 @ 05/11/26 06:07:21.359 (490ms)&#xA;&gt; Enter [It] ensures that ClusterTrustBundles get reconciled - /testsuites/gitops-operator/test/openshift/e2e/ginkgo/sequential/1-120_repo_server_system_ca_trust.go:358 @ 05/11/26 06:07:21.359&#xA;[SKIPPED] Cluster does not support ClusterTrustBundles&#xA;In [It] at: /testsuites/gitops-operator/test/openshift/e2e/ginkgo/sequential/1-120_repo_server_system_ca_trust.go:360 @ 05/11/26 06:07:21.359&#xA;&lt; Exit [It] ensures that ClusterTrustBundles get reconciled - /testsuites/gitops-operator/test/openshift/e2e/ginkgo/sequential/1-120_repo_server_system_ca_trust.go:358 @ 05/11/26 06:07:21.359 (0s)&#xA;&gt; Enter [AfterEach] 1-120_repo_server_system_ca_trust - /testsuites/gitops-operator/test/openshift/e2e/ginkgo/sequential/1-120_repo_server_system_ca_trust.go:105 @ 05/11/26 06:07:21.359&#xA;&lt; Exit [AfterEach] 1-120_repo_server_system_ca_trust - /testsuites/gitops-operator/test/openshift/e2e/ginkgo/sequential/1-120_repo_server_system_ca_trust.go:105 @ 05/11/26 06:07:21.359 (0s)&#xA;</system-err>
          </testcase>
          <testcase name="[It] GitOps Operator Sequential E2E Tests 1-120_repo_server_system_ca_trust only relevant ClusterTrustBundles changes get reconciled" classname="Sequential Suite" status="skipped" time="0.477763147">
              <skipped message="skipped - Cluster does not support ClusterTrustBundles"></skipped>
              <system-err>&gt; Enter [BeforeEach] 1-120_repo_server_system_ca_trust - /testsuites/gitops-operator/test/openshift/e2e/ginkgo/sequential/1-120_repo_server_system_ca_trust.go:86 @ 05/11/26 06:07:21.359&#xA;&lt; Exit [BeforeEach] 1-120_repo_server_system_ca_trust - /testsuites/gitops-operator/test/openshift/e2e/ginkgo/sequential/1-120_repo_server_system_ca_trust.go:86 @ 05/11/26 06:07:21.837 (478ms)&#xA;&gt; Enter [It] only relevant ClusterTrustBundles changes get reconciled - /testsuites/gitops-operator/test/openshift/e2e/ginkgo/sequential/1-120_repo_server_system_ca_trust.go:411 @ 05/11/26 06:07:21.837&#xA;[SKIPPED] Cluster does not support ClusterTrustBundles&#xA;In [It] at: /testsuites/gitops-operator/test/openshift/e2e/ginkgo/sequential/1-120_repo_server_system_ca_trust.go:413 @ 05/11/26 06:07:21.837&#xA;&lt; Exit [It] only relevant ClusterTrustBundles changes get reconciled - /testsuites/gitops-operator/test/openshift/e2e/ginkgo/sequential/1-120_repo_server_system_ca_trust.go:411 @ 05/11/26 06:07:21.837 (0s)&#xA;&gt; Enter [AfterEach] 1-120_repo_server_system_ca_trust - /testsuites/gitops-operator/test/openshift/e2e/ginkgo/sequential/1-120_repo_server_system_ca_trust.go:105 @ 05/11/26 06:07:21.837&#xA;&lt; Exit [AfterEach] 1-120_repo_server_system_ca_trust - /testsuites/gitops-operator/test/openshift/e2e/ginkgo/sequential/1-120_repo_server_system_ca_trust.go:105 @ 05/11/26 06:07:21.837 (0s)&#xA;</system-err>
          </testcase>
          <testcase name="[It] GitOps Operator Sequential E2E Tests 1-115-validate_imagepullpolicy_gitopsservice validates ImagePullPolicy propagation from GitOpsService CR to console plugin and backend deployments" classname="Sequential Suite" status="skipped" time="0">
              <skipped message="skipped"></skipped>
          </testcase>
          <testcase name="[It] GitOps Operator Sequential E2E Tests 1-115-validate_imagepullpolicy_gitopsservice validates default ImagePullPolicy when not set in CR" classname="Sequential Suite" status="skipped" time="0">
              <skipped message="skipped"></skipped>
          </testcase>
          <testcase name="[It] GitOps Operator Sequential E2E Tests 1-112_validate_rollout_plugin_support verifies that custom traffic management and metrics plugins can be added to Argo Rollouts instance via RolloutManager CR" classname="Sequential Suite" status="skipped" time="0">
              <skipped message="skipped"></skipped>
          </testcase>
          <testcase name="[It] GitOps Operator Sequential E2E Tests 1-010_validate-ootb-manage-other-namespace verifies that openshift-gitops Argo CD instance is able to manage/unmanage other namespaces via managed-by label" classname="Sequential Suite" status="skipped" time="0">
              <skipped message="skipped"></skipped>
          </testcase>
          <testcase name="[It] GitOps Operator Sequential E2E Tests 1-040-validate_quoted_RBAC_group_names creates a project role &#39;somerole&#39; and group claim, and verifies group claim contains the expected data" classname="Sequential Suite" status="skipped" time="0">
              <skipped message="skipped"></skipped>
          </testcase>
          <testcase name="[It] GitOps Operator Sequential E2E Tests 1-071_validate_node_selectors verifies changes to GitOpsService&#39;s nodeselector, tolerations, and runOnInfra will modify Argo CD Deployments and StatefulSets" classname="Sequential Suite" status="skipped" time="0">
              <skipped message="skipped"></skipped>
          </testcase>
          <testcase name="[It] GitOps Operator Sequential E2E Tests 1-051_validate_argocd_agent_principal should create argocd agent principal resources, but pod should fail to start as image does not exist" classname="Sequential Suite" status="passed" time="74.062289561">
              <system-err>&gt; Enter [BeforeEach] 1-051_validate_argocd_agent_principal - /testsuites/gitops-operator/test/openshift/e2e/ginkgo/sequential/1-051_validate_argocd_agent_principal_test.go:79 @ 05/11/26 06:07:21.837&#xA;Object exists in ExistByName: openshift-gitops&#xA;ArgoCD status is now Available&#xA;STEP: creating namespace &#39;argocd-agent-principal-1-051&#39; - /testsuites/gitops-operator/test/openshift/e2e/ginkgo/fixture/fixture.go:283 @ 05/11/26 06:07:32.218&#xA;&lt; Exit [BeforeEach] 1-051_validate_argocd_agent_principal - /testsuites/gitops-operator/test/openshift/e2e/ginkgo/sequential/1-051_validate_argocd_agent_principal_test.go:79 @ 05/11/26 06:07:32.223 (10.386s)&#xA;&gt; Enter [It] should create argocd agent principal resources, but pod should fail to start as image does not exist - /testsuites/gitops-operator/test/openshift/e2e/ginkgo/sequential/1-051_validate_argocd_agent_principal_test.go:300 @ 05/11/26 06:07:32.223&#xA;STEP: Create ArgoCD instance - /testsuites/gitops-operator/test/openshift/e2e/ginkgo/sequential/1-051_validate_argocd_agent_principal_test.go:305 @ 05/11/26 06:07:32.223&#xA;STEP: Verify expected resources are created for principal pod - /testsuites/gitops-operator/test/openshift/e2e/ginkgo/sequential/1-051_validate_argocd_agent_principal_test.go:309 @ 05/11/26 06:07:32.245&#xA;STEP: verifying expected resources exist - /testsuites/gitops-operator/test/openshift/e2e/ginkgo/fixture/agent/fixture.go:318 @ 05/11/26 06:07:32.245&#xA;Object does not exists in ExistByName: example-redis-initial-password secrets &#34;example-redis-initial-password&#34; not found&#xA;Object exists in ExistByName: example-redis-initial-password&#xA;Object exists in ExistByName: example-agent-principal&#xA;Object exists in ExistByName: example-agent-principal&#xA;Object exists in ExistByName: example-agent-principal&#xA;Object does not exists in ExistByName: example-argocd-agent-principal-1-051-agent-principal clusterroles.rbac.authorization.k8s.io &#34;example-argocd-agent-principal-1-051-agent-principal&#34; not found&#xA;Object does not exists in ExistByName: example-argocd-agent-principal-1-051-agent-principal clusterroles.rbac.authorization.k8s.io &#34;example-argocd-agent-principal-1-051-agent-principal&#34; not found&#xA;Object does not exists in ExistByName: example-argocd-agent-principal-1-051-agent-principal clusterroles.rbac.authorization.k8s.io &#34;example-argocd-agent-principal-1-051-agent-principal&#34; not found&#xA;Object does not exists in ExistByName: example-argocd-agent-principal-1-051-agent-principal clusterroles.rbac.authorization.k8s.io &#34;example-argocd-agent-principal-1-051-agent-principal&#34; not found&#xA;Object does not exists in ExistByName: example-argocd-agent-principal-1-051-agent-principal clusterroles.rbac.authorization.k8s.io &#34;example-argocd-agent-principal-1-051-agent-principal&#34; not found&#xA;Object does not exists in ExistByName: example-argocd-agent-principal-1-051-agent-principal clusterroles.rbac.authorization.k8s.io &#34;example-argocd-agent-principal-1-051-agent-principal&#34; not found&#xA;Object does not exists in ExistByName: example-argocd-agent-principal-1-051-agent-principal clusterroles.rbac.authorization.k8s.io &#34;example-argocd-agent-principal-1-051-agent-principal&#34; not found&#xA;Object does not exists in ExistByName: example-argocd-agent-principal-1-051-agent-principal clusterroles.rbac.authorization.k8s.io &#34;example-argocd-agent-principal-1-051-agent-principal&#34; not found&#xA;Object does not exists in ExistByName: example-argocd-agent-principal-1-051-agent-principal clusterroles.rbac.authorization.k8s.io &#34;example-argocd-agent-principal-1-051-agent-principal&#34; not found&#xA;Object does not exists in ExistByName: example-argocd-agent-principal-1-051-agent-principal clusterroles.rbac.authorization.k8s.io &#34;example-argocd-agent-principal-1-051-agent-principal&#34; not found&#xA;Object does not exists in ExistByName: example-argocd-agent-principal-1-051-agent-principal clusterroles.rbac.authorization.k8s.io &#34;example-argocd-agent-principal-1-051-agent-principal&#34; not found&#xA;Object exists in ExistByName: example-argocd-agent-principal-1-051-agent-principal&#xA;Object exists in ExistByName: example-argocd-agent-principal-1-051-agent-principal&#xA;Object exists in ExistByName: example-agent-principal-network-policy&#xA;Object exists in ExistByName: example-agent-principal&#xA;Object exists in ExistByName: example-agent-principal-metrics&#xA;Object exists in ExistByName: example-redis&#xA;Object exists in ExistByName: example-repo-server&#xA;Object exists in ExistByName: example-server&#xA;Object exists in ExistByName: example-agent-principal-redisproxy&#xA;Object exists in ExistByName: example-agent-principal-resource-proxy&#xA;Object exists in ExistByName: example-agent-principal-healthz&#xA;Object exists in ExistByName: example-agent-principal&#xA;Object exists in ExistByName: example-redis&#xA;Object exists in ExistByName: example-repo-server&#xA;Object exists in ExistByName: example-server&#xA;Object exists in ExistByName: example-agent-principal&#xA;HaveLabelWithValue - Key app.kubernetes.io/component Expect: principal / Have: principal&#xA;HaveLabelWithValue - Key app.kubernetes.io/managed-by Expect: example / Have: example&#xA;HaveLabelWithValue - Key app.kubernetes.io/name Expect: example-agent-principal / Have: example-agent-principal&#xA;HaveLabelWithValue - Key app.kubernetes.io/part-of Expect: argocd-agent / Have: argocd-agent&#xA;STEP: Verify principal has the custom image we specified in ArgoCD CR - /testsuites/gitops-operator/test/openshift/e2e/ginkgo/sequential/1-051_validate_argocd_agent_principal_test.go:313 @ 05/11/26 06:08:08.259&#xA;STEP: Verify environment variables are set correctly - /testsuites/gitops-operator/test/openshift/e2e/ginkgo/sequential/1-051_validate_argocd_agent_principal_test.go:319 @ 05/11/26 06:08:08.259&#xA;STEP: Disable principal - /testsuites/gitops-operator/test/openshift/e2e/ginkgo/sequential/1-051_validate_argocd_agent_principal_test.go:328 @ 05/11/26 06:08:08.259&#xA;STEP: Verify principal resources are deleted - /testsuites/gitops-operator/test/openshift/e2e/ginkgo/sequential/1-051_validate_argocd_agent_principal_test.go:336 @ 05/11/26 06:08:15.298&#xA;STEP: verifying resources are deleted for principal pod - /testsuites/gitops-operator/test/openshift/e2e/ginkgo/fixture/agent/fixture.go:116 @ 05/11/26 06:08:15.298&#xA;&lt; Exit [It] should create argocd agent principal resources, but pod should fail to start as image does not exist - /testsuites/gitops-operator/test/openshift/e2e/ginkgo/sequential/1-051_validate_argocd_agent_principal_test.go:300 @ 05/11/26 06:08:15.881 (43.659s)&#xA;&gt; Enter [AfterEach] 1-051_validate_argocd_agent_principal - /testsuites/gitops-operator/test/openshift/e2e/ginkgo/sequential/1-051_validate_argocd_agent_principal_test.go:247 @ 05/11/26 06:08:15.881&#xA;STEP: Cleanup cluster-scoped resources - /testsuites/gitops-operator/test/openshift/e2e/ginkgo/sequential/1-051_validate_argocd_agent_principal_test.go:248 @ 05/11/26 06:08:15.881&#xA;STEP: Cleanup namespace - /testsuites/gitops-operator/test/openshift/e2e/ginkgo/sequential/1-051_validate_argocd_agent_principal_test.go:252 @ 05/11/26 06:08:15.887&#xA;Deleting Namespace argocd-agent-principal-1-051&#xA;&lt; Exit [AfterEach] 1-051_validate_argocd_agent_principal - /testsuites/gitops-operator/test/openshift/e2e/ginkgo/sequential/1-051_validate_argocd_agent_principal_test.go:247 @ 05/11/26 06:08:35.899 (20.018s)&#xA;</system-err>
          </testcase>
          <testcase name="[It] GitOps Operator Sequential E2E Tests 1-051_validate_argocd_agent_principal should create argocd agent principal resources, and pod should start successfully with default image" classname="Sequential Suite" status="passed" time="67.87549911">
              <system-err>&gt; Enter [BeforeEach] 1-051_validate_argocd_agent_principal - /testsuites/gitops-operator/test/openshift/e2e/ginkgo/sequential/1-051_validate_argocd_agent_principal_test.go:79 @ 05/11/26 06:08:35.899&#xA;Object exists in ExistByName: openshift-gitops&#xA;ArgoCD status is now Available&#xA;STEP: creating namespace &#39;argocd-agent-principal-1-051&#39; - /testsuites/gitops-operator/test/openshift/e2e/ginkgo/fixture/fixture.go:283 @ 05/11/26 06:09:02.334&#xA;&lt; Exit [BeforeEach] 1-051_validate_argocd_agent_principal - /testsuites/gitops-operator/test/openshift/e2e/ginkgo/sequential/1-051_validate_argocd_agent_principal_test.go:79 @ 05/11/26 06:09:02.34 (26.441s)&#xA;&gt; Enter [It] should create argocd agent principal resources, and pod should start successfully with default image - /testsuites/gitops-operator/test/openshift/e2e/ginkgo/sequential/1-051_validate_argocd_agent_principal_test.go:341 @ 05/11/26 06:09:02.34&#xA;STEP: Create ArgoCD instance - /testsuites/gitops-operator/test/openshift/e2e/ginkgo/sequential/1-051_validate_argocd_agent_principal_test.go:346 @ 05/11/26 06:09:02.34&#xA;STEP: Verify expected resources are created for principal pod - /testsuites/gitops-operator/test/openshift/e2e/ginkgo/sequential/1-051_validate_argocd_agent_principal_test.go:350 @ 05/11/26 06:09:02.365&#xA;STEP: verifying expected resources exist - /testsuites/gitops-operator/test/openshift/e2e/ginkgo/fixture/agent/fixture.go:318 @ 05/11/26 06:09:02.366&#xA;Object does not exists in ExistByName: example-redis-initial-password secrets &#34;example-redis-initial-password&#34; not found&#xA;Object does not exists in ExistByName: example-redis-initial-password secrets &#34;example-redis-initial-password&#34; not found&#xA;Object exists in ExistByName: example-redis-initial-password&#xA;Object does not exists in ExistByName: example-agent-principal serviceaccounts &#34;example-agent-principal&#34; not found&#xA;Object exists in ExistByName: example-agent-principal&#xA;Object exists in ExistByName: example-agent-principal&#xA;Object exists in ExistByName: example-agent-principal&#xA;Object exists in ExistByName: example-argocd-agent-principal-1-051-agent-principal&#xA;Object exists in ExistByName: example-argocd-agent-principal-1-051-agent-principal&#xA;Object exists in ExistByName: example-agent-principal-network-policy&#xA;Object exists in ExistByName: example-agent-principal&#xA;Object exists in ExistByName: example-agent-principal-metrics&#xA;Object exists in ExistByName: example-redis&#xA;Object exists in ExistByName: example-repo-server&#xA;Object exists in ExistByName: example-server&#xA;Object exists in ExistByName: example-agent-principal-redisproxy&#xA;Object exists in ExistByName: example-agent-principal-resource-proxy&#xA;Object exists in ExistByName: example-agent-principal-healthz&#xA;Object exists in ExistByName: example-agent-principal&#xA;Object exists in ExistByName: example-redis&#xA;Object exists in ExistByName: example-repo-server&#xA;Object exists in ExistByName: example-server&#xA;Object exists in ExistByName: example-agent-principal&#xA;HaveLabelWithValue - Key app.kubernetes.io/component Expect: principal / Have: principal&#xA;HaveLabelWithValue - Key app.kubernetes.io/managed-by Expect: example / Have: example&#xA;HaveLabelWithValue - Key app.kubernetes.io/name Expect: example-agent-principal / Have: example-agent-principal&#xA;HaveLabelWithValue - Key app.kubernetes.io/part-of Expect: argocd-agent / Have: argocd-agent&#xA;STEP: Verify principal uses the default agent image - /testsuites/gitops-operator/test/openshift/e2e/ginkgo/sequential/1-051_validate_argocd_agent_principal_test.go:354 @ 05/11/26 06:09:10.166&#xA;STEP: Create required secrets and certificates for principal pod to start properly - /testsuites/gitops-operator/test/openshift/e2e/ginkgo/sequential/1-051_validate_argocd_agent_principal_test.go:367 @ 05/11/26 06:09:10.59&#xA;STEP: creating required secrets for principal pod - /testsuites/gitops-operator/test/openshift/e2e/ginkgo/fixture/agent/fixture.go:148 @ 05/11/26 06:09:10.592&#xA;STEP: Verify principal pod starts successfully by checking logs - /testsuites/gitops-operator/test/openshift/e2e/ginkgo/sequential/1-051_validate_argocd_agent_principal_test.go:371 @ 05/11/26 06:09:10.89&#xA;executing command: [kubectl logs deployment/example-agent-principal -n argocd-agent-principal-1-051 --tail=200]&#xA;Error getting agent logs:  exit status 1&#xA;executing command: [kubectl logs deployment/example-agent-principal -n argocd-agent-principal-1-051 --tail=200]&#xA;STEP: verify that deployment is in Ready state - /testsuites/gitops-operator/test/openshift/e2e/ginkgo/sequential/1-051_validate_argocd_agent_principal_test.go:383 @ 05/11/26 06:09:16.142&#xA;Deployment  example-agent-principal - HaveReadyReplicas: expected:  1 actual:  1&#xA;STEP: Verify environment variables are set correctly - /testsuites/gitops-operator/test/openshift/e2e/ginkgo/sequential/1-051_validate_argocd_agent_principal_test.go:387 @ 05/11/26 06:09:16.157&#xA;STEP: Disable principal - /testsuites/gitops-operator/test/openshift/e2e/ginkgo/sequential/1-051_validate_argocd_agent_principal_test.go:398 @ 05/11/26 06:09:16.157&#xA;STEP: Verify principal resources are deleted - /testsuites/gitops-operator/test/openshift/e2e/ginkgo/sequential/1-051_validate_argocd_agent_principal_test.go:406 @ 05/11/26 06:09:23.19&#xA;STEP: verifying resources are deleted for principal pod - /testsuites/gitops-operator/test/openshift/e2e/ginkgo/fixture/agent/fixture.go:116 @ 05/11/26 06:09:23.19&#xA;&lt; Exit [It] should create argocd agent principal resources, and pod should start successfully with default image - /testsuites/gitops-operator/test/openshift/e2e/ginkgo/sequential/1-051_validate_argocd_agent_principal_test.go:341 @ 05/11/26 06:09:23.758 (21.417s)&#xA;&gt; Enter [AfterEach] 1-051_validate_argocd_agent_principal - /testsuites/gitops-operator/test/openshift/e2e/ginkgo/sequential/1-051_validate_argocd_agent_principal_test.go:247 @ 05/11/26 06:09:23.758&#xA;STEP: Cleanup cluster-scoped resources - /testsuites/gitops-operator/test/openshift/e2e/ginkgo/sequential/1-051_validate_argocd_agent_principal_test.go:248 @ 05/11/26 06:09:23.758&#xA;STEP: Cleanup namespace - /testsuites/gitops-operator/test/openshift/e2e/ginkgo/sequential/1-051_validate_argocd_agent_principal_test.go:252 @ 05/11/26 06:09:23.763&#xA;Deleting Namespace argocd-agent-principal-1-051&#xA;&lt; Exit [AfterEach] 1-051_validate_argocd_agent_principal - /testsuites/gitops-operator/test/openshift/e2e/ginkgo/sequential/1-051_validate_argocd_agent_principal_test.go:247 @ 05/11/26 06:09:43.775 (20.017s)&#xA;</system-err>
          </testcase>
          <testcase name="[It] GitOps Operator Sequential E2E Tests 1-051_validate_argocd_agent_principal Should reflect configuration changes from ArgoCD CR to the principal deployment" classname="Sequential Suite" status="passed" time="76.731250262">
              <system-err>&gt; Enter [BeforeEach] 1-051_validate_argocd_agent_principal - /testsuites/gitops-operator/test/openshift/e2e/ginkgo/sequential/1-051_validate_argocd_agent_principal_test.go:79 @ 05/11/26 06:09:43.775&#xA;Object exists in ExistByName: openshift-gitops&#xA;ArgoCD status is now Available&#xA;STEP: creating namespace &#39;argocd-agent-principal-1-051&#39; - /testsuites/gitops-operator/test/openshift/e2e/ginkgo/fixture/fixture.go:283 @ 05/11/26 06:09:57.06&#xA;&lt; Exit [BeforeEach] 1-051_validate_argocd_agent_principal - /testsuites/gitops-operator/test/openshift/e2e/ginkgo/sequential/1-051_validate_argocd_agent_principal_test.go:79 @ 05/11/26 06:09:57.066 (13.29s)&#xA;&gt; Enter [It] Should reflect configuration changes from ArgoCD CR to the principal deployment - /testsuites/gitops-operator/test/openshift/e2e/ginkgo/sequential/1-051_validate_argocd_agent_principal_test.go:411 @ 05/11/26 06:09:57.066&#xA;STEP: Create ArgoCD instance - /testsuites/gitops-operator/test/openshift/e2e/ginkgo/sequential/1-051_validate_argocd_agent_principal_test.go:413 @ 05/11/26 06:09:57.066&#xA;STEP: Verify expected resources are created for principal pod - /testsuites/gitops-operator/test/openshift/e2e/ginkgo/sequential/1-051_validate_argocd_agent_principal_test.go:418 @ 05/11/26 06:09:57.089&#xA;STEP: verifying expected resources exist - /testsuites/gitops-operator/test/openshift/e2e/ginkgo/fixture/agent/fixture.go:318 @ 05/11/26 06:09:57.089&#xA;Object does not exists in ExistByName: example-redis-initial-password secrets &#34;example-redis-initial-password&#34; not found&#xA;Object does not exists in ExistByName: example-redis-initial-password secrets &#34;example-redis-initial-password&#34; not found&#xA;Object does not exists in ExistByName: example-redis-initial-password secrets &#34;example-redis-initial-password&#34; not found&#xA;Object does not exists in ExistByName: example-redis-initial-password secrets &#34;example-redis-initial-password&#34; not found&#xA;Object does not exists in ExistByName: example-redis-initial-password secrets &#34;example-redis-initial-password&#34; not found&#xA;Object does not exists in ExistByName: example-redis-initial-password secrets &#34;example-redis-initial-password&#34; not found&#xA;Object does not exists in ExistByName: example-redis-initial-password secrets &#34;example-redis-initial-password&#34; not found&#xA;Object does not exists in ExistByName: exa
[...]
r - HaveReplicas: expected:  1 actual:  2&#xA;Deployment openshift-gitops-server - HaveReplicas: expected:  1 actual:  2&#xA;Deployment openshift-gitops-server - HaveReplicas: expected:  1 actual:  2&#xA;Deployment openshift-gitops-server - HaveReplicas: expected:  1 actual:  2&#xA;Deployment openshift-gitops-server - HaveReplicas: expected:  1 actual:  1&#xA;Deployment  openshift-gitops-server - HaveReadyReplicas: expected:  1 actual:  1&#xA;Object exists in ExistByName: openshift-gitops-application-controller&#xA;StatefulSet HaveReplicas: expected:  1 actual:  1&#xA;StatefulSet HaveReadyReplicas: expected:  1 actual:  1&#xA;STEP: verifing expected managed labels on test-1-24-custom, both managed-by and managed-by-cluster-argocd - /testsuites/gitops-operator/test/openshift/e2e/ginkgo/sequential/1-083_validate_apps_in_any_namespace_test.go:188 @ 05/11/26 06:58:06.317&#xA;Namespace - HaveLabel: Key: argocd.argoproj.io/managed-by Expected: openshift-gitops / Actual: openshift-gitops&#xA;STEP: verifying that test-1-24-custom namespace has the expected server/app controller roles/rolebindings, and that the rolebindings grant access to openshift-gitops Argo CD instance - /testsuites/gitops-operator/test/openshift/e2e/ginkgo/sequential/1-083_validate_apps_in_any_namespace_test.go:102 @ 05/11/26 06:58:06.328&#xA;Object exists in ExistByName: openshift-gitops-argocd-application-controller&#xA;Object exists in ExistByName: openshift-gitops-argocd-server&#xA;Object exists in ExistByName: openshift-gitops-argocd-application-controller&#xA;HaveRoleRef - Expected:  {rbac.authorization.k8s.io Role openshift-gitops-argocd-application-controller} / Actual: {rbac.authorization.k8s.io Role openshift-gitops-argocd-application-controller}&#xA;HaveSubject - Want: {ServiceAccount  openshift-gitops-argocd-application-controller openshift-gitops}&#xA;1) HaveSubject - Have: {ServiceAccount  openshift-gitops-argocd-application-controller openshift-gitops}&#xA;Object exists in ExistByName: openshift-gitops-argocd-server&#xA;HaveRoleRef - Expected:  {rbac.authorization.k8s.io Role openshift-gitops-argocd-server} / Actual: {rbac.authorization.k8s.io Role openshift-gitops-argocd-server}&#xA;HaveSubject - Want: {ServiceAccount  openshift-gitops-argocd-server openshift-gitops}&#xA;1) HaveSubject - Have: {ServiceAccount  openshift-gitops-argocd-server openshift-gitops}&#xA;Namespace - HaveLabel: Key: argocd.argoproj.io/managed-by-cluster-argocd Expected: openshift-gitops / Actual: &#xA;STEP: verify &#39;openshift-gitops_test-1-24-custom&#39; role/rolebinding does not exist in test-1-24-custom - /testsuites/gitops-operator/test/openshift/e2e/ginkgo/sequential/1-083_validate_apps_in_any_namespace_test.go:195 @ 05/11/26 06:58:06.429&#xA;STEP: 3) Delete the &#39;test-1-24-custom&#39; namespace. In this test, the main reason to do this is to remove the managed-by labels and any other remaining roles/rolebindings - /testsuites/gitops-operator/test/openshift/e2e/ginkgo/sequential/1-083_validate_apps_in_any_namespace_test.go:212 @ 05/11/26 06:58:06.453&#xA;STEP: 4) Remove source namespace (added in previous steps) from openshift-gitops - /testsuites/gitops-operator/test/openshift/e2e/ginkgo/sequential/1-083_validate_apps_in_any_namespace_test.go:215 @ 05/11/26 06:58:06.465&#xA;STEP: verifying Argo CD instance becomes ready - /testsuites/gitops-operator/test/openshift/e2e/ginkgo/sequential/1-083_validate_apps_in_any_namespace_test.go:221 @ 05/11/26 06:58:13.496&#xA;Object exists in ExistByName: openshift-gitops-server&#xA;Deployment openshift-gitops-server - HaveReplicas: expected:  1 actual:  2&#xA;Deployment openshift-gitops-server - HaveReplicas: expected:  1 actual:  2&#xA;Deployment openshift-gitops-server - HaveReplicas: expected:  1 actual:  2&#xA;Deployment openshift-gitops-server - HaveReplicas: expected:  1 actual:  2&#xA;Deployment openshift-gitops-server - HaveReplicas: expected:  1 actual:  2&#xA;Deployment openshift-gitops-server - HaveReplicas: expected:  1 actual:  2&#xA;Deployment openshift-gitops-server - HaveReplicas: expected:  1 actual:  2&#xA;Deployment openshift-gitops-server - HaveReplicas: expected:  1 actual:  2&#xA;Deployment openshift-gitops-server - HaveReplicas: expected:  1 actual:  2&#xA;Deployment openshift-gitops-server - HaveReplicas: expected:  1 actual:  1&#xA;Deployment  openshift-gitops-server - HaveReadyReplicas: expected:  1 actual:  1&#xA;Object exists in ExistByName: openshift-gitops-application-controller&#xA;StatefulSet HaveReplicas: expected:  1 actual:  1&#xA;StatefulSet HaveReadyReplicas: expected:  1 actual:  1&#xA;STEP: 5) create &#39;test-1-24-custom&#39; namespace again, and add it ArgoCD instance via .spec.sourceNamespaces - /testsuites/gitops-operator/test/openshift/e2e/ginkgo/sequential/1-083_validate_apps_in_any_namespace_test.go:232 @ 05/11/26 06:58:40.75&#xA;STEP: verify openshift-gitops workloads become ready - /testsuites/gitops-operator/test/openshift/e2e/ginkgo/sequential/1-083_validate_apps_in_any_namespace_test.go:246 @ 05/11/26 06:58:47.789&#xA;Object exists in ExistByName: openshift-gitops-server&#xA;Deployment openshift-gitops-server - HaveReplicas: expected:  1 actual:  2&#xA;Deployment openshift-gitops-server - HaveReplicas: expected:  1 actual:  2&#xA;Deployment openshift-gitops-server - HaveReplicas: expected:  1 actual:  2&#xA;Deployment openshift-gitops-server - HaveReplicas: expected:  1 actual:  2&#xA;Deployment openshift-gitops-server - HaveReplicas: expected:  1 actual:  2&#xA;Deployment openshift-gitops-server - HaveReplicas: expected:  1 actual:  2&#xA;Deployment openshift-gitops-server - HaveReplicas: expected:  1 actual:  2&#xA;Deployment openshift-gitops-server - HaveReplicas: expected:  1 actual:  2&#xA;Deployment openshift-gitops-server - HaveReplicas: expected:  1 actual:  2&#xA;Deployment openshift-gitops-server - HaveReplicas: expected:  1 actual:  1&#xA;Deployment  openshift-gitops-server - HaveReadyReplicas: expected:  1 actual:  1&#xA;Object exists in ExistByName: openshift-gitops-application-controller&#xA;StatefulSet HaveReplicas: expected:  1 actual:  1&#xA;StatefulSet HaveReadyReplicas: expected:  1 actual:  1&#xA;STEP: verifying test-1-24-custom has managed-by-cluster-argocd label - /testsuites/gitops-operator/test/openshift/e2e/ginkgo/sequential/1-083_validate_apps_in_any_namespace_test.go:255 @ 05/11/26 06:59:15.01&#xA;Namespace - HaveLabel: Key: argocd.argoproj.io/managed-by-cluster-argocd Expected: openshift-gitops / Actual: openshift-gitops&#xA;STEP: verify openshift-roles and rolebindings exist. In previous step, they would not exist due to labels on test-1-24-custom. NOW, in this step, they should. - /testsuites/gitops-operator/test/openshift/e2e/ginkgo/sequential/1-083_validate_apps_in_any_namespace_test.go:258 @ 05/11/26 06:59:15.021&#xA;Object exists in ExistByName: openshift-gitops_test-1-24-custom&#xA;HaveRoleRef - Expected:  {rbac.authorization.k8s.io Role openshift-gitops_test-1-24-custom} / Actual: {rbac.authorization.k8s.io Role openshift-gitops_test-1-24-custom}&#xA;HaveSubject - Want: {ServiceAccount  openshift-gitops-argocd-application-controller openshift-gitops}&#xA;1) HaveSubject - Have: {ServiceAccount  openshift-gitops-argocd-server openshift-gitops}&#xA;2) HaveSubject - Have: {ServiceAccount  openshift-gitops-argocd-application-controller openshift-gitops}&#xA;STEP: 6) Add the managed-by label to test-1-24-custom namespace - /testsuites/gitops-operator/test/openshift/e2e/ginkgo/sequential/1-083_validate_apps_in_any_namespace_test.go:284 @ 05/11/26 06:59:15.056&#xA;STEP: verifying that test-1-24-custom namespace has the expected server/app controller roles/rolebindings, and that the rolebindings grant access to openshift-gitops Argo CD instance - /testsuites/gitops-operator/test/openshift/e2e/ginkgo/sequential/1-083_validate_apps_in_any_namespace_test.go:102 @ 05/11/26 06:59:15.074&#xA;Object does not exists in ExistByName: openshift-gitops-argocd-application-controller roles.rbac.authorization.k8s.io &#34;openshift-gitops-argocd-application-controller&#34; not found&#xA;Object exists in ExistByName: openshift-gitops-argocd-application-controller&#xA;Object exists in ExistByName: openshift-gitops-argocd-server&#xA;Object exists in ExistByName: openshift-gitops-argocd-application-controller&#xA;HaveRoleRef - Expected:  {rbac.authorization.k8s.io Role openshift-gitops-argocd-application-controller} / Actual: {rbac.authorization.k8s.io Role openshift-gitops-argocd-application-controller}&#xA;HaveSubject - Want: {ServiceAccount  openshift-gitops-argocd-application-controller openshift-gitops}&#xA;1) HaveSubject - Have: {ServiceAccount  openshift-gitops-argocd-application-controller openshift-gitops}&#xA;Object exists in ExistByName: openshift-gitops-argocd-server&#xA;HaveRoleRef - Expected:  {rbac.authorization.k8s.io Role openshift-gitops-argocd-server} / Actual: {rbac.authorization.k8s.io Role openshift-gitops-argocd-server}&#xA;HaveSubject - Want: {ServiceAccount  openshift-gitops-argocd-server openshift-gitops}&#xA;1) HaveSubject - Have: {ServiceAccount  openshift-gitops-argocd-server openshift-gitops}&#xA;STEP: now that the managed-by label has been added, the custom roles should be deleted, and should stay deleted - /testsuites/gitops-operator/test/openshift/e2e/ginkgo/sequential/1-083_validate_apps_in_any_namespace_test.go:292 @ 05/11/26 06:59:18.181&#xA;Object does not exists in ExistByName: openshift-gitops_test-1-24-custom roles.rbac.authorization.k8s.io &#34;openshift-gitops_test-1-24-custom&#34; not found&#xA;Object does not exists in ExistByName: openshift-gitops_test-1-24-custom roles.rbac.authorization.k8s.io &#34;openshift-gitops_test-1-24-custom&#34; not found&#xA;Object does not exists in ExistByName: openshift-gitops_test-1-24-custom roles.rbac.authorization.k8s.io &#34;openshift-gitops_test-1-24-custom&#34; not found&#xA;Object does not exists in ExistByName: openshift-gitops_test-1-24-custom roles.rbac.authorization.k8s.io &#34;openshift-gitops_test-1-24-custom&#34; not found&#xA;Object does not exists in ExistByName: openshift-gitops_test-1-24-custom roles.rbac.authorization.k8s.io &#34;openshift-gitops_test-1-24-custom&#34; not found&#xA;Object does not exists in ExistByName: openshift-gitops_test-1-24-custom roles.rbac.authorization.k8s.io &#34;openshift-gitops_test-1-24-custom&#34; not found&#xA;Object does not exists in ExistByName: openshift-gitops_test-1-24-custom roles.rbac.authorization.k8s.io &#34;openshift-gitops_test-1-24-custom&#34; not found&#xA;Object does not exists in ExistByName: openshift-gitops_test-1-24-custom roles.rbac.authorization.k8s.io &#34;openshift-gitops_test-1-24-custom&#34; not found&#xA;Object does not exists in ExistByName: openshift-gitops_test-1-24-custom roles.rbac.authorization.k8s.io &#34;openshift-gitops_test-1-24-custom&#34; not found&#xA;Object does not exists in ExistByName: openshift-gitops_test-1-24-custom roles.rbac.authorization.k8s.io &#34;openshift-gitops_test-1-24-custom&#34; not found&#xA;Object does not exists in ExistByName: openshift-gitops_test-1-24-custom roles.rbac.authorization.k8s.io &#34;openshift-gitops_test-1-24-custom&#34; not found&#xA;Object does not exists in ExistByName: openshift-gitops_test-1-24-custom rolebindings.rbac.authorization.k8s.io &#34;openshift-gitops_test-1-24-custom&#34; not found&#xA;Object does not exists in ExistByName: openshift-gitops_test-1-24-custom rolebindings.rbac.authorization.k8s.io &#34;openshift-gitops_test-1-24-custom&#34; not found&#xA;Object does not exists in ExistByName: openshift-gitops_test-1-24-custom rolebindings.rbac.authorization.k8s.io &#34;openshift-gitops_test-1-24-custom&#34; not found&#xA;Object does not exists in ExistByName: openshift-gitops_test-1-24-custom rolebindings.rbac.authorization.k8s.io &#34;openshift-gitops_test-1-24-custom&#34; not found&#xA;Object does not exists in ExistByName: openshift-gitops_test-1-24-custom rolebindings.rbac.authorization.k8s.io &#34;openshift-gitops_test-1-24-custom&#34; not found&#xA;Object does not exists in ExistByName: openshift-gitops_test-1-24-custom rolebindings.rbac.authorization.k8s.io &#34;openshift-gitops_test-1-24-custom&#34; not found&#xA;Object does not exists in ExistByName: openshift-gitops_test-1-24-custom rolebindings.rbac.authorization.k8s.io &#34;openshift-gitops_test-1-24-custom&#34; not found&#xA;Object does not exists in ExistByName: openshift-gitops_test-1-24-custom rolebindings.rbac.authorization.k8s.io &#34;openshift-gitops_test-1-24-custom&#34; not found&#xA;Object does not exists in ExistByName: openshift-gitops_test-1-24-custom rolebindings.rbac.authorization.k8s.io &#34;openshift-gitops_test-1-24-custom&#34; not found&#xA;Object does not exists in ExistByName: openshift-gitops_test-1-24-custom rolebindings.rbac.authorization.k8s.io &#34;openshift-gitops_test-1-24-custom&#34; not found&#xA;Object does not exists in ExistByName: openshift-gitops_test-1-24-custom rolebindings.rbac.authorization.k8s.io &#34;openshift-gitops_test-1-24-custom&#34; not found&#xA;Namespace - HaveLabel: Key: argocd.argoproj.io/managed-by-cluster-argocd Expected: openshift-gitops / Actual: &#xA;STEP: 7) Remove managed-by from test-1-24-custom and verify the roles exist again - /testsuites/gitops-operator/test/openshift/e2e/ginkgo/sequential/1-083_validate_apps_in_any_namespace_test.go:301 @ 05/11/26 06:59:38.225&#xA;STEP: restarts the server and app controller workloads. I presume this is because their startup is too slow to pick up the RBAC changes we have made (removing the label) - /testsuites/gitops-operator/test/openshift/e2e/ginkgo/sequential/1-083_validate_apps_in_any_namespace_test.go:306 @ 05/11/26 06:59:38.245&#xA;executing command: [oc rollout restart deployment.apps/openshift-gitops-server -n openshift-gitops]&#xA;deployment.apps/openshift-gitops-server restarted&#xA;&#xA;executing command: [oc rollout restart statefulset.apps/openshift-gitops-application-controller -n openshift-gitops]&#xA;statefulset.apps/openshift-gitops-application-controller restarted&#xA;&#xA;STEP: workloads should become available - /testsuites/gitops-operator/test/openshift/e2e/ginkgo/sequential/1-083_validate_apps_in_any_namespace_test.go:313 @ 05/11/26 06:59:38.528&#xA;Object exists in ExistByName: openshift-gitops-server&#xA;Deployment openshift-gitops-server - HaveReplicas: expected:  1 actual:  2&#xA;Deployment openshift-gitops-server - HaveReplicas: expected:  1 actual:  2&#xA;Deployment openshift-gitops-server - HaveReplicas: expected:  1 actual:  2&#xA;Deployment openshift-gitops-server - HaveReplicas: expected:  1 actual:  2&#xA;Deployment openshift-gitops-server - HaveReplicas: expected:  1 actual:  2&#xA;Deployment openshift-gitops-server - HaveReplicas: expected:  1 actual:  2&#xA;Deployment openshift-gitops-server - HaveReplicas: expected:  1 actual:  2&#xA;Deployment openshift-gitops-server - HaveReplicas: expected:  1 actual:  2&#xA;Deployment openshift-gitops-server - HaveReplicas: expected:  1 actual:  2&#xA;Deployment openshift-gitops-server - HaveReplicas: expected:  1 actual:  2&#xA;Deployment openshift-gitops-server - HaveReplicas: expected:  1 actual:  2&#xA;Deployment openshift-gitops-server - HaveReplicas: expected:  1 actual:  1&#xA;Deployment  openshift-gitops-server - HaveReadyReplicas: expected:  1 actual:  1&#xA;Object exists in ExistByName: openshift-gitops-application-controller&#xA;StatefulSet HaveReplicas: expected:  1 actual:  1&#xA;StatefulSet HaveReadyReplicas: expected:  1 actual:  1&#xA;STEP: role rolebindings to openshift-gitops instance should exist - /testsuites/gitops-operator/test/openshift/e2e/ginkgo/sequential/1-083_validate_apps_in_any_namespace_test.go:322 @ 05/11/26 07:00:11.806&#xA;Object exists in ExistByName: openshift-gitops_test-1-24-custom&#xA;HaveRoleRef - Expected:  {rbac.authorization.k8s.io Role openshift-gitops_test-1-24-custom} / Actual: {rbac.authorization.k8s.io Role openshift-gitops_test-1-24-custom}&#xA;HaveSubject - Want: {ServiceAccount  openshift-gitops-argocd-application-controller openshift-gitops}&#xA;1) HaveSubject - Have: {ServiceAccount  openshift-gitops-argocd-server openshift-gitops}&#xA;2) HaveSubject - Have: {ServiceAccount  openshift-gitops-argocd-application-controller openshift-gitops}&#xA;HaveSubject - Want: {ServiceAccount  openshift-gitops-argocd-server openshift-gitops}&#xA;1) HaveSubject - Have: {ServiceAccount  openshift-gitops-argocd-server openshift-gitops}&#xA;STEP: 8) Remove namespaces from .spec.sourceNamespaces - /testsuites/gitops-operator/test/openshift/e2e/ginkgo/sequential/1-083_validate_apps_in_any_namespace_test.go:341 @ 05/11/26 07:00:11.85&#xA;STEP: verifying managed-by-cluster-argocd label is removed, and the custom role/binding are deleted - /testsuites/gitops-operator/test/openshift/e2e/ginkgo/sequential/1-083_validate_apps_in_any_namespace_test.go:346 @ 05/11/26 07:00:18.879&#xA;Namespace - HaveLabel: Key: argocd.argoproj.io/managed-by-cluster-argocd Expected: openshift-gitops / Actual: &#xA;Deleting Namespace test-1-24-custom&#xA;&lt; Exit [It] verifies that namespaces added to .spec.sourceNamespaces are managed by openshift-gitops Argo CD instance, except when those namespaces also have managed-by label. Both addition and removal of values from this field are tested - /testsuites/gitops-operator/test/openshift/e2e/ginkgo/sequential/1-083_validate_apps_in_any_namespace_test.go:57 @ 05/11/26 07:00:28.927 (3m5.125s)&#xA;</system-err>
          </testcase>
          <testcase name="[It] GitOps Operator Sequential E2E Tests 1-002-validate_backend_service validates backend service permissions" classname="Sequential Suite" status="passed" time="10.24228196">
              <system-err>&gt; Enter [BeforeEach] 1-002-validate_backend_service - /testsuites/gitops-operator/test/openshift/e2e/ginkgo/sequential/1-002-validate_backend_service_test.go:18 @ 05/11/26 07:00:28.927&#xA;Object exists in ExistByName: openshift-gitops&#xA;ArgoCD status is now Available&#xA;&lt; Exit [BeforeEach] 1-002-validate_backend_service - /testsuites/gitops-operator/test/openshift/e2e/ginkgo/sequential/1-002-validate_backend_service_test.go:18 @ 05/11/26 07:00:39.108 (10.181s)&#xA;&gt; Enter [It] validates backend service permissions - /testsuites/gitops-operator/test/openshift/e2e/ginkgo/sequential/1-002-validate_backend_service_test.go:22 @ 05/11/26 07:00:39.108&#xA;STEP: checking the openshift-gitops namespace installed by default - /testsuites/gitops-operator/test/openshift/e2e/ginkgo/sequential/1-002-validate_backend_service_test.go:24 @ 05/11/26 07:00:39.108&#xA;Object exists in ExistByName: openshift-gitops&#xA;STEP: checking we have a cluster deployment in the namespace - /testsuites/gitops-operator/test/openshift/e2e/ginkgo/sequential/1-002-validate_backend_service_test.go:27 @ 05/11/26 07:00:39.122&#xA;Object exists in ExistByName: cluster&#xA;Deployment cluster - HaveReplicas: expected:  1 actual:  1&#xA;Deployment  cluster - HaveReadyReplicas: expected:  1 actual:  1&#xA;STEP: checking Service for cluster exists - /testsuites/gitops-operator/test/openshift/e2e/ginkgo/sequential/1-002-validate_backend_service_test.go:33 @ 05/11/26 07:00:39.158&#xA;Object exists in ExistByName: cluster&#xA;&lt; Exit [It] validates backend service permissions - /testsuites/gitops-operator/test/openshift/e2e/ginkgo/sequential/1-002-validate_backend_service_test.go:22 @ 05/11/26 07:00:39.169 (61ms)&#xA;</system-err>
          </testcase>
          <testcase name="[AfterSuite]" classname="Sequential Suite" status="passed" time="2.8301e-05">
              <system-err>&gt; Enter [AfterSuite] TOP-LEVEL - /testsuites/gitops-operator/test/openshift/e2e/ginkgo/sequential/suite_test.go:47 @ 05/11/26 07:00:39.169&#xA;&lt; Exit [AfterSuite] TOP-LEVEL - /testsuites/gitops-operator/test/openshift/e2e/ginkgo/sequential/suite_test.go:47 @ 05/11/26 07:00:39.169 (0s)&#xA;</system-err>
          </testcase>
      </testsuite>
  </testsuites>