<?xml version="1.0" encoding="UTF-8"?>
  <testsuites tests="116" disabled="2" errors="0" failures="0" time="1765.067116822">
      <testsuite name="Parallel Test Suite" package="/testsuites/gitops-operator/test/openshift/e2e/ginkgo/parallel" tests="116" disabled="0" skipped="2" errors="0" failures="0" time="1765.067116822" timestamp="2026-05-15T06:32:54">
          <properties>
              <property name="SuiteSucceeded" value="true"></property>
              <property name="SuiteHasProgrammaticFocus" value="false"></property>
              <property name="SpecialSuiteFailureReason" value=""></property>
              <property name="SuiteLabels" value="[]"></property>
              <property name="SuiteSemVerConstraints" value="[]"></property>
              <property name="SuiteComponentSemVerConstraints" value="[]"></property>
              <property name="RandomSeed" value="1778826460"></property>
              <property name="RandomizeAllSpecs" value="false"></property>
              <property name="LabelFilter" value=""></property>
              <property name="SemVerFilter" value=""></property>
              <property name="FocusStrings" value=""></property>
              <property name="SkipStrings" value=""></property>
              <property name="FocusFiles" value=""></property>
              <property name="SkipFiles" value=""></property>
              <property name="FailOnPending" value="false"></property>
              <property name="FailOnEmpty" value="false"></property>
              <property name="FailFast" value="false"></property>
              <property name="FlakeAttempts" value="0"></property>
              <property name="DryRun" value="false"></property>
              <property name="ParallelTotal" value="4"></property>
              <property name="OutputInterceptorMode" value=""></property>
          </properties>
          <testcase name="[BeforeSuite]" classname="Parallel Test Suite" status="passed" time="10.468022375">
              <system-err>&gt; Enter [BeforeSuite] TOP-LEVEL - /testsuites/gitops-operator/test/openshift/e2e/ginkgo/parallel/suite_test.go:43 @ 05/15/26 06:32:54.075&#xA;Object exists in ExistByName: openshift-gitops&#xA;ArgoCD status is now Available&#xA;&lt; Exit [BeforeSuite] TOP-LEVEL - /testsuites/gitops-operator/test/openshift/e2e/ginkgo/parallel/suite_test.go:43 @ 05/15/26 06:33:04.543 (10.468s)&#xA;</system-err>
          </testcase>
          <testcase name="[It] GitOps Operator Parallel E2E Tests 1-090_validate_permissions ensure the GitOps Operator CSV has the correct cluster permissions and gitopsservices CRD has expected properties" classname="Parallel Test Suite" status="skipped" time="3.074647977">
              <skipped message="skipped - AFAICT CSV does not exist when running E2E tests from gitops-operator repo"></skipped>
              <system-err>&gt; Enter [BeforeEach] 1-090_validate_permissions - /testsuites/gitops-operator/test/openshift/e2e/ginkgo/parallel/1-090_validate_permissions_test.go:46 @ 05/15/26 06:33:04.545&#xA;ArgoCD status is now Available&#xA;&lt; Exit [BeforeEach] 1-090_validate_permissions - /testsuites/gitops-operator/test/openshift/e2e/ginkgo/parallel/1-090_validate_permissions_test.go:46 @ 05/15/26 06:33:07.619 (3.074s)&#xA;&gt; Enter [It] ensure the GitOps Operator CSV has the correct cluster permissions and gitopsservices CRD has expected properties - /testsuites/gitops-operator/test/openshift/e2e/ginkgo/parallel/1-090_validate_permissions_test.go:52 @ 05/15/26 06:33:07.619&#xA;[SKIPPED] AFAICT CSV does not exist when running E2E tests from gitops-operator repo&#xA;In [It] at: /testsuites/gitops-operator/test/openshift/e2e/ginkgo/parallel/1-090_validate_permissions_test.go:55 @ 05/15/26 06:33:07.619&#xA;&lt; Exit [It] ensure the GitOps Operator CSV has the correct cluster permissions and gitopsservices CRD has expected properties - /testsuites/gitops-operator/test/openshift/e2e/ginkgo/parallel/1-090_validate_permissions_test.go:52 @ 05/15/26 06:33:07.619 (0s)&#xA;</system-err>
          </testcase>
          <testcase name="[It] GitOps Operator Parallel E2E Tests 1-044_validate_resource_limit_changes validates that updating resource/limit field of ArgoCD updates the corresponding resource/limit of Deployment/StatefulSet" classname="Parallel Test Suite" status="passed" time="65.362122311">
              <system-err>&gt; Enter [BeforeEach] 1-044_validate_resource_limit_changes - /testsuites/gitops-operator/test/openshift/e2e/ginkgo/parallel/1-044_validate_resource_limit_changes_test.go:46 @ 05/15/26 06:33:07.62&#xA;ArgoCD status is now Available&#xA;&lt; Exit [BeforeEach] 1-044_validate_resource_limit_changes - /testsuites/gitops-operator/test/openshift/e2e/ginkgo/parallel/1-044_validate_resource_limit_changes_test.go:46 @ 05/15/26 06:33:10.694 (3.074s)&#xA;&gt; Enter [It] validates that updating resource/limit field of ArgoCD updates the corresponding resource/limit of Deployment/StatefulSet - /testsuites/gitops-operator/test/openshift/e2e/ginkgo/parallel/1-044_validate_resource_limit_changes_test.go:52 @ 05/15/26 06:33:10.695&#xA;STEP: creating simple namespace-scoped Argo CD instance - /testsuites/gitops-operator/test/openshift/e2e/ginkgo/parallel/1-044_validate_resource_limit_changes_test.go:54 @ 05/15/26 06:33:10.695&#xA;STEP: creating namespace &#39;gitops-e2e-test-44bc2cb2-c210&#39; - /testsuites/gitops-operator/test/openshift/e2e/ginkgo/fixture/fixture.go:283 @ 05/15/26 06:33:10.71&#xA;STEP: waiting for ArgoCD CR to be reconciled and the instance to be ready - /testsuites/gitops-operator/test/openshift/e2e/ginkgo/parallel/1-044_validate_resource_limit_changes_test.go:101 @ 05/15/26 06:33:10.736&#xA;ArgoCD status is not yet Available&#xA;ArgoCD status is not yet Available&#xA;ArgoCD status is not yet Available&#xA;ArgoCD status is not yet Available&#xA;ArgoCD status is not yet Available&#xA;ArgoCD status is not yet Available&#xA;ArgoCD status is now Available&#xA;STEP: updating CPU limit to 2 on every component - /testsuites/gitops-operator/test/openshift/e2e/ginkgo/parallel/1-044_validate_resource_limit_changes_test.go:104 @ 05/15/26 06:33:50.908&#xA;STEP: verifying the Deployment argocd-server has expected CPU limit - /testsuites/gitops-operator/test/openshift/e2e/ginkgo/parallel/1-044_validate_resource_limit_changes_test.go:126 @ 05/15/26 06:33:57.948&#xA;PodTemplate argocd-server has CPU limit 2&#xA;STEP: verifying the Deployment argocd-repo-server has expected CPU limit - /testsuites/gitops-operator/test/openshift/e2e/ginkgo/parallel/1-044_validate_resource_limit_changes_test.go:126 @ 05/15/26 06:33:57.952&#xA;PodTemplate argocd-repo-server has CPU limit 2&#xA;STEP: verifying the StatefulSet argocd-application-controller has expected CPU limit - /testsuites/gitops-operator/test/openshift/e2e/ginkgo/parallel/1-044_validate_resource_limit_changes_test.go:138 @ 05/15/26 06:33:57.955&#xA;Object exists in ExistByName: argocd-application-controller&#xA;PodTemplate argocd-application-controller has CPU limit 2&#xA;Deleting Namespace gitops-e2e-test-44bc2cb2-c210&#xA;&lt; Exit [It] validates that updating resource/limit field of ArgoCD updates the corresponding resource/limit of Deployment/StatefulSet - /testsuites/gitops-operator/test/openshift/e2e/ginkgo/parallel/1-044_validate_resource_limit_changes_test.go:52 @ 05/15/26 06:34:12.982 (1m2.288s)&#xA;</system-err>
          </testcase>
          <testcase name="[It] GitOps Operator Parallel E2E Tests 1-057_validate_notifications ensures that NotificationsConfiguration will configure Argo CD to send email on Application create" classname="Parallel Test Suite" status="passed" time="43.787621573">
              <system-err>&gt; Enter [BeforeEach] 1-057_validate_notifications - /testsuites/gitops-operator/test/openshift/e2e/ginkgo/parallel/1-057_validate_notifications_test.go:53 @ 05/15/26 06:34:12.983&#xA;ArgoCD status is now Available&#xA;&lt; Exit [BeforeEach] 1-057_validate_notifications - /testsuites/gitops-operator/test/openshift/e2e/ginkgo/parallel/1-057_validate_notifications_test.go:53 @ 05/15/26 06:34:16.021 (3.038s)&#xA;&gt; Enter [It] ensures that NotificationsConfiguration will configure Argo CD to send email on Application create - /testsuites/gitops-operator/test/openshift/e2e/ginkgo/parallel/1-057_validate_notifications_test.go:60 @ 05/15/26 06:34:16.021&#xA;STEP: creating simple namespace-scoped Argo CD instance with notifications enabled - /testsuites/gitops-operator/test/openshift/e2e/ginkgo/parallel/1-057_validate_notifications_test.go:62 @ 05/15/26 06:34:16.021&#xA;STEP: creating namespace &#39;gitops-e2e-test-6f65f3ac-6046&#39; - /testsuites/gitops-operator/test/openshift/e2e/ginkgo/fixture/fixture.go:283 @ 05/15/26 06:34:16.036&#xA;STEP: creating Service/Deployment that will receive SMTP and write to file - /testsuites/gitops-operator/test/openshift/e2e/ginkgo/parallel/1-057_validate_notifications_test.go:76 @ 05/15/26 06:34:16.063&#xA;STEP: waiting for ArgoCD CR to be reconciled and the instance to be ready - /testsuites/gitops-operator/test/openshift/e2e/ginkgo/parallel/1-057_validate_notifications_test.go:146 @ 05/15/26 06:34:16.099&#xA;ArgoCD status is not yet Available&#xA;ArgoCD status is now Available&#xA;STEP: verifying all workloads are started - /testsuites/gitops-operator/test/openshift/e2e/ginkgo/parallel/1-057_validate_notifications_test.go:149 @ 05/15/26 06:34:31.135&#xA;Object exists in ExistByName: argocd-redis&#xA;Deployment argocd-redis - HaveReplicas: expected:  1 actual:  1&#xA;Deployment  argocd-redis - HaveReadyReplicas: expected:  1 actual:  1&#xA;Object exists in ExistByName: argocd-server&#xA;Deployment argocd-server - HaveReplicas: expected:  1 actual:  1&#xA;Deployment  argocd-server - HaveReadyReplicas: expected:  1 actual:  1&#xA;Object exists in ExistByName: argocd-repo-server&#xA;Deployment argocd-repo-server - HaveReplicas: expected:  1 actual:  1&#xA;Deployment  argocd-repo-server - HaveReadyReplicas: expected:  1 actual:  1&#xA;Object exists in ExistByName: argocd-notifications-controller&#xA;Deployment argocd-notifications-controller - HaveReplicas: expected:  1 actual:  1&#xA;Deployment  argocd-notifications-controller - HaveReadyReplicas: expected:  1 actual:  1&#xA;Object exists in ExistByName: smtp4dev&#xA;Deployment smtp4dev - HaveReplicas: expected:  1 actual:  1&#xA;Deployment  smtp4dev - HaveReadyReplicas: expected:  1 actual:  1&#xA;Object exists in ExistByName: argocd-application-controller&#xA;StatefulSet HaveReplicas: expected:  1 actual:  1&#xA;StatefulSet HaveReadyReplicas: expected:  1 actual:  1&#xA;STEP: modifying NotificationsConfiguration to send email to smtp4dev pod - /testsuites/gitops-operator/test/openshift/e2e/ginkgo/parallel/1-057_validate_notifications_test.go:164 @ 05/15/26 06:34:31.378&#xA;STEP: waiting for operator to reconcile our change to NotificationsConfiguration CR by checking argocd-notifications-cm has expected value - /testsuites/gitops-operator/test/openshift/e2e/ginkgo/parallel/1-057_validate_notifications_test.go:180 @ 05/15/26 06:34:31.403&#xA;Object exists in ExistByName: argocd-notifications-cm&#xA;HaveStringDataKeyValue: ConfigMag key service.email.gmail Have: {host: smtp4dev, port: 2525, from: fake@email.com } Expected: {host: smtp4dev, port: 2525, from: fake@email.com }&#xA;STEP: waiting for ArgoCD CR to be reconciled and the instance to be ready - /testsuites/gitops-operator/test/openshift/e2e/ginkgo/parallel/1-057_validate_notifications_test.go:186 @ 05/15/26 06:34:31.432&#xA;ArgoCD status is now Available&#xA;STEP: creating Applications with notification annotation - /testsuites/gitops-operator/test/openshift/e2e/ginkgo/parallel/1-057_validate_notifications_test.go:189 @ 05/15/26 06:34:41.45&#xA;STEP: waiting for Argo CD to send an email to smtp4dev Pod indicating that the Application was created - /testsuites/gitops-operator/test/openshift/e2e/ginkgo/parallel/1-057_validate_notifications_test.go:213 @ 05/15/26 06:34:41.458&#xA;executing command: [kubectl -n gitops-e2e-test-6f65f3ac-6046 exec --stdin smtp4dev-5d5f8fd4cc-xsp8f -- /bin/bash -c cat /tmp/*]&#xA;Mime-Version: 1.0&#xA;Date: Fri, 15 May 2026 06:34:41 +0000&#xA;To: jdfake@email.com&#xA;Subject: Application my-app-3 has been created.&#xA;From: fake@email.com&#xA;Content-Type: text/plain; charset=UTF-8&#xA;Content-Transfer-Encoding: quoted-printable&#xA;&#xA;Application my-app-3 has been created.&#xA;&#xA;Mime-Version: 1.0&#xA;Date: Fri, 15 May 2026 06:34:41 +0000&#xA;To: jdfake@email.com&#xA;Subject: Application my-app-3 has been created.&#xA;From: fake@email.com&#xA;Content-Type: text/plain; charset=UTF-8&#xA;Content-Transfer-Encoding: quoted-printable&#xA;&#xA;Application my-app-3 has been created.&#xA;&#xA;Deleting Namespace gitops-e2e-test-6f65f3ac-6046&#xA;&lt; Exit [It] ensures that NotificationsConfiguration will configure Argo CD to send email on Application create - /testsuites/gitops-operator/test/openshift/e2e/ginkgo/parallel/1-057_validate_notifications_test.go:60 @ 05/15/26 06:34:56.771 (40.75s)&#xA;</system-err>
          </testcase>
          <testcase name="[It] GitOps Operator Parallel E2E Tests 1-118_validate_redis_ssc verifies that HA pods have expected SSC" classname="Parallel Test Suite" status="passed" time="174.242239886">
              <system-err>&gt; Enter [BeforeEach] 1-118_validate_redis_ssc - /testsuites/gitops-operator/test/openshift/e2e/ginkgo/parallel/1-118_validate_redis_ssc_test.go:44 @ 05/15/26 06:34:56.772&#xA;ArgoCD status is now Available&#xA;&lt; Exit [BeforeEach] 1-118_validate_redis_ssc - /testsuites/gitops-operator/test/openshift/e2e/ginkgo/parallel/1-118_validate_redis_ssc_test.go:44 @ 05/15/26 06:34:59.816 (3.044s)&#xA;&gt; Enter [It] verifies that HA pods have expected SSC - /testsuites/gitops-operator/test/openshift/e2e/ginkgo/parallel/1-118_validate_redis_ssc_test.go:52 @ 05/15/26 06:34:59.816&#xA;ExpectHasAtLeastXNodes, expected: 3 actual: 3&#xA;STEP: creating basic Argo CD instance with HA enabled and waiting for it to be available - /testsuites/gitops-operator/test/openshift/e2e/ginkgo/parallel/1-118_validate_redis_ssc_test.go:59 @ 05/15/26 06:35:00.474&#xA;STEP: creating namespace &#39;gitops-e2e-test-5b1aa381-f154&#39; - /testsuites/gitops-operator/test/openshift/e2e/ginkgo/fixture/fixture.go:283 @ 05/15/26 06:35:00.487&#xA;ArgoCD status is not yet Available&#xA;ArgoCD status is not yet Available&#xA;ArgoCD status is not yet Available&#xA;ArgoCD status is not yet Available&#xA;ArgoCD status is not yet Available&#xA;ArgoCD status is not yet Available&#xA;ArgoCD status is not yet Available&#xA;ArgoCD status is not yet Available&#xA;ArgoCD status is not yet Available&#xA;ArgoCD status is not yet Available&#xA;ArgoCD status is not yet Available&#xA;ArgoCD status is not yet Available&#xA;ArgoCD status is not yet Available&#xA;ArgoCD status is not yet Available&#xA;ArgoCD status is not yet Available&#xA;ArgoCD status is not yet Available&#xA;ArgoCD status is not yet Available&#xA;ArgoCD status is not yet Available&#xA;ArgoCD status is not yet Available&#xA;ArgoCD status is not yet Available&#xA;ArgoCD status is not yet Available&#xA;ArgoCD status is not yet Available&#xA;ArgoCD status is not yet Available&#xA;ArgoCD status is not yet Available&#xA;ArgoCD status is now Available&#xA;HaveRedisStatus: expected: Running / actual: Running&#xA;STEP: verifying argocd-redis-ha pod defaults to expected SCC - /testsuites/gitops-operator/test/openshift/e2e/ginkgo/parallel/1-118_validate_redis_ssc_test.go:75 @ 05/15/26 06:37:10.991&#xA;STEP: verifying argocd-redis-ha-haproxy pod defaults to expected SCC - /testsuites/gitops-operator/test/openshift/e2e/ginkgo/parallel/1-118_validate_redis_ssc_test.go:102 @ 05/15/26 06:37:10.996&#xA;Deleting Namespace gitops-e2e-test-5b1aa381-f154&#xA;&lt; Exit [It] verifies that HA pods have expected SSC - /testsuites/gitops-operator/test/openshift/e2e/ginkgo/parallel/1-118_validate_redis_ssc_test.go:52 @ 05/15/26 06:37:51.014 (2m51.198s)&#xA;</system-err>
          </testcase>
          <testcase name="[It] GitOps Operator Parallel E2E Tests 1-046_validate_application_tracking verifies that when .spec.installationID is set, that value is set on Argo CD ConfigMap, and that installationID is also set on resources deployed by that Argo CD instance, and that .spec.resourceTrackingMethod is defined on that Argo CD instance" classname="Parallel Test Suite" status="passed" time="159.207872337">
              <system-err>&gt; Enter [BeforeEach] 1-046_validate_application_tracking - /testsuites/gitops-operator/test/openshift/e2e/ginkgo/parallel/1-046_validate_application_tracking_test.go:51 @ 05/15/26 06:37:51.015&#xA;&lt; Exit [BeforeEach] 1-046_validate_application_tracking - /testsuites/gitops-operator/test/openshift/e2e/ginkgo/parallel/1-046_validate_application_tracking_test.go:51 @ 05/15/26 06:37:51.021 (5ms)&#xA;&gt; Enter [It] verifies that when .spec.installationID is set, that value is set on Argo CD ConfigMap, and that installationID is also set on resources deployed by that Argo CD instance, and that .spec.resourceTrackingMethod is defined on that Argo CD instance - /testsuites/gitops-operator/test/openshift/e2e/ginkgo/parallel/1-046_validate_application_tracking_test.go:59 @ 05/15/26 06:37:51.021&#xA;STEP: creating namespaces which will contain Argo CD instances and which will be deployed to by Argo CD  - /testsuites/gitops-operator/test/openshift/e2e/ginkgo/parallel/1-046_validate_application_tracking_test.go:61 @ 05/15/26 06:37:51.021&#xA;STEP: creating first Argo CD instance, with installationID &#39;instance-1&#39;, and annotation+label tracking - /testsuites/gitops-operator/test/openshift/e2e/ginkgo/parallel/1-046_validate_application_tracking_test.go:80 @ 05/15/26 06:37:51.392&#xA;STEP: creating second Argo CD instance, with instance-2 ID, and annotation+label tracking - /testsuites/gitops-operator/test/openshift/e2e/ginkgo/parallel/1-046_validate_application_tracking_test.go:93 @ 05/15/26 06:37:51.443&#xA;STEP: creating second Argo CD instance, with instance-3 ID, and annotation tracking (by default it is annotation - /testsuites/gitops-operator/test/openshift/e2e/ginkgo/parallel/1-046_validate_application_tracking_test.go:105 @ 05/15/26 06:37:51.479&#xA;ArgoCD status is not yet Available&#xA;ArgoCD status is not yet Available&#xA;ArgoCD status is not yet Available&#xA;ArgoCD status is not yet Available&#xA;ArgoCD status is not yet Available&#xA;ArgoCD status is now Available&#xA;ArgoCD status is now Available&#xA;ArgoCD status is now Available&#xA;STEP: verifying argocd-cm for Argo CD instances contain the values defined in ArgoCD CR .spec field - /testsuites/gitops-operator/test/openshift/e2e/ginkgo/parallel/1-046_validate_application_tracking_test.go:121 @ 05/15/26 06:38:46.629&#xA;Object exists in ExistByName: argocd-cm&#xA;HaveStringDataKeyValue: ConfigMag key installationID Have: instance-1 Expected: instance-1&#xA;HaveStringDataKeyValue: ConfigMag key application.resourceTrackingMethod Have: annotation+label Expected: annotation+label&#xA;Object exists in ExistByName: argocd-cm&#xA;HaveStringDataKeyValue: ConfigMag key installationID Have: instance-2 Expected: instance-2&#xA;HaveStringDataKeyValue: ConfigMag key application.resourceTrackingMethod Have: annotation+label Expected: annotation+label&#xA;Object exists in ExistByName: argocd-cm&#xA;HaveStringDataKeyValue: ConfigMag key installationID Have: instance-3 Expected: instance-3&#xA;HaveStringDataKeyValue: ConfigMag key application.resourceTrackingMethod Have: annotation Expected: annotation&#xA;STEP: adding managed-by label to test-1-046-argocd-(1/3), managed by Argo CD instances 1, 2 and 3 - /testsuites/gitops-operator/test/openshift/e2e/ginkgo/parallel/1-046_validate_application_tracking_test.go:154 @ 05/15/26 06:38:46.742&#xA;STEP: verifying role is created in the correct source-ns-(1/3) namespaces, for instances - /testsuites/gitops-operator/test/openshift/e2e/ginkgo/parallel/1-046_validate_application_tracking_test.go:177 @ 05/15/26 06:38:46.799&#xA;Object exists in ExistByName: argocd-1-argocd-application-controller&#xA;Object does not exists in ExistByName: argocd-2-argocd-application-controller roles.rbac.authorization.k8s.io &#34;argocd-2-argocd-application-controller&#34; not found&#xA;Object exists in ExistByName: argocd-2-argocd-application-controller&#xA;Object exists in ExistByName: argocd-3-argocd-application-controller&#xA;STEP: by defining a simple Argo CD Application for both Argo CD instances, to deploy to source namespaces 1/2 respectively - /testsuites/gitops-operator/test/openshift/e2e/ginkgo/parallel/1-046_validate_application_tracking_test.go:202 @ 05/15/26 06:38:49.843&#xA;STEP: verifying that the Applications successfully deployed, and that they have the correct installation-id and tracking-id, based on which Argo CD instance deployed them - /testsuites/gitops-operator/test/openshift/e2e/ginkgo/parallel/1-046_validate_application_tracking_test.go:271 @ 05/15/26 06:38:49.867&#xA;HaveHealthStatusCode - current health:  / expected health: Healthy&#xA;HaveHealthStatusCode - current health:  / expected health: Healthy&#xA;HaveHealthStatusCode - current health: Healthy / expected health: Healthy&#xA;HaveSyncStatusCode - current syncStatusCode: Synced  / expected syncStatusCode: Synced&#xA;HaveHealthStatusCode - current health: Healthy / expected health: Healthy&#xA;HaveSyncStatusCode - current syncStatusCode: Synced  / expected syncStatusCode: Synced&#xA;HaveHealthStatusCode - current health: Progressing / expected health: Healthy&#xA;HaveHealthStatusCode - current health: Healthy / expected health: Healthy&#xA;HaveSyncStatusCode - current syncStatusCode: Synced  / expected syncStatusCode: Synced&#xA;Object exists in ExistByName: nginx-deployment&#xA;HaveLabelWithValue - Key app.kubernetes.io/instance Expect: test-app / Have: test-app&#xA;Object exists in ExistByName: nginx-deployment&#xA;HaveLabelWithValue - Key app.kubernetes.io/instance Expect: test-app / Have: test-app&#xA;Object exists in ExistByName: nginx-deployment&#xA;Deleting Namespace source-ns-3&#xA;Deleting Namespace source-ns-2&#xA;Deleting Namespace source-ns-1&#xA;Deleting Namespace test-1-046-argocd-3&#xA;Deleting Namespace test-1-046-argocd-2&#xA;Deleting Namespace test-1-046-argocd-1&#xA;&lt; Exit [It] verifies that when .spec.installationID is set, that value is set on Argo CD ConfigMap, and that installationID is also set on resources deployed by that Argo CD instance, and that .spec.resourceTrackingMethod is defined on that Argo CD instance - /testsuites/gitops-operator/test/openshift/e2e/ginkgo/parallel/1-046_validate_application_tracking_test.go:59 @ 05/15/26 06:40:30.223 (2m39.202s)&#xA;</system-err>
          </testcase>
          <testcase name="[It] GitOps Operator Parallel E2E Tests 1-079_validate_vars_for_notificaitons ensures that setting an environment variable on notifications controller via ArgoCD CR will cause the env var to be set on notification controller Deployment" classname="Parallel Test Suite" status="passed" time="55.342471225">
              <system-err>&gt; Enter [BeforeEach] 1-079_validate_vars_for_notificaitons - /testsuites/gitops-operator/test/openshift/e2e/ginkgo/parallel/1-079_validate_vars_for_notificaitons_test.go:45 @ 05/15/26 06:40:30.224&#xA;ArgoCD status is now Available&#xA;&lt; Exit [BeforeEach] 1-079_validate_vars_for_notificaitons - /testsuites/gitops-operator/test/openshift/e2e/ginkgo/parallel/1-079_validate_vars_for_notificaitons_test.go:45 @ 05/15/26 06:40:33.262 (3.037s)&#xA;&gt; Enter [It] ensures that setting an environment variable on notifications controller via ArgoCD CR will cause the env var to be set on notification controller Deployment - /testsuites/gitops-operator/test/openshift/e2e/ginkgo/parallel/1-079_validate_vars_for_notificaitons_test.go:52 @ 05/15/26 06:40:33.262&#xA;STEP: creating an Argo CD instance with notification enabled - /testsuites/gitops-operator/test/openshift/e2e/ginkgo/parallel/1-079_validate_vars_for_notificaitons_test.go:53 @ 05/15/26 06:40:33.262&#xA;STEP: creating namespace &#39;gitops-e2e-test-5b1448f0-b51a&#39; - /testsuites/gitops-operator/test/openshift/e2e/ginkgo/fixture/fixture.go:283 @ 05/15/26 06:40:33.276&#xA;STEP: waiting for ArgoCD CR to be reconciled and the instance to be ready - /testsuites/gitops-operator/test/openshift/e2e/ginkgo/parallel/1-079_validate_vars_for_notificaitons_test.go:75 @ 05/15/26 06:40:33.308&#xA;ArgoCD status is not yet Available&#xA;ArgoCD status is now Available&#xA;HaveNotificationControllerStatus: expected: Running / actual: Running&#xA;STEP: waiting for notification controller to be ready - /testsuites/gitops-operator/test/openshift/e2e/ginkgo/parallel/1-079_validate_vars_for_notificaitons_test.go:79 @ 05/15/26 06:40:48.359&#xA;Object exists in ExistByName: example-argocd-notifications-controller&#xA;Deployment  example-argocd-notifications-controller - HaveReadyReplicas: expected:  1 actual:  1&#xA;STEP: adding environment variable to Notifications controller via ArgoCD CR - /testsuites/gitops-operator/test/openshift/e2e/ginkgo/parallel/1-079_validate_vars_for_notificaitons_test.go:84 @ 05/15/26 06:40:48.384&#xA;STEP: verifying env var is set on the notification controller Deployment, and the Deployment becomes ready - /testsuites/gitops-operator/test/openshift/e2e/ginkgo/parallel/1-079_validate_vars_for_notificaitons_test.go:90 @ 05/15/26 06:40:55.407&#xA;HaveContainerWithEnvVar - Key  foo  Expected: bar Actual: bar&#xA;Deployment  example-argocd-notifications-controller - HaveReadyReplicas: expected:  1 actual:  1&#xA;STEP: waiting for ArgoCD CR to be reconciled and the instance to be ready - /testsuites/gitops-operator/test/openshift/e2e/ginkgo/parallel/1-079_validate_vars_for_notificaitons_test.go:94 @ 05/15/26 06:40:55.462&#xA;ArgoCD status is now Available&#xA;HaveNotificationControllerStatus: expected: Running / actual: Running&#xA;HaveServerStatus: expected: Running / actual: Running&#xA;Deleting Namespace gitops-e2e-test-5b1448f0-b51a&#xA;&lt; Exit [It] ensures that setting an environment variable on notifications controller via ArgoCD CR will cause the env var to be set on notification controller Deployment - /testsuites/gitops-operator/test/openshift/e2e/ginkgo/parallel/1-079_validate_vars_for_notificaitons_test.go:52 @ 05/15/26 06:41:25.566 (52.305s)&#xA;</system-err>
          </testcase>
          <testcase name="[It] GitOps Operator Parallel E2E Tests 1-082_validate_node_placement verifies that setting values in .spec.nodePlacement on Argo CD CR cause those values to be set on the Argo CD Deployment/StatefulSet workloads" classname="Parallel Test Suite" status="passed" time="72.735847693">
              <system-err>&gt; Enter [BeforeEach] 1-082_validate_node_placement - /testsuites/gitops-operator/test/openshift/e2e/ginkgo/parallel/1-082_validate_node_placement_test.go:46 @ 05/15/26 06:41:25.568&#xA;ArgoCD status is now Available&#xA;&lt; Exit [BeforeEach] 1-082_validate_node_placement - /testsuites/gitops-operator/test/openshift/e2e/ginkgo/parallel/1-082_validate_node_placement_test.go:46 @ 05/15/26 06:41:28.617 (3.049s)&#xA;&gt; Enter [It] verifies that setting values in .spec.nodePlacement on Argo CD CR cause those values to be set on the Argo CD Deployment/StatefulSet workloads - /testsuites/gitops-operator/test/openshift/e2e/ginkgo/parallel/1-082_validate_node_placement_test.go:52 @ 05/15/26 06:41:28.617&#xA;STEP: creating a basic Argo CD instance - /testsuites/gitops-operator/test/openshift/e2e/ginkgo/parallel/1-082_validate_node_placement_test.go:54 @ 05/15/26 06:41:28.617&#xA;STEP: creating namespace &#39;gitops-e2e-test-4bc77eac-7c04&#39; - /testsuites/gitops-operator/test/openshift/e2e/ginkgo/fixture/fixture.go:283 @ 05/15/26 06:41:28.634&#xA;STEP: waiting for ArgoCD CR to be reconciled and the instance to be ready - /testsuites/gitops-operator/test/openshift/e2e/ginkgo/parallel/1-082_validate_node_placement_test.go:67 @ 05/15/26 06:41:28.673&#xA;ArgoCD status is not yet Available&#xA;ArgoCD status is not yet Available&#xA;ArgoCD status is not yet Available&#xA;ArgoCD status is not yet Available&#xA;ArgoCD status is not yet Available&#xA;ArgoCD status is now Available&#xA;STEP: setting ArgoCD .spec.nodePlacement field with &#39;key1&#39;: &#39;value1&#39;. The operator should set the value on all Argo CD workloads - /testsuites/gitops-operator/test/openshift/e2e/ginkgo/parallel/1-082_validate_node_placement_test.go:70 @ 05/15/26 06:42:03.805&#xA;STEP: verifying that Argo CD Deployments use the nodeSelector value from ArgoCD CR - /testsuites/gitops-operator/test/openshift/e2e/ginkgo/parallel/1-082_validate_node_placement_test.go:79 @ 05/15/26 06:42:10.844&#xA;Object exists in ExistByName: example-argocd-redis&#xA;HaveTemplateSpecNodeSelector - expected: map[key1:value1 kubernetes.io/os:linux] actual: map[key1:value1 kubernetes.io/os:linux]&#xA;Object exists in ExistByName: example-argocd-repo-server&#xA;HaveTemplateSpecNodeSelector - expected: map[key1:value1 kubernetes.io/os:linux] actual: map[key1:value1 kubernetes.io/os:linux]&#xA;Object exists in ExistByName: example-argocd-server&#xA;HaveTemplateSpecNodeSelector - expected: map[key1:value1 kubernetes.io/os:linux] actual: map[key1:value1 kubernetes.io/os:linux]&#xA;STEP: verifying that Argo CD StatefulSet uses the nodeSelector value from ArgoCD CR - /testsuites/gitops-operator/test/openshift/e2e/ginkgo/parallel/1-082_validate_node_placement_test.go:91 @ 05/15/26 06:42:10.969&#xA;Object exists in ExistByName: example-argocd-application-controller&#xA;HaveTemplateSpecNodeSelector - expected: map[key1:value1 kubernetes.io/os:linux] actual: map[key1:value1 kubernetes.io/os:linux]&#xA;STEP: adding a toleration to the nodePlacement in the Argo CD CR - /testsuites/gitops-operator/test/openshift/e2e/ginkgo/parallel/1-082_validate_node_placement_test.go:96 @ 05/15/26 06:42:11.009&#xA;STEP: verifying the Argo CD Deployments are updated to include the toleration change in nodePlacement of CR - /testsuites/gitops-operator/test/openshift/e2e/ginkgo/parallel/1-082_validate_node_placement_test.go:108 @ 05/15/26 06:42:18.057&#xA;Object exists in ExistByName: example-argocd-redis&#xA;HaveTemplateSpecNodeSelector - expected: map[key1:value1 kubernetes.io/os:linux] actual: map[key1:value1 kubernetes.io/os:linux]&#xA;HaveTolerations - expected: [{key1 Equal value1 NoSchedule &lt;nil&gt;}] actual: [{key1 Equal value1 NoSchedule &lt;nil&gt;}]&#xA;Object exists in ExistByName: example-argocd-repo-server&#xA;HaveTemplateSpecNodeSelector - expected: map[key1:value1 kubernetes.io/os:linux] actual: map[key1:value1 kubernetes.io/os:linux]&#xA;HaveTolerations - expected: [{key1 Equal value1 NoSchedule &lt;nil&gt;}] actual: [{key1 Equal value1 NoSchedule &lt;nil&gt;}]&#xA;Object exists in ExistByName: example-argocd-server&#xA;HaveTemplateSpecNodeSelector - expected: map[key1:value1 kubernetes.io/os:linux] actual: map[key1:value1 kubernetes.io/os:linux]&#xA;HaveTolerations - expected: [{key1 Equal value1 NoSchedule &lt;nil&gt;}] actual: [{key1 Equal value1 NoSchedule &lt;nil&gt;}]&#xA;STEP: verifying the Argo CD StatefulSet is updated to include the toleration change in nodePlacement of CR - /testsuites/gitops-operator/test/openshift/e2e/ginkgo/parallel/1-082_validate_node_placement_test.go:119 @ 05/15/26 06:42:18.222&#xA;Object exists in ExistByName: example-argocd-application-controller&#xA;HaveTemplateSpecNodeSelector - expected: map[key1:value1 kubernetes.io/os:linux] actual: map[key1:value1 kubernetes.io/os:linux]&#xA;HaveTolerations - expected: [{key1 Equal value1 NoSchedule &lt;nil&gt;}] actual: [{key1 Equal value1 NoSchedule &lt;nil&gt;}]&#xA;Deleting Namespace gitops-e2e-test-4bc77eac-7c04&#xA;&lt; Exit [It] verifies that setting values in .spec.nodePlacement on Argo CD CR cause those values to be set on the Argo CD Deployment/StatefulSet workloads - /testsuites/gitops-operator/test/openshift/e2e/ginkgo/parallel/1-082_validate_node_placement_test.go:52 @ 05/15/26 06:42:38.303 (1m9.686s)&#xA;</system-err>
          </testcase>
          <testcase name="[It] GitOps Operator Parallel E2E Tests 1-003_alpha_to_beta_sso_conflict_conversion verifies expected behaviour of ArgoCD CR when dex and keycloak are both specified in v1alpha1 API" classname="Parallel Test Suite" status="passed" time="21.319530273">
              <system-err>&gt; Enter [BeforeEach] 1-003_alpha_to_beta_sso_conflict_conversion - /testsuites/gitops-operator/test/openshift/e2e/ginkgo/parallel/1-003_alpha_to_beta_sso_conflict_conversion_test.go:45 @ 05/15/26 06:42:38.304&#xA;ArgoCD status is now Available&#xA;&lt; Exit [BeforeEach] 1-003_alpha_to_beta_sso_conflict_conversion - /testsuites/gitops-operator/test/openshift/e2e/ginkgo/parallel/1-003_alpha_to_beta_sso_conflict_conversion_test.go:45 @ 05/15/26 06:42:41.346 (3.042s)&#xA;&gt; Enter [It] verifies expected behaviour of ArgoCD CR when dex and keycloak are both specified in v1alpha1 API - /testsuites/gitops-operator/test/openshift/e2e/ginkgo/parallel/1-003_alpha_to_beta_sso_conflict_conversion_test.go:51 @ 05/15/26 06:42:41.346&#xA;STEP: creating namespace &#39;gitops-e2e-test-05030aaa-4f0d&#39; - /testsuites/gitops-operator/test/openshift/e2e/ginkgo/fixture/fixture.go:283 @ 05/15/26 06:42:41.36&#xA;STEP: creating Argo CD with both Dex and Keycloak values set in v1alpha1 API - /testsuites/gitops-operator/test/openshift/e2e/ginkgo/parallel/1-003_alpha_to_beta_sso_conflict_conversion_test.go:61 @ 05/15/26 06:42:41.367&#xA;2026-05-15T06:42:41Z&#x9;INFO&#x9;ArgoCD v1alpha1 version is deprecated and will be converted to v1beta1 automatically. Moving forward, please use v1beta1 as the ArgoCD API version.&#xA;Object exists in ExistByName: argocd&#xA;STEP: verifying expected Argo CD is running, that SSO status has failed, and has the expected values via the v1beta1 API - /testsuites/gitops-operator/test/openshift/e2e/ginkgo/parallel/1-003_alpha_to_beta_sso_conflict_conversion_test.go:94 @ 05/15/26 06:42:41.436&#xA;HaveSSOStatus: expected: Failed / actual: &#xA;HaveSSOStatus: expected: Failed / actual: Failed&#xA;STEP: deleting ArgoCD CR via v1alpha1 API - /testsuites/gitops-operator/test/openshift/e2e/ginkgo/parallel/1-003_alpha_to_beta_sso_conflict_conversion_test.go:105 @ 05/15/26 06:42:46.478&#xA;2026-05-15T06:42:46Z&#x9;INFO&#x9;ArgoCD v1alpha1 version is deprecated and will be converted to v1beta1 automatically. Moving forward, please use v1beta1 as the ArgoCD API version.&#xA;STEP: verifying ArgoCD CR no longer exists via v1beta1 API - /testsuites/gitops-operator/test/openshift/e2e/ginkgo/parallel/1-003_alpha_to_beta_sso_conflict_conversion_test.go:108 @ 05/15/26 06:42:46.583&#xA;Deleting Namespace gitops-e2e-test-05030aaa-4f0d&#xA;&lt; Exit [It] verifies expected behaviour of ArgoCD CR when dex and keycloak are both specified in v1alpha1 API - /testsuites/gitops-operator/test/openshift/e2e/ginkgo/parallel/1-003_alpha_to_beta_sso_conflict_conversion_test.go:51 @ 05/15/26 06:42:59.624 (18.277s)&#xA;</system-err>
          </testcase>
          <testcase name="[It] GitOps Operator Parallel E2E Tests 1-005_validate_metrics_test verifies that default ServiceMonitors exist in openshift-gitops and PrometheusRule ArgoCDSyncAlert exists" classname="Parallel Test Suite" status="passed" time="3.105435123">
              <system-err>&gt; Enter [BeforeEach] 1-005_validate_metrics_test - /testsuites/gitops-operator/test/openshift/e2e/ginkgo/parallel/1-005_validate_metrics_test.go:18 @ 05/15/26 06:42:59.625&#xA;ArgoCD status is now Available&#xA;&lt; Exit [BeforeEach] 1-005_validate_metrics_test - /testsuites/gitops-operator/test/openshift/e2e/ginkgo/parallel/1-005_validate_metrics_test.go:18 @ 05/15/26 06:43:02.668 (3.044s)&#xA;&gt; Enter [It] verifies that default ServiceMonitors exist in openshift-gitops and PrometheusRule ArgoCDSyncAlert exists - /testsuites/gitops-operator/test/openshift/e2e/ginkgo/parallel/1-005_validate_metrics_test.go:22 @ 05/15/26 06:43:02.669&#xA;STEP: verifying openshift-gitops ServiceMonitor exists and has expected values - /testsuites/gitops-operator/test/openshift/e2e/ginkgo/parallel/1-005_validate_metrics_test.go:24 @ 05/15/26 06:43:02.669&#xA;Object exists in ExistByName: openshift-gitops&#xA;STEP: verifying openshift-gitops-repo-server ServiceMonitor exists and has expected values - /testsuites/gitops-operator/test/openshift/e2e/ginkgo/parallel/1-005_validate_metrics_test.go:46 @ 05/15/26 06:43:02.686&#xA;Object exists in ExistByName: openshift-gitops-repo-server&#xA;STEP: verifying openshift-gitops-server ServiceMonitor exists and has expected values - /testsuites/gitops-operator/test/openshift/e2e/ginkgo/parallel/1-005_validate_metrics_test.go:68 @ 05/15/26 06:43:02.704&#xA;Object exists in ExistByName: openshift-gitops-server&#xA;STEP: verifying PrometheusRule gitops-operator-argocd-alerts exists and has expected values - /testsuites/gitops-operator/test/openshift/e2e/ginkgo/parallel/1-005_validate_metrics_test.go:90 @ 05/15/26 06:43:02.718&#xA;Object exists in ExistByName: gitops-operator-argocd-alerts&#xA;&lt; Exit [It] verifies that default ServiceMonitors exist in openshift-gitops and PrometheusRule ArgoCDSyncAlert exists - /testsuites/gitops-operator/test/openshift/e2e/ginkgo/parallel/1-005_validate_metrics_test.go:22 @ 05/15/26 06:43:02.73 (62ms)&#xA;</system-err>
          </testcase>
          <testcase name="[It] GitOps Operator Parallel E2E Tests 1-009_validate-manage-other-namespace verifies that a namespace-scoped Argo CD in one namespace is able to manage another namespace via the managed-by label" classname="Parallel Test Suite" status="passed" time="104.638014909">
              <system-err>&gt; Enter [BeforeEach] 1-009_validate-manage-other-namespace - /testsuites/gitops-operator/test/openshift/e2e/ginkgo/parallel/1-009_validate-manage-other-namespace_test.go:50 @ 05/15/26 06:43:02.731&#xA;ArgoCD status is now Available&#xA;&lt; Exit [BeforeEach] 1-009_validate-manage-other-namespace - /testsuites/gitops-operator/test/openshift/e2e/ginkgo/parallel/1-009_validate-manage-other-namespace_test.go:50 @ 05/15/26 06:43:05.776 (3.045s)&#xA;&gt; Enter [It] verifies that a namespace-scoped Argo CD in one namespace is able to manage another namespace via the managed-by label - /testsuites/gitops-operator/test/openshift/e2e/ginkgo/parallel/1-009_validate-manage-other-namespace_test.go:56 @ 05/15/26 06:43:05.776&#xA;STEP: creating namespace &#39;test-1-9-custom&#39; - /testsuites/gitops-operator/test/openshift/e2e/ginkgo/fixture/fixture.go:283 @ 05/15/26 06:43:05.793&#xA;STEP: creating namespace &#39;gitops-e2e-test-3e55c41a-36bd&#39; - /testsuites/gitops-operator/test/openshift/e2e/ginkgo/fixture/fixture.go:283 @ 05/15/26 06:43:05.866&#xA;STEP: creating simple namespace-scoped Argo CD - /testsuites/gitops-operator/test/openshift/e2e/ginkgo/parallel/1-009_validate-manage-other-namespace_test.go:64 @ 05/15/26 06:43:05.918&#xA;STEP: waiting for Argo CD to be available - /testsuites/gitops-operator/test/openshift/e2e/ginkgo/parallel/1-009_validate-manage-other-namespace_test.go:70 @ 05/15/26 06:43:05.998&#xA;ArgoCD status is not yet Available&#xA;ArgoCD status is now Available&#xA;STEP: modifying the labels of another namespace to add the argocd managed-by label - /testsuites/gitops-operator/test/openshift/e2e/ginkgo/parallel/1-009_validate-manage-other-namespace_test.go:73 @ 05/15/26 06:43:21.039&#xA;STEP: verifying that Argo CD eventually includes this other namespace in its Secret list of managed namespaces - /testsuites/gitops-operator/test/openshift/e2e/ginkgo/parallel/1-009_validate-manage-other-namespace_test.go:78 @ 05/15/26 06:43:21.072&#xA;Object exists in ExistByName: argocd-default-cluster-config&#xA;HaveStringDataKeyValue - Key: namespaces Expected: gitops-e2e-test-3e55c41a-36bd,test-1-9-custom / Have: gitops-e2e-test-3e55c41a-36bd&#xA;HaveStringDataKeyValue - Key: namespaces Expected: gitops-e2e-test-3e55c41a-36bd,test-1-9-custom / Have: gitops-e2e-test-3e55c41a-36bd,test-1-9-custom&#xA;STEP: creating Argo CD Application targeting the other namespace - /testsuites/gitops-operator/test/openshift/e2e/ginkgo/parallel/1-009_validate-manage-other-namespace_test.go:90 @ 05/15/26 06:43:24.135&#xA;STEP: verifying that Argo CD is able to deploy to that other namespace - /testsuites/gitops-operator/test/openshift/e2e/ginkgo/parallel/1-009_validate-manage-other-namespace_test.go:111 @ 05/15/26 06:43:24.142&#xA;HaveHealthStatusCode - current health:  / expected health: Healthy&#xA;HaveHealthStatusCode - current health:  / expected health: Healthy&#xA;HaveHealthStatusCode - current health: Healthy / expected health: Healthy&#xA;HaveSyncStatusCode - current syncStatusCode: Synced  / expected syncStatusCode: Synced&#xA;STEP: removing managed-by label from that other Namespace - /testsuites/gitops-operator/test/openshift/e2e/ginkgo/parallel/1-009_validate-manage-other-namespace_test.go:115 @ 05/15/26 06:43:34.208&#xA;STEP: verifying label is removed from Argo CD Secret - /testsuites/gitops-operator/test/openshift/e2e/ginkgo/parallel/1-009_validate-manage-other-namespace_test.go:120 @ 05/15/26 06:43:34.232&#xA;HaveStringDataKeyValue - Key: namespaces Expected: gitops-e2e-test-3e55c41a-36bd / Have: gitops-e2e-test-3e55c41a-36bd,test-1-9-custom&#xA;HaveStringDataKeyValue - Key: namespaces Expected: gitops-e2e-test-3e55c41a-36bd / Have: gitops-e2e-test-3e55c41a-36bd&#xA;STEP: verifying Argo CD managed-by roles and rolebindings are removed from other namespace - /testsuites/gitops-operator/test/openshift/e2e/ginkgo/parallel/1-009_validate-manage-other-namespace_test.go:124 @ 05/15/26 06:43:37.265&#xA;Deleting Namespace gitops-e2e-test-3e55c41a-36bd&#xA;Deleting Namespace test-1-9-custom&#xA;&lt; Exit [It] verifies that a namespace-scoped Argo CD in one namespace is able to manage another namespace via the managed-by label - /testsuites/gitops-operator/test/openshift/e2e/ginkgo/parallel/1-009_validate-manage-other-namespace_test.go:56 @ 05/15/26 06:44:47.369 (1m41.593s)&#xA;</system-err>
          </testcase>
          <testcase name="[It] GitOps Operator Parallel E2E Tests 1-096-validate_home_env_argocd_controller verifies openshift-gitops app controller StatefulSet container has expected HOME and REDIS_PASSWORD values" classname="Parallel Test Suite" status="passed" time="3.070898963">
              <system-err>&gt; Enter [BeforeEach] 1-096-validate_home_env_argocd_controller - /testsuites/gitops-operator/test/openshift/e2e/ginkgo/parallel/1-096-validate_home_env_argocd_controller_test.go:34 @ 05/15/26 06:44:47.37&#xA;ArgoCD status is now Available&#xA;&lt; Exit [BeforeEach] 1-096-validate_home_env_argocd_controller - /testsuites/gitops-operator/test/openshift/e2e/ginkgo/parallel/1-096-validate_home_env_argocd_controller_test.go:34 @ 05/15/26 06:44:50.411 (3.041s)&#xA;&gt; Enter [It] verifies openshift-gitops app controller StatefulSet container has expected HOME and REDIS_PASSWORD values - /testsuites/gitops-operator/test/openshift/e2e/ginkgo/parallel/1-096-validate_home_env_argocd_controller_test.go:39 @ 05/15/26 06:44:50.411&#xA;STEP: verifying openshift-gitops-application-controller StatefulSet has the expected values for HOME and REDIS_PASSWORD - /testsuites/gitops-operator/test/openshift/e2e/ginkgo/parallel/1-096-validate_home_env_argocd_controller_test.go:41 @ 05/15/26 06:44:50.411&#xA;Object exists in ExistByName: openshift-gitops-application-controller&#xA;HaveContainerWithEnvVar - Key  HOME  Expected: /home/argocd Actual: /home/argocd&#xA;&lt; Exit [It] verifies openshift-gitops app controller StatefulSet container has expected HOME and REDIS_PASSWORD values - /testsuites/gitops-operator/test/openshift/e2e/ginkgo/parallel/1-096-validate_home_env_argocd_controller_test.go:39 @ 05/15/26 06:44:50.441 (30ms)&#xA;</system-err>
          </testcase>
          <testcase name="[It] GitOps Operator Parallel E2E Tests 1-088_validate_applicationset_add_env_vars ensures that you can add env vars to applicationset container via .spec.applicationset.env field" classname="Parallel Test Suite" status="passed" time="40.200561007">
              <system-err>&gt; Enter [BeforeEach] 1-088_validate_applicationset_add_env_vars - /testsuites/gitops-operator/test/openshift/e2e/ginkgo/parallel/1-088_validate_applicationset_add_env_vars_test.go:47 @ 05/15/26 06:44:50.442&#xA;ArgoCD status is now Available&#xA;&lt; Exit [BeforeEach] 1-088_validate_applicationset_add_env_vars - /testsuites/gitops-operator/test/openshift/e2e/ginkgo/parallel/1-088_validate_applicationset_add_env_vars_test.go:47 @ 05/15/26 06:44:53.477 (3.036s)&#xA;&gt; Enter [It] ensures that you can add env vars to applicationset container via .spec.applicationset.env field - /testsuites/gitops-operator/test/openshift/e2e/ginkgo/parallel/1-088_validate_applicationset_add_env_vars_test.go:53 @ 05/15/26 06:44:53.478&#xA;STEP: creating namespace &#39;gitops-e2e-test-0b1b9e38-5d07&#39; - /testsuites/gitops-operator/test/openshift/e2e/ginkgo/fixture/fixture.go:283 @ 05/15/26 06:44:53.491&#xA;STEP: creating ArgoCD CR with appset controller enabled - /testsuites/gitops-operator/test/openshift/e2e/ginkgo/parallel/1-088_validate_applicationset_add_env_vars_test.go:58 @ 05/15/26 06:44:53.503&#xA;STEP: waiting for ArgoCD CR to be reconciled and the instance to be ready - /testsuites/gitops-operator/test/openshift/e2e/ginkgo/parallel/1-088_validate_applicationset_add_env_vars_test.go:69 @ 05/15/26 06:44:53.54&#xA;ArgoCD status is not yet Available&#xA;ArgoCD status is now Available&#xA;Deployment  example-argocd-applicationset-controller - HaveReadyReplicas: expected:  1 actual:  1&#xA;STEP: adding an env to applicationset via ArgoCD CR - /testsuites/gitops-operator/test/openshift/e2e/ginkgo/parallel/1-088_validate_applicationset_add_env_vars_test.go:80 @ 05/15/26 06:45:08.589&#xA;STEP: verifying env var is added to Deployment, and that other env vars are still present - /testsuites/gitops-operator/test/openshift/e2e/ginkgo/parallel/1-088_validate_applicationset_add_env_vars_test.go:85 @ 05/15/26 06:45:15.617&#xA;HaveContainerWithEnvVar - Key  foo  Expected: bar Actual: bar&#xA;Deleting Namespace gitops-e2e-test-0b1b9e38-5d07&#xA;&lt; Exit [It] ensures that you can add env vars to applicationset container via .spec.applicationset.env field - /testsuites/gitops-operator/test/openshift/e2e/ginkgo/parallel/1-088_validate_applicationset_add_env_vars_test.go:53 @ 05/15/26 06:45:30.642 (37.165s)&#xA;</system-err>
          </testcase>
          <testcase name="[It] GitOps Operator Parallel E2E Tests 1-124_validate_networkpolicies reconciles drifted NetworkPolicy and respects disabling networkPolicy.enabled" classname="Parallel Test Suite" status="passed" time="155.386860074">
              <system-err>&gt; Enter [BeforeEach] 1-124_validate_networkpolicies - /testsuites/gitops-operator/test/openshift/e2e/ginkgo/parallel/1-124_validate_networkpolicies_test.go:49 @ 05/15/26 06:45:30.643&#xA;ArgoCD status is now Available&#xA;&lt; Exit [BeforeEach] 1-124_validate_networkpolicies - /testsuites/gitops-operator/test/openshift/e2e/ginkgo/parallel/1-124_validate_networkpolicies_test.go:49 @ 05/15/26 06:45:33.68 (3.037s)&#xA;&gt; Enter [It] reconciles drifted NetworkPolicy and respects disabling networkPolicy.enabled - /testsuites/gitops-operator/test/openshift/e2e/ginkgo/parallel/1-124_validate_networkpolicies_test.go:317 @ 05/15/26 06:45:33.68&#xA;STEP: creating namespace-scoped Argo CD instance - /testsuites/gitops-operator/test/openshift/e2e/ginkgo/parallel/1-124_validate_networkpolicies_test.go:318 @ 05/15/26 06:45:33.68&#xA;STEP: creating namespace &#39;gitops-e2e-test-8a2e2405-8539&#39; - /testsuites/gitops-operator/test/openshift/e2e/ginkgo/fixture/fixture.go:283 @ 05/15/26 06:45:33.696&#xA;ArgoCD status is not yet Available&#xA;ArgoCD status is not yet Available&#xA;ArgoCD status is not yet Available&#xA;ArgoCD status is not yet Available&#xA;ArgoCD status is not yet Available&#xA;ArgoCD status is now Available&#xA;STEP: waiting for repo-server NetworkPolicy to exist - /testsuites/gitops-operator/test/openshift/e2e/ginkgo/parallel/1-124_validate_networkpolicies_test.go:338 @ 05/15/26 06:46:08.877&#xA;Object exists in ExistByName: example-argocd-repo-server-network-policy&#xA;STEP: introducing drift into the repo-server NetworkPolicy - /testsuites/gitops-operator/test/openshift/e2e/ginkgo/parallel/1-124_validate_networkpolicies_test.go:342 @ 05/15/26 06:46:08.891&#xA;STEP: verifying the operator reconciles NetworkPolicy drift - /testsuites/gitops-operator/test/openshift/e2e/ginkgo/parallel/1-124_validate_networkpolicies_test.go:351 @ 05/15/26 06:46:08.91&#xA;STEP: disabling networkPolicy.enabled - /testsuites/gitops-operator/test/openshift/e2e/ginkgo/parallel/1-124_validate_networkpolicies_test.go:359 @ 05/15/26 06:46:13.919&#xA;STEP: verifying NetworkPolicies are deleted and not recreated while disabled - /testsuites/gitops-operator/test/openshift/e2e/ginkgo/parallel/1-124_validate_networkpolicies_test.go:365 @ 05/15/26 06:46:20.97&#xA;Deleting Namespace gitops-e2e-test-8a2e2405-8539&#xA;&lt; Exit [It] reconciles drifted NetworkPolicy and respects disabling networkPolicy.enabled - /testsuites/gitops-operator/test/openshift/e2e/ginkgo/parallel/1-124_validate_networkpolicies_test.go:317 @ 05/15/26 06:48:06.03 (2m32.349s)&#xA;&gt; Enter [AfterEach] 1-124_validate_networkpolicies - /testsuites/gitops-operator/test/openshift/e2e/ginkgo/parallel/1-124_validate_networkpolicies_test.go:55 @ 05/15/26 06:48:06.03&#xA;&lt; Exit [AfterEach] 1-124_validate_networkpolicies - /testsuites/gitops-operator/test/openshift/e2e/ginkgo/parallel/1-124_validate_networkpolicies_test.go:55 @ 05/15/26 06:48:06.03 (0s)&#xA;</system-err>
          </testcase>
          <testcase name="[It] GitOps Operator Parallel E2E Tests 1-109_validate_server_sidecar verifies that setting a sidecar in server via ArgoCD CR will cause that sidecar to appear in server Deployment" classname="Parallel Test Suite" status="passed" time="18.1240584">
              <system-err>&gt; Enter [BeforeEach] 1-109_validate_server_sidecar - /testsuites/gitops-operator/test/openshift/e2e/ginkgo/parallel/1-109_validate_server_sidecar_test.go:45 @ 05/15/26 06:48:06.031&#xA;ArgoCD status is now Available&#xA;&lt; Exit [BeforeEach] 1-109_validate_server_sidecar - /testsuites/gitops-operator/test/openshift/e2e/ginkgo/parallel/1-109_validate_server_sidecar_test.go:45 @ 05/15/26 06:48:09.068 (3.037s)&#xA;&gt; Enter [It] verifies that setting a sidecar in server via ArgoCD CR will cause that sidecar to appear in server Deployment - /testsuites/gitops-operator/test/openshift/e2e/ginkgo/parallel/1-109_validate_server_sidecar_test.go:53 @ 05/15/26 06:48:09.068&#xA;STEP: creating an ArgoCD CR with a sidecar in the application controller - /testsuites/gitops-operator/test/openshift/e2e/ginkgo/parallel/1-109_validate_server_sidecar_test.go:55 @ 05/15/26 06:48:09.068&#xA;STEP: creating namespace &#39;gitops-e2e-test-65bad28a-c5d7&#39; - /testsuites/gitops-operator/test/openshift/e2e/ginkgo/fixture/fixture.go:283 @ 05/15/26 06:48:09.081&#xA;STEP: waiting the for Argo CD Application Controller Pod to be available - /testsuites/gitops-operator/test/openshift/e2e/ginkgo/parallel/1-109_validate_server_sidecar_test.go:82 @ 05/15/26 06:48:09.111&#xA;Object does not exists in ExistByName: argocd-server deployments.apps &#34;argocd-server&#34; not found&#xA;Object exists in ExistByName: argocd-server&#xA;STEP: verifying that sidecar container within Pod has the same value that we set in Argo CD CR - /testsuites/gitops-operator/test/openshift/e2e/ginkgo/parallel/1-109_validate_server_sidecar_test.go:86 @ 05/15/26 06:48:14.144&#xA;Deleting Namespace gitops-e2e-test-65bad28a-c5d7&#xA;&lt; Exit [It] verifies that setting a sidecar in server via ArgoCD CR will cause that sidecar to appear in server Deployment - /testsuites/gitops-operator/test/openshift/e2e/ginkgo/parallel/1-109_validate_server_sidecar_test.go:53 @ 05/15/26 06:48:24.155 (15.087s)&#xA;</system-err>
          </testcase>
          <testcase name="[It] GitOps Operator Parallel E2E Tests 1-004_beta_to_alpha_conversion verifies v1beta1 ArgoCD CR containing Dex SSO values can be converted to v1alpha1" classname="Parallel Test Suite" status="passed" time="33.307275008">
              <system-err>&gt; Enter [BeforeEach] 1-004_beta_to_alpha_conversion - /testsuites/gitops-operator/test/openshift/e2e/ginkgo/parallel/1-004_beta_to_alpha_conversion_test.go:45 @ 05/15/26 06:48:24.156&#xA;ArgoCD status is now Available&#xA;&lt; Exit [BeforeEach] 1-004_beta_to_alpha_conversion - /testsuites/gitops-operator/test/openshift/e2e/ginkgo/parallel/1-004_beta_to_alpha_conversion_test.go:45 @ 05/15/26 06:48:27.194 (3.039s)&#xA;&gt; Enter [It] verifies v1beta1 ArgoCD CR containing Dex SSO values can be converted to v1alpha1 - /testsuites/gitops-operator/test/openshift/e2e/ginkgo/parallel/1-004_beta_to_alpha_conversion_test.go:51 @ 05/15/26 06:48:27.195&#xA;STEP: creating namespace &#39;gitops-e2e-test-41a2ba84-143b&#39; - /testsuites/gitops-operator/test/openshift/e2e/ginkgo/fixture/fixture.go:283 @ 05/15/26 06:48:27.207&#xA;STEP: creating Argo CD with dex and server values via v1beta1 API - /testsuites/gitops-operator/test/openshift/e2e/ginkgo/parallel/1-004_beta_to_alpha_conversion_test.go:61 @ 05/15/26 06:48:27.219&#xA;2026-05-15T06:48:27Z&#x9;INFO&#x9;ArgoCD v1alpha1 version is deprecated and will be converted to v1beta1 automatically. Moving forward, please use v1beta1 as the ArgoCD API version.&#xA;Object exists in ExistByName: argocd&#xA;STEP: verifying expected resources exist using v1alpha1 API - /testsuites/gitops-operator/test/openshift/e2e/ginkgo/parallel/1-004_beta_to_alpha_conversion_test.go:93 @ 05/15/26 06:48:27.278&#xA;2026-05-15T06:48:27Z&#x9;INFO&#x9;ArgoCD v1alpha1 version is deprecated and will be converted to v1beta1 automatically. Moving forward, please use v1beta1 as the ArgoCD API version.&#xA;2026-05-15T06:48:32Z&#x9;INFO&#x9;ArgoCD v1alpha1 version is deprecated and will be converted to v1beta1 automatically. Moving forward, please use v1beta1 as the ArgoCD API version.&#xA;2026-05-15T06:48:37Z&#x9;INFO&#x9;ArgoCD v1alpha1 version is deprecated and will be converted to v1beta1 automatically. Moving forward, please use v1beta1 as the ArgoCD API version.&#xA;2026-05-15T06:48:42Z&#x9;INFO&#x9;ArgoCD v1alpha1 version is deprecated and will be converted to v1beta1 automatically. Moving forward, please use v1beta1 as the ArgoCD API version.&#xA;2026-05-15T06:48:47Z&#x9;INFO&#x9;ArgoCD v1alpha1 version is deprecated and will be converted to v1beta1 automatically. Moving forward, please use v1beta1 as the ArgoCD API version.&#xA;Object exists in ExistByName: argocd-dex-server&#xA;Deployment  argocd-dex-server - HaveReadyReplicas: expected:  1 actual:  1&#xA;STEP: deleting ArgoCD CR via v1alpha1 API - /testsuites/gitops-operator/test/openshift/e2e/ginkgo/parallel/1-004_beta_to_alpha_conversion_test.go:118 @ 05/15/26 06:48:47.371&#xA;2026-05-15T06:48:47Z&#x9;INFO&#x9;ArgoCD v1alpha1 version is deprecated and will be converted to v1beta1 automatically. Moving forward, please use v1beta1 as the ArgoCD API version.&#xA;STEP: verifying ArgoCD CR no long exists via v1alpha1 API - /testsuites/gitops-operator/test/openshift/e2e/ginkgo/parallel/1-004_beta_to_alpha_conversion_test.go:121 @ 05/15/26 06:48:47.404&#xA;2026-05-15T06:48:47Z&#x9;INFO&#x9;ArgoCD v1alpha1 version is deprecated and will be converted to v1beta1 automatically. Moving forward, please use v1beta1 as the ArgoCD API version.&#xA;STEP: verifying ArgoCD CR no long exists via v1beta1 API - /testsuites/gitops-operator/test/openshift/e2e/ginkgo/parallel/1-004_beta_to_alpha_conversion_test.go:124 @ 05/15/26 06:48:47.422&#xA;STEP: verifying dex deployment is deleted as well - /testsuites/gitops-operator/test/openshift/e2e/ginkgo/parallel/1-004_beta_to_alpha_conversion_test.go:127 @ 05/15/26 06:48:47.437&#xA;Deleting Namespace gitops-e2e-test-41a2ba84-143b&#xA;&lt; Exit [It] verifies v1beta1 ArgoCD CR containing Dex SSO values can be converted to v1alpha1 - /testsuites/gitops-operator/test/openshift/e2e/ginkgo/parallel/1-004_beta_to_alpha_conversion_test.go:51 @ 05/15/26 06:48:57.463 (30.268s)&#xA;</system-err>
          </testcase>
          <testcase name="[It] GitOps Operator Parallel E2E Tests 1-098_validate_dex_clientsecret_deprecated validates that dex client secret is properly copied from service account token to argocd-secret" classname="Parallel Test Suite" status="passed" time="53.211463491">
              <system-err>&gt; Enter [BeforeEach] 1-098_validate_dex_clientsecret_deprecated - /testsuites/gitops-operator/test/openshift/e2e/ginkgo/parallel/1-098_validate_dex_clientsecret_deprecated.go:45 @ 05/15/26 06:48:57.464&#xA;ArgoCD status is now Available&#xA;&lt; Exit [BeforeEach] 1-098_validate_dex_clientsecret_deprecated - /testsuites/gitops-operator/test/openshift/e2e/ginkgo/parallel/1-098_validate_dex_clientsecret_deprecated.go:45 @ 05/15/26 06:49:00.498 (3.035s)&#xA;&gt; Enter [It] validates that dex client secret is properly copied from service account token to argocd-secret - /testsuites/gitops-operator/test/openshift/e2e/ginkgo/parallel/1-098_validate_dex_clientsecret_deprecated.go:52 @ 05/15/26 06:49:00.499&#xA;STEP: creating namespace &#39;gitops-e2e-test-041a4fe8-f8e2&#39; - /testsuites/gitops-operator/test/openshift/e2e/ginkgo/fixture/fixture.go:283 @ 05/15/26 06:49:00.511&#xA;STEP: creating ArgoCD CR with dex SSO enabled using openShiftOAuth - /testsuites/gitops-operator/test/openshift/e2e/ginkgo/parallel/1-098_validate_dex_clientsecret_deprecated.go:58 @ 05/15/26 06:49:00.518&#xA;STEP: verifying ArgoCD instance reaches Available phase - /testsuites/gitops-operator/test/openshift/e2e/ginkgo/parallel/1-098_validate_dex_clientsecret_deprecated.go:75 @ 05/15/26 06:49:00.538&#xA;ArgoCD status is not yet Available&#xA;ArgoCD status is not yet Available&#xA;ArgoCD status is not yet Available&#xA;ArgoCD status is not yet Available&#xA;ArgoCD status is not yet Available&#xA;ArgoCD status is now Available&#xA;STEP: verifying dex server service account exists - /testsuites/gitops-operator/test/openshift/e2e/ginkgo/parallel/1-098_validate_dex_clientsecret_deprecated.go:78 @ 05/15/26 06:49:35.641&#xA;Object exists in ExistByName: example-argocd-argocd-dex-server&#xA;STEP: validating that the Dex Client Secret was copied from dex serviceaccount token secret to argocd-secret, by the operator - /testsuites/gitops-operator/test/openshift/e2e/ginkgo/parallel/1-098_validate_dex_clientsecret_deprecated.go:87 @ 05/15/26 06:49:35.654&#xA;Deleting Namespace gitops-e2e-test-041a4fe8-f8e2&#xA;&lt; Exit [It] validates that dex client secret is properly copied from service account token to argocd-secret - /testsuites/gitops-operator/test/openshift/e2e/ginkgo/parallel/1-098_validate_dex_clientsecret_deprecated.go:52 @ 05/15/26 06:49:50.675 (50.176s)&#xA;</system-err>
          </testcase>
          <testcase name="[It] GitOps Operator Parallel E2E Tests 1-120_validate_banner verifies ArgoCD banner configuration is applied to ArgoCD CR and ConfigMap" classname="Parallel Test Suite" status="passed" time="74.337767953">
              <system-err>&gt; Enter [BeforeEach] 1-120_validate_banner - /testsuites/gitops-operator/test/openshift/e2e/ginkgo/parallel/1-120_validate_banner_test.go:46 @ 05/15/26 06:49:50.676&#xA;ArgoCD status is now Available&#xA;&lt; Exit [BeforeEach] 1-120_validate_banner - /testsuites/gitops-operator/test/openshift/e2e/ginkgo/parallel/1-120_validate_banner_test.go:46 @ 05/15/26 06:49:53.718 (3.042s)&#xA;&gt; Enter [It] verifies ArgoCD banner configuration is applied to ArgoCD CR and ConfigMap - /testsuites/gitops-operator/test/openshift/e2e/ginkgo/parallel/1-120_validate_banner_test.go:60 @ 05/15/26 06:49:53.718&#xA;STEP: creating simple namespace-scoped Argo CD instance - /testsuites/gitops-operator/test/openshift/e2e/ginkgo/parallel/1-120_validate_banner_test.go:62 @ 05/15/26 06:49:53.718&#xA;STEP: creating namespace &#39;gitops-e2e-test-5c817854-2edc&#39; - /testsuites/gitops-operator/test/openshift/e2e/ginkgo/fixture/fixture.go:283 @ 05/15/26 06:49:53.735&#xA;STEP: waiting for ArgoCD CR to be reconciled and the instance to be ready - /testsuites/gitops-operator/test/openshift/e2e/ginkgo/parallel/1-120_validate_banner_test.go:77 @ 05/15/26 06:49:53.774&#xA;ArgoCD status is not yet Available&#xA;ArgoCD status is not yet Available&#xA;ArgoCD status is not yet Available&#xA;ArgoCD status is not yet Available&#xA;ArgoCD status is not yet Available&#xA;ArgoCD status is now Available&#xA;STEP: configuring banner settings on the ArgoCD server - /testsuites/gitops-operator/test/openshift/e2e/ginkgo/parallel/1-120_validate_banner_test.go:80 @ 05/15/26 06:50:28.888&#xA;STEP: verifying the banner configuration is stored in ArgoCD argocd-cm ConfigMap - /testsuites/gitops-operator/test/openshift/e2e/ginkgo/parallel/1-120_validate_banner_test.go:90 @ 05/15/26 06:50:35.913&#xA;✓ Found correct banner config: ui.bannercontent = This is a test banner for E2E validation&#xA;✓ Found correct banner config: ui.bannerposition = top&#xA;✓ Found correct banner config: ui.bannerpermanent = true&#xA;✓ Found correct banner config: ui.bannerurl = https://argo-cd.readthedocs.io/&#xA;STEP: updating banner settings - /testsuites/gitops-operator/test/openshift/e2e/ginkgo/parallel/1-120_validate_banner_test.go:132 @ 05/15/26 06:50:35.92&#xA;STEP: verifying the updated configuration is applied in ArgoCD CR - /testsuites/gitops-operator/test/openshift/e2e/ginkgo/parallel/1-120_validate_banner_test.go:142 @ 05/15/26 06:50:42.958&#xA;STEP: verifying the updated banner configuration is reflected in ConfigMap and the unchanged ones are preserved - /testsuites/gitops-operator/test/openshift/e2e/ginkgo/parallel/1-120_validate_banner_test.go:163 @ 05/15/26 06:50:42.964&#xA;✓ Found correct updated banner config: ui.bannercontent = Updated banner message&#xA;✓ Found correct updated banner config: ui.bannerposition = top&#xA;✓ Found correct updated banner config: ui.bannerpermanent = true&#xA;✓ Found correct updated banner config: ui.bannerurl = https://updated.example.com&#xA;STEP: removing banner configuration - /testsuites/gitops-operator/test/openshift/e2e/ginkgo/parallel/1-120_validate_banner_test.go:203 @ 05/15/26 06:50:42.969&#xA;STEP: verifying the banner configuration is removed from ArgoCD CR - /testsuites/gitops-operator/test/openshift/e2e/ginkgo/parallel/1-120_validate_banner_test.go:208 @ 05/15/26 06:50:49.996&#xA;STEP: verifying banner fields are removed from ConfigMap - /testsuites/gitops-operator/test/openshift/e2e/ginkgo/parallel/1-120_validate_banner_test.go:222 @ 05/15/26 06:50:50.001&#xA;✓ All banner configuration keys have been removed from ConfigMap&#xA;&lt; Exit [It] verifies ArgoCD banner configuration is applied to ArgoCD CR and ConfigMap - /testsuites/gitops-operator/test/openshift/e2e/ginkgo/parallel/1-120_validate_banner_test.go:60 @ 05/15/26 06:50:50.004 (56.286s)&#xA;&gt; Enter [AfterEach] 1-120_validate_banner - /testsuites/gitops-operator/test/openshift/e2e/ginkgo/parallel/1-120_validate_banner_test.go:52 @ 05/15/26 06:50:50.004&#xA;Deleting Namespace gitops-e2e-test-5c817854-2edc&#xA;&lt; Exit [AfterEach] 1-120_validate_banner - /testsuites/gitops-operator/test/openshift/e2e/ginkgo/parallel/1-120_validate_banner_test.go:52 @ 05/15/26 06:51:05.014 (15.009s)&#xA;</system-err>
          </testcase>
          <testcase name="[It] GitOps Operator Parallel E2E Tests 1-005_validate_route_tls ensures that certificates can be confirmed on server and webhook Routes" classname="Parallel Test Suite" status="passed" time="91.108482949">
              <system-err>&gt; Enter [BeforeEach] 1-005_validate_route_tls - /testsuites/gitops-operator/test/openshift/e2e/ginkgo/parallel/1-005_validate_route_tls_test.go:47 @ 05/15/26 06:51:05.015&#xA;ArgoCD status is now Available&#xA;&lt; Exit [BeforeEach] 1-005_validate_route_tls - /testsuites/gitops-operator/test/openshift/e2e/ginkgo/parallel/1-005_validate_route_tls_test.go:47 @ 05/15/26 06:51:08.056 (3.041s)&#xA;&gt; Enter [It] ensures that certificates can be confirmed on server and webhook Routes - /testsuites/gitops-operator/test/openshift/e2e/ginkgo/parallel/1-005_validate_route_tls_test.go:53 @ 05/15/26 06:51:08.057&#xA;STEP: creating namespace &#39;gitops-e2e-test-3170be28-d8c9&#39; - /testsuites/gitops-operator/test/openshift/e2e/ginkgo/fixture/fixture.go:283 @ 05/15/26 06:51:08.667&#xA;STEP: creating Argo CD with server and appset controller webhook routes - /testsuites/gitops-operator/test/openshift/e2e/ginkgo/parallel/1-005_validate_route_tls_test.go:60 @ 05/15/26 06:51:08.677&#xA;STEP: verifying expected resources exist - /testsuites/gitops-operator/test/openshift/e2e/ginkgo/parallel/1-005_validate_route_tls_test.go:86 @ 05/15/26 06:51:08.702&#xA;ArgoCD status is not yet Available&#xA;ArgoCD status is not yet Available&#xA;ArgoCD status is not yet Available&#xA;ArgoCD status is not yet Available&#xA;ArgoCD status is not yet Available&#xA;ArgoCD status is now Available&#xA;HaveApplicationSetControllerStatus: expected: Running / actual: Running&#xA;HaveServerStatus: expected: Running / actual: Running&#xA;Object exists in ExistByName: example-server&#xA;Object exists in ExistByName: example-appset-webhook&#xA;STEP: setting an embedded certificate and private key in ArgoCD CR - /testsuites/gitops-operator/test/openshift/e2e/ginkgo/parallel/1-005_validate_route_tls_test.go:108 @ 05/15/26 06:51:43.871&#xA;STEP: verifying Routes pick up certificate and key data - /testsuites/gitops-operator/test/openshift/e2e/ginkgo/parallel/1-005_validate_route_tls_test.go:191 @ 05/15/26 06:51:50.897&#xA;ArgoCD status is now Available&#xA;HaveApplicationSetControllerStatus: expected: Running / actual: Running&#xA;HaveServerStatus: expected: Running / actual: Running&#xA;STEP: updating ArgoCD to use an external Secret containing certificate and key - /testsuites/gitops-operator/test/openshift/e2e/ginkgo/parallel/1-005_validate_route_tls_test.go:233 @ 05/15/26 06:52:00.961&#xA;STEP: validating that Routes pickup certificate and key from external Secret - /testsuites/gitops-operator/test/openshift/e2e/ginkgo/parallel/1-005_validate_route_tls_test.go:354 @ 05/15/26 06:52:08.003&#xA;STEP: updating the cert/key data of the external secret - /testsuites/gitops-operator/test/openshift/e2e/ginkgo/parallel/1-005_validate_route_tls_test.go:391 @ 05/15/26 06:52:08.017&#xA;STEP: verifying the Routes pick up the updated certificate/key data from the Secret - /testsuites/gitops-operator/test/openshift/e2e/ginkgo/parallel/1-005_validate_route_tls_test.go:468 @ 05/15/26 06:52:08.04&#xA;ArgoCD status is now Available&#xA;HaveApplicationSetControllerStatus: expected: Running / actual: Running&#xA;HaveServerStatus: expected: Running / actual: Running&#xA;Deleting Namespace gitops-e2e-test-3170be28-d8c9&#xA;&lt; Exit [It] ensures that certificates can be confirmed on server and webhook Routes - /testsuites/gitops-operator/test/openshift/e2e/ginkgo/parallel/1-005_validate_route_tls_test.go:53 @ 05/15/26 06:52:36.123 (1m28.067s)&#xA;</system-err>
          </testcase>
          <testcase name="[It] GitOps Operator Parallel E2E Tests 1-113_validate_appcontroller_sidecar ensures that a sidecar can be added to App Controller container via ArgoCD CR" classname="Parallel Test Suite" status="passed" time="23.121110521">
              <system-err>&gt; Enter [BeforeEach] 1-113_validate_appcontroller_sidecar - /testsuites/gitops-operator/test/openshift/e2e/ginkgo/parallel/1-113_validate_appcontroller_sidecar_test.go:43 @ 05/15/26 06:52:36.124&#xA;ArgoCD status is now Available&#xA;&lt; Exit [BeforeEach] 1-113_validate_appcontroller_sidecar - /testsuites/gitops-operator/test/openshift/e2e/ginkgo/parallel/1-113_validate_appcontroller_sidecar_test.go:43 @ 05/15/26 06:52:39.161 (3.037s)&#xA;&gt; Enter [It] ensures that a sidecar can be added to App Controller container via ArgoCD CR - /testsuites/gitops-operator/test/openshift/e2e/ginkgo/parallel/1-113_validate_appcontroller_sidecar_test.go:51 @ 05/15/26 06:52:39.161&#xA;STEP: creating an ArgoCD CR containing a app controller sidecar container - /testsuites/gitops-operator/test/openshift/e2e/ginkgo/parallel/1-113_validate_appcontroller_sidecar_test.go:53 @ 05/15/26 06:52:39.161&#xA;STEP: creating namespace &#39;gitops-e2e-test-f8317a14-bb12&#39; - /testsuites/gitops-operator/test/openshift/e2e/ginkgo/fixture/fixture.go:283 @ 05/15/26 06:52:39.173&#xA;STEP: verifying the controller Pod contains that sidecar container added above - /testsuites/gitops-operator/test/openshift/e2e/ginkgo/parallel/1-113_validate_appcontroller_sidecar_test.go:82 @ 05/15/26 06:52:39.198&#xA;Object does not exists in ExistByName: argocd-application-controller-0 pods &#34;argocd-application-controller-0&#34; not found&#xA;Object exists in ExistByName: argocd-application-controller-0&#xA;Deleting Namespace gitops-e2e-test-f8317a14-bb12&#xA;&lt; Exit [It] ensures that a sidecar can be added to App Controller container via ArgoCD CR - /testsuites/gitops-operator/test/openshift/e2e/ginkgo/parallel/1-113_validate_appcontroller_sidecar_test.go:51 @ 05/15/26 06:52:59.245 (20.084s)&#xA;</system-err>
          </testcase>
          <testcase name="[It] GitOps Operator Parallel E2E Tests 1-061_validate_resource_tracking_method verifies .spec.resourceTrackingMethod can be used to configure Argo CD instance, and the value is set in argocd-cm ConfigMap" classname="Parallel Test Suite" status="passed" time="74.338874277">
              <system-err>&gt; Enter [BeforeEach] 1-061_validate_resource_tracking_method - /testsuites/gitops-operator/test/openshift/e2e/ginkgo/parallel/1-061_validate_resource_tracking_method_test.go:44 @ 05/15/26 06:52:59.246&#xA;ArgoCD status is now Available&#xA;&lt; Exit [BeforeEach] 1-061_validate_resource_tracking_method - /testsuites/gitops-operator/test/openshift/e2e/ginkgo/parallel/1-061_validate_resource_tracking_method_test.go:44 @ 05/15/26 06:53:02.282 (3.036s)&#xA;&gt; Enter [It] verifies .spec.resourceTrackingMethod can be used to configure Argo CD instance, and the value is set in argocd-cm ConfigMap - /testsuites/gitops-operator/test/openshift/e2e/ginkgo/parallel/1-061_validate_resource_tracking_method_test.go:51 @ 05/15/26 06:53:02.282&#xA;STEP: creating simple namespace-scoped Argo CD instance - /testsuites/gitops-operator/test/openshift/e2e/ginkgo/parallel/1-061_validate_resource_tracking_method_test.go:53 @ 05/15/26 06:53:02.282&#xA;STEP: creating namespace &#39;gitops-e2e-test-d8395169-5780&#39; - /testsuites/gitops-operator/test/openshift/e2e/ginkgo/fixture/fixture.go:283 @ 05/15/26 06:53:02.297&#xA;STEP: waiting for ArgoCD CR to be reconciled and the instance to be ready - /testsuites/gitops-operator/test/openshift/e2e/ginkgo/parallel/1-061_validate_resource_tracking_method_test.go:69 @ 05/15/26 06:53:02.326&#xA;ArgoCD status is not yet Available&#xA;ArgoCD status is not yet Available&#xA;ArgoCD status is not yet Available&#xA;ArgoCD status is not yet Available&#xA;ArgoCD status is not yet Available&#xA;ArgoCD status is now Available&#xA;STEP: verifying ArgoCD CR defaults to resourceTrackingMethod: annotation - /testsuites/gitops-operator/test/openshift/e2e/ginkgo/parallel/1-061_validate_resource_tracking_method_test.go:72 @ 05/15/26 06:53:37.427&#xA;Object exists in ExistByName: argocd-cm&#xA;HaveStringDataKeyValue: ConfigMag key application.resourceTrackingMethod Have: annotation Expected: annotation&#xA;STEP: verifying we can switch ArgoCD CR to resourceTrackingMethod: label, and the ConfigMap will be updated - /testsuites/gitops-operator/test/openshift/e2e/ginkgo/parallel/1-061_validate_resource_tracking_method_test.go:78 @ 05/15/26 06:53:37.454&#xA;HaveStringDataKeyValue: ConfigMag key application.resourceTrackingMethod Have: label Expected: label&#xA;STEP: verifying we can switch ArgoCD CR to resourceTrackingMethod: annotation+label, and the ConfigMap will be updated - /testsuites/gitops-operator/test/openshift/e2e/ginkgo/parallel/1-061_validate_resource_tracking_method_test.go:85 @ 05/15/26 06:53:44.496&#xA;HaveStringDataKeyValue: ConfigMag key application.resourceTrackingMethod Have: annotation+label Expected: annotation+label&#xA;STEP: verifying if an invalid method is specified, then the default is used - /testsuites/gitops-operator/test/openshift/e2e/ginkgo/parallel/1-061_validate_resource_tracking_method_test.go:93 @ 05/15/26 06:53:51.536&#xA;HaveStringDataKeyValue: ConfigMag key application.resourceTrackingMethod Have: annotation Expected: annotation&#xA;Deleting Namespace gitops-e2e-test-d8395169-5780&#xA;&lt; Exit [It] verifies .spec.resourceTrackingMethod can be used to configure Argo CD instance, and the value is set in argocd-cm ConfigMap - /testsuites/gitops-operator/test/openshift/e2e/ginkgo/parallel/1-061_validate_resource_tracking_method_test.go:51 @ 05/15/26 06:54:13.585 (1m11.303s)&#xA;</system-err>
          </testcase>
          <testcase name="[It] GitOps Operator Parallel E2E Tests 1-055_validate_notification_controller ensure that sourceNamespace resources are not created for namespace-scoped instance" classname="Parallel Test Suite" status="passed" time="33.272573354">
              <system-err>&gt; Enter [BeforeEach] 1-055_validate_notification_controller - /testsuites/gitops-operator/test/openshift/e2e/ginkgo/parallel/1-055_validate_notification_controller_test.go:48 @ 05/15/26 06:54:13.586&#xA;ArgoCD status is now Available&#xA;&lt; Exit [BeforeEach] 1-055_validate_notification_controller - /testsuites/gitops-operator/test/openshift/e2e/ginkgo/parallel/1-055_validate_notification_controller_test.go:48 @ 05/15/26 06:54:16.623 (3.037s)&#xA;&gt; Enter [It] ensure that sourceNamespace resources are not created for namespace-scoped instance - /testsuites/gitops-operator/test/openshift/e2e/ginkgo/parallel/1-055_validate_notification_controller_test.go:175 @ 05/15/26 06:54:16.624&#xA;STEP: creating test namespaces - /testsuites/gitops-operator/test/openshift/e2e/ginkgo/parallel/1-055_validate_notification_controller_test.go:177 @ 05/15/26 06:54:16.624&#xA;STEP: creating namespace &#39;foo-src-ns&#39; - /testsuites/gitops-operator/test/openshift/e2e/ginkgo/fixture/fixture.go:283 @ 05/15/26 06:54:16.638&#xA;STEP: creating namespace-scoped Argo CD instance with sourceNamespaces - /testsuites/gitops-operator/test/openshift/e2e/ginkgo/parallel/1-055_validate_notification_controller_test.go:181 @ 05/15/26 06:54:16.646&#xA;STEP: creating namespace &#39;1-055-src-ns-test&#39; - /testsuites/gitops-operator/test/openshift/e2e/ginkgo/fixture/fixture.go:283 @ 05/15/26 06:54:16.66&#xA;STEP: verifying Argo CD and notification controller start as expected - /testsuites/gitops-operator/test/openshift/e2e/ginkgo/parallel/1-055_validate_notification_controller_test.go:200 @ 05/15/26 06:54:16.692&#xA;HaveNotificationControllerStatus: expected: Running / actual: &#xA;HaveNotificationControllerStatus: expected: Running / actual: Running&#xA;STEP: verifying that sourceNamespace cmd args don&#39;t exist - /testsuites/gitops-operator/test/openshift/e2e/ginkgo/parallel/1-055_validate_notification_controller_test.go:203 @ 05/15/26 06:54:21.74&#xA;Object exists in ExistByName: example-argocd-notifications-controller&#xA;STEP: verifying sourceNamespace rbac resources are not created - /testsuites/gitops-operator/test/openshift/e2e/ginkgo/parallel/1-055_validate_notification_controller_test.go:224 @ 05/15/26 06:54:21.777&#xA;Deleting Namespace 1-055-src-ns-test&#xA;Deleting Namespace foo-src-ns&#xA;&lt; Exit [It] ensure that sourceNamespace resources are not created for namespace-scoped instance - /testsuites/gitops-operator/test/openshift/e2e/ginkgo/parallel/1-055_validate_notification_controller_test.go:175 @ 05/15/26 06:54:46.858 (30.235s)&#xA;</system-err>
          </testcase>
          <testcase name="[It] GitOps Operator Parallel E2E Tests 1-048_validate_controller_sharding verifies that enabling sharding with 3 replicas causes Application Controller to split to 3 replicas, and disabling reverts to 1" classname="Parallel Test Suite" status="passed" time="93.447845752">
              <system-err>&gt; Enter [BeforeEach] 1-048_validate_controller_sharding - /testsuites/gitops-operator/test/openshift/e2e/ginkgo/parallel/1-048_validate_controller_sharding_test.go:46 @ 05/15/26 06:54:46.86&#xA;ArgoCD status is now Available&#xA;&lt; Exit [BeforeEach] 1-048_validate_controller_sharding - /testsuites/gitops-operator/test/openshift/e2e/ginkgo/parallel/1-048_validate_controller_sharding_test.go:46 @ 05/15/26 06:54:49.893 (3.033s)&#xA;&gt; Enter [It] verifies that enabling sharding with 3 replicas causes Application Controller to split to 3 replicas, and disabling reverts to 1 - /testsuites/gitops-operator/test/openshift/e2e/ginkgo/parallel/1-048_validate_controller_sharding_test.go:53 @ 05/15/26 06:54:49.893&#xA;STEP: creating simple namespace-scoped Argo CD instance - /testsuites/gitops-operator/test/openshift/e2e/ginkgo/parallel/1-048_validate_controller_sharding_test.go:55 @ 05/15/26 06:54:49.893&#xA;STEP: creating namespace &#39;gitops-e2e-test-b1d1097b-474f&#39; - /testsuites/gitops-operator/test/openshift/e2e/ginkgo/fixture/fixture.go:283 @ 05/15/26 06:54:49.904&#xA;STEP: waiting for ArgoCD CR to be reconciled and the instance to be ready - /testsuites/gitops-operator/test/openshift/e2e/ginkgo/parallel/1-048_validate_controller_sharding_test.go:65 @ 05/15/26 06:54:49.941&#xA;ArgoCD status is not yet Available&#xA;ArgoCD status is not yet Available&#xA;ArgoCD status is not yet Available&#xA;ArgoCD status is not yet Available&#xA;ArgoCD status is not yet Available&#xA;ArgoCD status is now Available&#xA;STEP: enabling sharding with 3 replicas - /testsuites/gitops-operator/test/openshift/e2e/ginkgo/parallel/1-048_validate_controller_sharding_test.go:68 @ 05/15/26 06:55:25.046&#xA;STEP: checking all 3 replica pods exist - /testsuites/gitops-operator/test/openshift/e2e/ginkgo/parallel/1-048_validate_controller_sharding_test.go:76 @ 05/15/26 06:55:32.069&#xA;Object exists in ExistByName: argocd-application-controller-0&#xA;Object exists in ExistByName: argocd-application-controller-1&#xA;Object does not exists in ExistByName: argocd-application-controller-2 pods &#34;argocd-application-controller-2&#34; not found&#xA;Object does not exists in ExistByName: argocd-application-controller-2 pods &#34;argocd-application-controller-2&#34; not found&#xA;Object exists in ExistByName: argocd-application-controller-2&#xA;ArgoCD status is not yet Available&#xA;ArgoCD status is not yet Available&#xA;ArgoCD status is now Available&#xA;STEP: verifying REPLICAS env var is set in app controller StatefulSet - /testsuites/gitops-operator/test/openshift/e2e/ginkgo/parallel/1-048_validate_controller_sharding_test.go:84 @ 05/15/26 06:55:58.213&#xA;Object exists in ExistByName: argocd-application-controller&#xA;STEP: disabling sharding - /testsuites/gitops-operator/test/openshift/e2e/ginkgo/parallel/1-048_validate_controller_sharding_test.go:97 @ 05/15/26 06:55:58.227&#xA;STEP: checking 2nd and 3rd replica pods no longer exist - /testsuites/gitops-operator/test/openshift/e2e/ginkgo/parallel/1-048_validate_controller_sharding_test.go:105 @ 05/15/26 06:56:05.259&#xA;Object does not exists in ExistByName: argocd-application-controller-1 pods &#34;argocd-application-controller-1&#34; not found&#xA;Object does not exists in ExistByName: argocd-application-controller-2 pods &#34;argocd-application-controller-2&#34; not found&#xA;STEP: verifying ARGOCD_CONTROLLER_REPLICAS is no longer present in StatefulSet - /testsuites/gitops-operator/test/openshift/e2e/ginkgo/parallel/1-048_validate_controller_sharding_test.go:111 @ 05/15/26 06:56:05.286&#xA;
[...]
          </testcase>
          <testcase name="[It] GitOps Operator Parallel E2E Tests 1-033_validate_resource_exclusions verifies that resource exclusions can be updated and changes are reflected in the ConfigMap" classname="Parallel Test Suite" status="passed" time="67.270781608">
              <system-err>&gt; Enter [BeforeEach] 1-033_validate_resource_exclusions - /testsuites/gitops-operator/test/openshift/e2e/ginkgo/parallel/1-033_validate_resource_exclusions_test.go:45 @ 05/15/26 06:57:01.698&#xA;ArgoCD status is now Available&#xA;&lt; Exit [BeforeEach] 1-033_validate_resource_exclusions - /testsuites/gitops-operator/test/openshift/e2e/ginkgo/parallel/1-033_validate_resource_exclusions_test.go:45 @ 05/15/26 06:57:04.734 (3.036s)&#xA;&gt; Enter [It] verifies that resource exclusions can be updated and changes are reflected in the ConfigMap - /testsuites/gitops-operator/test/openshift/e2e/ginkgo/parallel/1-033_validate_resource_exclusions_test.go:272 @ 05/15/26 06:57:04.734&#xA;STEP: creating namespace-scoped Argo CD instance - /testsuites/gitops-operator/test/openshift/e2e/ginkgo/parallel/1-033_validate_resource_exclusions_test.go:274 @ 05/15/26 06:57:04.734&#xA;STEP: creating namespace &#39;gitops-e2e-test-9f2d60ae-f0b9&#39; - /testsuites/gitops-operator/test/openshift/e2e/ginkgo/fixture/fixture.go:283 @ 05/15/26 06:57:04.747&#xA;STEP: waiting for ArgoCD CR to be reconciled and the instance to be ready - /testsuites/gitops-operator/test/openshift/e2e/ginkgo/parallel/1-033_validate_resource_exclusions_test.go:284 @ 05/15/26 06:57:04.774&#xA;ArgoCD status is not yet Available&#xA;ArgoCD status is not yet Available&#xA;ArgoCD status is not yet Available&#xA;ArgoCD status is not yet Available&#xA;ArgoCD status is not yet Available&#xA;ArgoCD status is now Available&#xA;STEP: setting initial resource exclusions - /testsuites/gitops-operator/test/openshift/e2e/ginkgo/parallel/1-033_validate_resource_exclusions_test.go:287 @ 05/15/26 06:57:39.878&#xA;STEP: verifying initial resource exclusions are applied - /testsuites/gitops-operator/test/openshift/e2e/ginkgo/parallel/1-033_validate_resource_exclusions_test.go:299 @ 05/15/26 06:57:46.901&#xA;HaveStringDataKeyValue: ConfigMag key resource.exclusions&#xA;Have:&#xA;|- apiGroups:&#xA;    - tekton.dev&#xA;  clusters:&#xA;    - &#39;*&#39;&#xA;  kinds:&#xA;    - TaskRun|&#xA;Expected:&#xA;|- apiGroups:&#xA;    - tekton.dev&#xA;  clusters:&#xA;    - &#39;*&#39;&#xA;  kinds:&#xA;    - TaskRun|&#xA;STEP: updating resource exclusions with additional API groups and kinds - /testsuites/gitops-operator/test/openshift/e2e/ginkgo/parallel/1-033_validate_resource_exclusions_test.go:307 @ 05/15/26 06:57:46.917&#xA;STEP: verifying updated resource exclusions are applied - /testsuites/gitops-operator/test/openshift/e2e/ginkgo/parallel/1-033_validate_resource_exclusions_test.go:325 @ 05/15/26 06:57:53.942&#xA;HaveStringDataKeyValue: ConfigMag key resource.exclusions&#xA;Have:&#xA;|- apiGroups:&#xA;    - tekton.dev&#xA;  clusters:&#xA;    - &#39;*&#39;&#xA;  kinds:&#xA;    - TaskRun&#xA;    - PipelineRun&#xA;- apiGroups:&#xA;    - cert-manager.io&#xA;  clusters:&#xA;    - &#39;*&#39;&#xA;  kinds:&#xA;    - Certificate&#xA;    - CertificateRequest|&#xA;Expected:&#xA;|- apiGroups:&#xA;    - tekton.dev&#xA;  clusters:&#xA;    - &#39;*&#39;&#xA;  kinds:&#xA;    - TaskRun&#xA;    - PipelineRun&#xA;- apiGroups:&#xA;    - cert-manager.io&#xA;  clusters:&#xA;    - &#39;*&#39;&#xA;  kinds:&#xA;    - Certificate&#xA;    - CertificateRequest|&#xA;STEP: verifying updated resource exclusions have exactly 2 entries - /testsuites/gitops-operator/test/openshift/e2e/ginkgo/parallel/1-033_validate_resource_exclusions_test.go:341 @ 05/15/26 06:57:53.957&#xA;Deleting Namespace gitops-e2e-test-9f2d60ae-f0b9&#xA;&lt; Exit [It] verifies that resource exclusions can be updated and changes are reflected in the ConfigMap - /testsuites/gitops-operator/test/openshift/e2e/ginkgo/parallel/1-033_validate_resource_exclusions_test.go:272 @ 05/15/26 06:58:08.968 (1m4.234s)&#xA;</system-err>
          </testcase>
          <testcase name="[It] GitOps Operator Parallel E2E Tests 1-108_validate_appcontroller_sidecar verifies that setting a sidecar in application controller via ArgoCD CR will cause that sidecar to appear in application controller StatefulSet" classname="Parallel Test Suite" status="passed" time="23.111987292">
              <system-err>&gt; Enter [BeforeEach] 1-108_validate_appcontroller_sidecar - /testsuites/gitops-operator/test/openshift/e2e/ginkgo/parallel/1-108_validate_appcontroller_sidecar_test.go:44 @ 05/15/26 06:58:08.97&#xA;ArgoCD status is now Available&#xA;&lt; Exit [BeforeEach] 1-108_validate_appcontroller_sidecar - /testsuites/gitops-operator/test/openshift/e2e/ginkgo/parallel/1-108_validate_appcontroller_sidecar_test.go:44 @ 05/15/26 06:58:12.004 (3.034s)&#xA;&gt; Enter [It] verifies that setting a sidecar in application controller via ArgoCD CR will cause that sidecar to appear in application controller StatefulSet - /testsuites/gitops-operator/test/openshift/e2e/ginkgo/parallel/1-108_validate_appcontroller_sidecar_test.go:52 @ 05/15/26 06:58:12.004&#xA;STEP: creating an ArgoCD CR with a sidecar in the application controller - /testsuites/gitops-operator/test/openshift/e2e/ginkgo/parallel/1-108_validate_appcontroller_sidecar_test.go:54 @ 05/15/26 06:58:12.004&#xA;STEP: creating namespace &#39;gitops-e2e-test-bd5f3b31-5ebc&#39; - /testsuites/gitops-operator/test/openshift/e2e/ginkgo/fixture/fixture.go:283 @ 05/15/26 06:58:12.016&#xA;STEP: waiting the for Argo CD Application Controller Pod to be available - /testsuites/gitops-operator/test/openshift/e2e/ginkgo/parallel/1-108_validate_appcontroller_sidecar_test.go:81 @ 05/15/26 06:58:12.041&#xA;Object does not exists in ExistByName: argocd-application-controller-0 pods &#34;argocd-application-controller-0&#34; not found&#xA;Object exists in ExistByName: argocd-application-controller-0&#xA;STEP: verifying that sidecar container within Pod has the same value that we set in Argo CD CR - /testsuites/gitops-operator/test/openshift/e2e/ginkgo/parallel/1-108_validate_appcontroller_sidecar_test.go:85 @ 05/15/26 06:58:17.074&#xA;Deleting Namespace gitops-e2e-test-bd5f3b31-5ebc&#xA;&lt; Exit [It] verifies that setting a sidecar in application controller via ArgoCD CR will cause that sidecar to appear in application controller StatefulSet - /testsuites/gitops-operator/test/openshift/e2e/ginkgo/parallel/1-108_validate_appcontroller_sidecar_test.go:52 @ 05/15/26 06:58:32.082 (20.078s)&#xA;</system-err>
          </testcase>
          <testcase name="[It] GitOps Operator Parallel E2E Tests 1-023_validate_repo_server_tls verifying ArgoCD .spec.repo AutoTLS and verifyTLS work as expected" classname="Parallel Test Suite" status="passed" time="100.446317787">
              <system-err>&gt; Enter [BeforeEach] 1-023_validate_repo_server_tls - /testsuites/gitops-operator/test/openshift/e2e/ginkgo/parallel/1-023_validate_repo_server_tls_test.go:52 @ 05/15/26 06:58:32.082&#xA;ArgoCD status is now Available&#xA;&lt; Exit [BeforeEach] 1-023_validate_repo_server_tls - /testsuites/gitops-operator/test/openshift/e2e/ginkgo/parallel/1-023_validate_repo_server_tls_test.go:52 @ 05/15/26 06:58:35.122 (3.04s)&#xA;&gt; Enter [It] verifying ArgoCD .spec.repo AutoTLS and verifyTLS work as expected - /testsuites/gitops-operator/test/openshift/e2e/ginkgo/parallel/1-023_validate_repo_server_tls_test.go:63 @ 05/15/26 06:58:35.122&#xA;STEP: creating a namespace scoped Argo instance with AutoTLS set to &#39;openshift&#39; - /testsuites/gitops-operator/test/openshift/e2e/ginkgo/parallel/1-023_validate_repo_server_tls_test.go:65 @ 05/15/26 06:58:35.122&#xA;STEP: creating namespace &#39;test-1-23-custom&#39; - /testsuites/gitops-operator/test/openshift/e2e/ginkgo/fixture/fixture.go:283 @ 05/15/26 06:58:35.133&#xA;STEP: waiting for ArgoCD CR to be reconciled and ready, and verifying the expected Secret exists - /testsuites/gitops-operator/test/openshift/e2e/ginkgo/parallel/1-023_validate_repo_server_tls_test.go:79 @ 05/15/26 06:58:35.161&#xA;ArgoCD status is not yet Available&#xA;ArgoCD status is not yet Available&#xA;ArgoCD status is not yet Available&#xA;ArgoCD status is not yet Available&#xA;ArgoCD status is not yet Available&#xA;ArgoCD status is now Available&#xA;Object exists in ExistByName: argocd-repo-server-tls&#xA;STEP: enabling verifyTLS in the ArgoCD instance, and checking that the argocd-server Deployment has expected parameters - /testsuites/gitops-operator/test/openshift/e2e/ginkgo/parallel/1-023_validate_repo_server_tls_test.go:85 @ 05/15/26 06:59:10.282&#xA;STEP: waiting for argocd-server deployment rollout to complete after verifyTLS change - /testsuites/gitops-operator/test/openshift/e2e/ginkgo/parallel/1-023_validate_repo_server_tls_test.go:122 @ 05/15/26 06:59:17.321&#xA;Deployment argocd-server - HaveAllReplicasReady: replicas: 2 ready: 1 updated: 1&#xA;Deployment argocd-server - HaveAllReplicasReady: replicas: 2 ready: 1 updated: 1&#xA;Deployment argocd-server - HaveAllReplicasReady: replicas: 2 ready: 1 updated: 1&#xA;Deployment argocd-server - HaveAllReplicasReady: replicas: 2 ready: 1 updated: 1&#xA;Deployment argocd-server - HaveAllReplicasReady: replicas: 2 ready: 1 updated: 1&#xA;Deployment argocd-server - HaveAllReplicasReady: replicas: 1 ready: 1 updated: 1&#xA;STEP: ensuring we can deploy to the namespace via the ArgoCD instance - /testsuites/gitops-operator/test/openshift/e2e/ginkgo/parallel/1-023_validate_repo_server_tls_test.go:126 @ 05/15/26 06:59:42.431&#xA;HaveHealthStatusCode - current health:  / expected health: Healthy&#xA;HaveHealthStatusCode - current health:  / expected health: Healthy&#xA;HaveHealthStatusCode - current health: Progressing / expected health: Healthy&#xA;HaveHealthStatusCode - current health: Healthy / expected health: Healthy&#xA;HaveSyncStatusCode - current syncStatusCode: Synced  / expected syncStatusCode: Synced&#xA;&lt; Exit [It] verifying ArgoCD .spec.repo AutoTLS and verifyTLS work as expected - /testsuites/gitops-operator/test/openshift/e2e/ginkgo/parallel/1-023_validate_repo_server_tls_test.go:63 @ 05/15/26 06:59:57.515 (1m22.393s)&#xA;&gt; Enter [AfterEach] 1-023_validate_repo_server_tls - /testsuites/gitops-operator/test/openshift/e2e/ginkgo/parallel/1-023_validate_repo_server_tls_test.go:58 @ 05/15/26 06:59:57.516&#xA;Deleting Namespace test-1-23-custom&#xA;&lt; Exit [AfterEach] 1-023_validate_repo_server_tls - /testsuites/gitops-operator/test/openshift/e2e/ginkgo/parallel/1-023_validate_repo_server_tls_test.go:58 @ 05/15/26 07:00:12.529 (15.013s)&#xA;</system-err>
          </testcase>
          <testcase name="[It] GitOps Operator Parallel E2E Tests 1-047_validate_custom_env verifies that .env field of ArgoCD will cause environment variable to be set on corresponding Deployment/StatefulSet" classname="Parallel Test Suite" status="passed" time="60.274618764">
              <system-err>&gt; Enter [BeforeEach] 1-047_validate_custom_env - /testsuites/gitops-operator/test/openshift/e2e/ginkgo/parallel/1-047_validate_custom_env_test.go:47 @ 05/15/26 07:00:12.53&#xA;ArgoCD status is now Available&#xA;&lt; Exit [BeforeEach] 1-047_validate_custom_env - /testsuites/gitops-operator/test/openshift/e2e/ginkgo/parallel/1-047_validate_custom_env_test.go:47 @ 05/15/26 07:00:15.569 (3.04s)&#xA;&gt; Enter [It] verifies that .env field of ArgoCD will cause environment variable to be set on corresponding Deployment/StatefulSet - /testsuites/gitops-operator/test/openshift/e2e/ginkgo/parallel/1-047_validate_custom_env_test.go:53 @ 05/15/26 07:00:15.57&#xA;STEP: creating simple namespace-scoped Argo CD instance - /testsuites/gitops-operator/test/openshift/e2e/ginkgo/parallel/1-047_validate_custom_env_test.go:55 @ 05/15/26 07:00:15.57&#xA;STEP: creating namespace &#39;gitops-e2e-test-09eb8f29-661d&#39; - /testsuites/gitops-operator/test/openshift/e2e/ginkgo/fixture/fixture.go:283 @ 05/15/26 07:00:15.583&#xA;STEP: waiting for ArgoCD CR to be reconciled and the instance to be ready - /testsuites/gitops-operator/test/openshift/e2e/ginkgo/parallel/1-047_validate_custom_env_test.go:65 @ 05/15/26 07:00:15.606&#xA;ArgoCD status is not yet Available&#xA;ArgoCD status is not yet Available&#xA;ArgoCD status is not yet Available&#xA;ArgoCD status is not yet Available&#xA;ArgoCD status is not yet Available&#xA;ArgoCD status is now Available&#xA;STEP: setting env vars on ArgoCD for repo, server, and controller  - /testsuites/gitops-operator/test/openshift/e2e/ginkgo/parallel/1-047_validate_custom_env_test.go:68 @ 05/15/26 07:00:50.711&#xA;STEP: verifying the Deployment argocd-server has expected env var - /testsuites/gitops-operator/test/openshift/e2e/ginkgo/parallel/1-047_validate_custom_env_test.go:79 @ 05/15/26 07:00:57.737&#xA;HaveContainerWithEnvVar - Key  FOO  Expected: bar Actual: bar&#xA;STEP: verifying the Deployment argocd-repo-server has expected env var - /testsuites/gitops-operator/test/openshift/e2e/ginkgo/parallel/1-047_validate_custom_env_test.go:79 @ 05/15/26 07:00:57.754&#xA;HaveContainerWithEnvVar - Key  FOO  Expected: bar Actual: bar&#xA;STEP: verifying the StatefulSet argocd-application-controller has expected env var - /testsuites/gitops-operator/test/openshift/e2e/ginkgo/parallel/1-047_validate_custom_env_test.go:85 @ 05/15/26 07:00:57.769&#xA;Object exists in ExistByName: argocd-application-controller&#xA;HaveContainerWithEnvVar - Key  FOO  Expected: bar Actual: bar&#xA;Deleting Namespace gitops-e2e-test-09eb8f29-661d&#xA;&lt; Exit [It] verifies that .env field of ArgoCD will cause environment variable to be set on corresponding Deployment/StatefulSet - /testsuites/gitops-operator/test/openshift/e2e/ginkgo/parallel/1-047_validate_custom_env_test.go:53 @ 05/15/26 07:01:12.804 (57.235s)&#xA;</system-err>
          </testcase>
          <testcase name="[It] GitOps Operator Parallel E2E Tests 1-117_redis_SA_reconciliation verifies that the Argo CD Redis Deployment has the expected service account name, and if the SA name is modified, it is reverted" classname="Parallel Test Suite" status="passed" time="66.332820744">
              <system-err>&gt; Enter [BeforeEach] 1-117_redis_SA_reconciliation - /testsuites/gitops-operator/test/openshift/e2e/ginkgo/parallel/1-117_redis_SA_reconciliation_test.go:46 @ 05/15/26 07:01:12.805&#xA;ArgoCD status is now Available&#xA;&lt; Exit [BeforeEach] 1-117_redis_SA_reconciliation - /testsuites/gitops-operator/test/openshift/e2e/ginkgo/parallel/1-117_redis_SA_reconciliation_test.go:46 @ 05/15/26 07:01:15.843 (3.038s)&#xA;&gt; Enter [It] verifies that the Argo CD Redis Deployment has the expected service account name, and if the SA name is modified, it is reverted - /testsuites/gitops-operator/test/openshift/e2e/ginkgo/parallel/1-117_redis_SA_reconciliation_test.go:54 @ 05/15/26 07:01:15.843&#xA;STEP: creating basic Argo CD instance and waiting for it to be available - /testsuites/gitops-operator/test/openshift/e2e/ginkgo/parallel/1-117_redis_SA_reconciliation_test.go:56 @ 05/15/26 07:01:15.843&#xA;STEP: creating namespace &#39;gitops-e2e-test-999f4096-d344&#39; - /testsuites/gitops-operator/test/openshift/e2e/ginkgo/fixture/fixture.go:283 @ 05/15/26 07:01:15.856&#xA;Namespace - HavePhase: Expected: Active / Actual: Active&#xA;ArgoCD status is not yet Available&#xA;ArgoCD status is not yet Available&#xA;ArgoCD status is not yet Available&#xA;ArgoCD status is not yet Available&#xA;ArgoCD status is not yet Available&#xA;ArgoCD status is now Available&#xA;STEP: waiting for redis deployment to become ready and verifying it has the correct service account name - /testsuites/gitops-operator/test/openshift/e2e/ginkgo/parallel/1-117_redis_SA_reconciliation_test.go:68 @ 05/15/26 07:01:51.008&#xA;Object exists in ExistByName: argocd-example-redis&#xA;Deployment HaveAvailableReplicas: expected:  1 actual:  1&#xA;Deployment  argocd-example-redis - HaveReadyReplicas: expected:  1 actual:  1&#xA;Deployment argocd-example-redis - HaveReplicas: expected:  1 actual:  1&#xA;Deployment HaveUpdatedReplicas: expected:  1 actual:  1&#xA;STEP: modifying the service account name of the Deployment, simulating a user (or another process besides the opereator) modifying this value - /testsuites/gitops-operator/test/openshift/e2e/ginkgo/parallel/1-117_redis_SA_reconciliation_test.go:84 @ 05/15/26 07:01:51.073&#xA;STEP: verifying the operator reverts the service account of the deployment back to the expected value - /testsuites/gitops-operator/test/openshift/e2e/ginkgo/parallel/1-117_redis_SA_reconciliation_test.go:90 @ 05/15/26 07:01:51.095&#xA;HaveServiceAccountName - Expected: argocd-example-argocd-redis Actual: argocd-instance-2-argocd-redis / argocd-instance-2-argocd-redis&#xA;HaveServiceAccountName - Expected: argocd-example-argocd-redis Actual: argocd-example-argocd-redis / argocd-example-argocd-redis&#xA;HaveServiceAccountName - Expected: argocd-example-argocd-redis Actual: argocd-example-argocd-redis / argocd-example-argocd-redis&#xA;HaveServiceAccountName - Expected: argocd-example-argocd-redis Actual: argocd-example-argocd-redis / argocd-example-argocd-redis&#xA;HaveServiceAccountName - Expected: argocd-example-argocd-redis Actual: argocd-example-argocd-redis / argocd-example-argocd-redis&#xA;HaveServiceAccountName - Expected: argocd-example-argocd-redis Actual: argocd-example-argocd-redis / argocd-example-argocd-redis&#xA;HaveServiceAccountName - Expected: argocd-example-argocd-redis Actual: argocd-example-argocd-redis / argocd-example-argocd-redis&#xA;HaveServiceAccountName - Expected: argocd-example-argocd-redis Actual: argocd-example-argocd-redis / argocd-example-argocd-redis&#xA;HaveServiceAccountName - Expected: argocd-example-argocd-redis Actual: argocd-example-argocd-redis / argocd-example-argocd-redis&#xA;HaveServiceAccountName - Expected: argocd-example-argocd-redis Actual: argocd-example-argocd-redis / argocd-example-argocd-redis&#xA;HaveServiceAccountName - Expected: argocd-example-argocd-redis Actual: argocd-example-argocd-redis / argocd-example-argocd-redis&#xA;HaveServiceAccountName - Expected: argocd-example-argocd-redis Actual: argocd-example-argocd-redis / argocd-example-argocd-redis&#xA;Deleting Namespace gitops-e2e-test-999f4096-d344&#xA;&lt; Exit [It] verifies that the Argo CD Redis Deployment has the expected service account name, and if the SA name is modified, it is reverted - /testsuites/gitops-operator/test/openshift/e2e/ginkgo/parallel/1-117_redis_SA_reconciliation_test.go:54 @ 05/15/26 07:02:19.138 (1m3.295s)&#xA;</system-err>
          </testcase>
          <testcase name="[AfterSuite]" classname="Parallel Test Suite" status="passed" time="0.000121174">
              <system-err>&gt; Enter [AfterSuite] TOP-LEVEL - /testsuites/gitops-operator/test/openshift/e2e/ginkgo/parallel/suite_test.go:50 @ 05/15/26 07:02:19.139&#xA;&lt; Exit [AfterSuite] TOP-LEVEL - /testsuites/gitops-operator/test/openshift/e2e/ginkgo/parallel/suite_test.go:50 @ 05/15/26 07:02:19.139 (0s)&#xA;</system-err>
          </testcase>
      </testsuite>
  </testsuites>